20190816 11:31:02 Acceso correcto usuario usuario
20190816 11:31:02 Obtención correcta areas usuario:1
20190816 11:31:02 Avance correcto proceso 0
20190816 11:31:05 Obtención correcta areas usuario:1
20190816 11:31:13 Obtención correcta areas usuario:1
20190816 12:14:38 Obtención correcta aplicaciones usuario:1 area 1
20190816 12:14:39 Obtención correcta objetosdb usuario:1 app 4
20190816 12:14:40 Obtención incorrecta aplicaciones usuario:1 app 4
20190816 12:14:40 Obtención correcta ObtenIndicaores usuario:1 app 4
20190816 12:35:05 Obtención correcta objetosdb usuario:1 app 4
20190816 12:35:06 Obtención incorrecta aplicaciones usuario:1 app 4
20190816 12:35:06 Obtención correcta ObtenIndicaores usuario:1 app 4
20190816 12:35:08 Obtención correcta objetosdb usuario:1 app 4
20190816 12:35:09 Obtención correcta objetosdb usuario:1 app 4
20190816 12:35:09 Obtención incorrecta aplicaciones usuario:1 app 4
20190816 12:35:09 Obtención incorrecta aplicaciones usuario:1 app 4
20190816 12:35:09 Obtención correcta ObtenIndicaores usuario:1 app 4
20190816 12:35:10 Obtención correcta ObtenIndicaores usuario:1 app 4
20190816 12:35:10 Obtención correcta objetosdb usuario:1 app 4
20190816 12:35:11 Obtención incorrecta aplicaciones usuario:1 app 4
20190816 12:35:11 Obtención correcta ObtenIndicaores usuario:1 app 4
20190816 12:35:11 Obtención correcta objetosdb usuario:1 app 4
20190816 12:35:12 Obtención correcta ObtenIndicaores usuario:1 app 4
20190816 12:35:12 Obtención incorrecta aplicaciones usuario:1 app 4
