20190904 11:21:42 Acceso correcto usuario Usuario
20190904 11:21:42 Obtención correcta areas usuario:1
20190904 11:21:43 Avance correcto proceso 0
20190904 11:31:50 Obtención correcta areas usuario:1
20190904 11:31:50 Avance correcto proceso 0
20190904 11:31:54 Obtención correcta aplicaciones usuario:1 area 16
20190904 11:32:32 actualizaStatus.UploadComplete Cannot apply indexing with [] to an expression of type 'System.Dynamic.DynamicObject'
20190904 11:32:33 Obtención correcta areas usuario:1
20190904 11:32:33 Avance correcto proceso 0
20190904 11:32:47 Obtención correcta areas usuario:1
20190904 11:32:47 Avance correcto proceso 0
20190904 11:32:57 Obtención correcta areas usuario:1
20190904 11:32:57 Avance correcto proceso 0
20190904 11:33:07 Obtención correcta areas usuario:1
20190904 11:33:07 Avance correcto proceso 0
20190904 11:33:17 Obtención correcta areas usuario:1
20190904 11:33:17 Avance correcto proceso 0
20190904 11:33:27 Obtención correcta areas usuario:1
20190904 11:33:27 Avance correcto proceso 0
20190904 11:33:37 Obtención correcta areas usuario:1
20190904 11:33:37 Avance correcto proceso 0
20190904 11:33:47 Obtención correcta areas usuario:1
20190904 11:33:47 Avance correcto proceso 0
20190904 11:33:57 Obtención correcta areas usuario:1
20190904 11:33:57 Avance correcto proceso 0
20190904 11:34:07 Obtención correcta areas usuario:1
20190904 11:34:07 Avance correcto proceso 0
20190904 11:34:17 Obtención correcta areas usuario:1
20190904 11:34:17 Avance correcto proceso 0
20190904 11:34:27 Obtención correcta areas usuario:1
20190904 11:34:27 Avance correcto proceso 0
20190904 11:34:37 Obtención correcta areas usuario:1
20190904 11:34:37 Avance correcto proceso 0
20190904 11:34:47 Obtención correcta areas usuario:1
20190904 11:34:47 Avance correcto proceso 0
20190904 11:34:57 Obtención correcta areas usuario:1
20190904 11:34:57 Avance correcto proceso 0
20190904 11:35:07 Obtención correcta areas usuario:1
20190904 11:35:07 Avance correcto proceso 0
20190904 11:35:17 Obtención correcta areas usuario:1
20190904 11:35:17 Avance correcto proceso 0
20190904 11:35:27 Obtención correcta areas usuario:1
20190904 11:35:27 Avance correcto proceso 0
20190904 11:35:37 Obtención correcta areas usuario:1
20190904 11:35:37 Avance correcto proceso 0
20190904 11:35:47 Obtención correcta areas usuario:1
20190904 11:35:47 Avance correcto proceso 0
20190904 11:35:57 Obtención correcta areas usuario:1
20190904 11:35:57 Avance correcto proceso 0
20190904 11:36:07 Obtención correcta areas usuario:1
20190904 11:36:07 Avance correcto proceso 0
20190904 11:36:17 Obtención correcta areas usuario:1
20190904 11:36:17 Avance correcto proceso 0
20190904 11:36:27 Obtención correcta areas usuario:1
20190904 11:36:27 Avance correcto proceso 0
20190904 11:36:37 Obtención correcta areas usuario:1
20190904 11:36:37 Avance correcto proceso 0
20190904 11:36:47 Obtención correcta areas usuario:1
20190904 11:36:47 Avance correcto proceso 0
20190904 11:36:57 Obtención correcta areas usuario:1
20190904 11:36:57 Avance correcto proceso 0
20190904 11:37:07 Obtención correcta areas usuario:1
20190904 11:37:07 Avance correcto proceso 0
20190904 11:37:17 Obtención correcta areas usuario:1
20190904 11:37:17 Avance correcto proceso 0
20190904 11:37:27 Obtención correcta areas usuario:1
20190904 11:37:27 Avance correcto proceso 0
20190904 11:37:37 Obtención correcta areas usuario:1
20190904 11:37:37 Avance correcto proceso 0
20190904 11:37:47 Obtención correcta areas usuario:1
20190904 11:37:47 Avance correcto proceso 0
20190904 11:37:57 Obtención correcta areas usuario:1
20190904 11:37:57 Avance correcto proceso 0
20190904 11:38:07 Obtención correcta areas usuario:1
20190904 11:38:07 Avance correcto proceso 0
20190904 11:38:17 Obtención correcta areas usuario:1
20190904 11:38:17 Avance correcto proceso 0
20190904 11:38:27 Obtención correcta areas usuario:1
20190904 11:38:27 Avance correcto proceso 0
20190904 11:38:37 Obtención correcta areas usuario:1
20190904 11:38:37 Avance correcto proceso 0
20190904 11:38:47 Obtención correcta areas usuario:1
20190904 11:38:47 Avance correcto proceso 0
20190904 11:38:57 Obtención correcta areas usuario:1
20190904 11:38:57 Avance correcto proceso 0
20190904 11:39:07 Obtención correcta areas usuario:1
20190904 11:39:07 Avance correcto proceso 0
20190904 11:39:17 Obtención correcta areas usuario:1
20190904 11:39:17 Avance correcto proceso 0
20190904 11:39:27 Obtención correcta areas usuario:1
20190904 11:39:27 Avance correcto proceso 0
20190904 11:39:37 Obtención correcta areas usuario:1
20190904 11:39:37 Avance correcto proceso 0
20190904 11:39:47 Obtención correcta areas usuario:1
20190904 11:39:47 Avance correcto proceso 0
20190904 11:39:57 Obtención correcta areas usuario:1
20190904 11:39:57 Avance correcto proceso 0
20190904 11:40:07 Obtención correcta areas usuario:1
20190904 11:40:07 Avance correcto proceso 0
20190904 11:40:17 Obtención correcta areas usuario:1
20190904 11:40:17 Avance correcto proceso 0
20190904 11:40:27 Obtención correcta areas usuario:1
20190904 11:40:27 Avance correcto proceso 0
20190904 11:40:37 Obtención correcta areas usuario:1
20190904 11:40:37 Avance correcto proceso 0
20190904 11:40:47 Obtención correcta areas usuario:1
20190904 11:40:47 Avance correcto proceso 0
20190904 11:40:57 Obtención correcta areas usuario:1
20190904 11:40:57 Avance correcto proceso 0
20190904 11:41:07 Obtención correcta areas usuario:1
20190904 11:41:07 Avance correcto proceso 0
20190904 11:41:17 Obtención correcta areas usuario:1
20190904 11:41:17 Avance correcto proceso 0
20190904 11:41:27 Obtención correcta areas usuario:1
20190904 11:41:27 Avance correcto proceso 0
20190904 11:41:37 Obtención correcta areas usuario:1
20190904 11:41:37 Avance correcto proceso 0
20190904 11:41:47 Obtención correcta areas usuario:1
20190904 11:41:47 Avance correcto proceso 0
20190904 11:41:57 Obtención correcta areas usuario:1
20190904 11:41:57 Avance correcto proceso 0
20190904 11:42:07 Obtención correcta areas usuario:1
20190904 11:42:07 Avance correcto proceso 0
20190904 11:42:17 Obtención correcta areas usuario:1
20190904 11:42:17 Avance correcto proceso 0
20190904 11:42:27 Obtención correcta areas usuario:1
20190904 11:42:27 Avance correcto proceso 0
20190904 11:42:37 Obtención correcta areas usuario:1
20190904 11:42:37 Avance correcto proceso 0
20190904 11:42:47 Obtención correcta areas usuario:1
20190904 11:42:47 Avance correcto proceso 0
20190904 11:42:57 Obtención correcta areas usuario:1
20190904 11:42:57 Avance correcto proceso 0
20190904 11:43:07 Obtención correcta areas usuario:1
20190904 11:43:07 Avance correcto proceso 0
20190904 11:43:17 Obtención correcta areas usuario:1
20190904 11:43:17 Avance correcto proceso 0
20190904 11:43:27 Obtención correcta areas usuario:1
20190904 11:43:27 Avance correcto proceso 0
20190904 11:43:37 Obtención correcta areas usuario:1
20190904 11:43:37 Avance correcto proceso 0
20190904 11:43:47 Obtención correcta areas usuario:1
20190904 11:43:47 Avance correcto proceso 0
20190904 11:43:57 Obtención correcta areas usuario:1
20190904 11:43:57 Avance correcto proceso 0
20190904 11:44:07 Obtención correcta areas usuario:1
20190904 11:44:07 Avance correcto proceso 0
20190904 11:44:17 Obtención correcta areas usuario:1
20190904 11:44:17 Avance correcto proceso 0
20190904 11:44:27 Obtención correcta areas usuario:1
20190904 11:44:27 Avance correcto proceso 0
20190904 11:44:37 Obtención correcta areas usuario:1
20190904 11:44:37 Avance correcto proceso 0
20190904 11:44:47 Obtención correcta areas usuario:1
20190904 11:44:47 Avance correcto proceso 0
20190904 11:44:57 Obtención correcta areas usuario:1
20190904 11:44:57 Avance correcto proceso 0
20190904 11:45:07 Obtención correcta areas usuario:1
20190904 11:45:07 Avance correcto proceso 0
20190904 11:45:17 Obtención correcta areas usuario:1
20190904 11:45:17 Avance correcto proceso 0
20190904 11:45:27 Obtención correcta areas usuario:1
20190904 11:45:27 Avance correcto proceso 0
20190904 11:45:37 Obtención correcta areas usuario:1
20190904 11:45:37 Avance correcto proceso 0
20190904 11:45:47 Obtención correcta areas usuario:1
20190904 11:45:47 Avance correcto proceso 0
20190904 11:45:57 Obtención correcta areas usuario:1
20190904 11:45:57 Avance correcto proceso 0
20190904 11:46:07 Obtención correcta areas usuario:1
20190904 11:46:07 Avance correcto proceso 0
20190904 11:46:17 Obtención correcta areas usuario:1
20190904 11:46:17 Avance correcto proceso 0
20190904 11:46:27 Obtención correcta areas usuario:1
20190904 11:46:27 Avance correcto proceso 0
20190904 11:46:37 Obtención correcta areas usuario:1
20190904 11:46:37 Avance correcto proceso 0
20190904 11:46:47 Obtención correcta areas usuario:1
20190904 11:46:47 Avance correcto proceso 0
20190904 11:46:57 Obtención correcta areas usuario:1
20190904 11:46:57 Avance correcto proceso 0
20190904 11:47:07 Obtención correcta areas usuario:1
20190904 11:47:07 Avance correcto proceso 0
20190904 11:47:17 Obtención correcta areas usuario:1
20190904 11:47:17 Avance correcto proceso 0
20190904 11:47:27 Obtención correcta areas usuario:1
20190904 11:47:27 Avance correcto proceso 0
20190904 11:47:37 Obtención correcta areas usuario:1
20190904 11:47:37 Avance correcto proceso 0
20190904 11:47:47 Obtención correcta areas usuario:1
20190904 11:47:47 Avance correcto proceso 0
20190904 11:47:57 Obtención correcta areas usuario:1
20190904 11:47:57 Avance correcto proceso 0
20190904 11:48:07 Obtención correcta areas usuario:1
20190904 11:48:07 Avance correcto proceso 0
20190904 11:48:17 Obtención correcta areas usuario:1
20190904 11:48:17 Avance correcto proceso 0
20190904 11:48:27 Obtención correcta areas usuario:1
20190904 11:48:27 Avance correcto proceso 0
20190904 11:48:37 Obtención correcta areas usuario:1
20190904 11:48:37 Avance correcto proceso 0
20190904 11:48:47 Obtención correcta areas usuario:1
20190904 11:48:47 Avance correcto proceso 0
20190904 11:48:57 Obtención correcta areas usuario:1
20190904 11:48:57 Avance correcto proceso 0
20190904 11:49:07 Obtención correcta areas usuario:1
20190904 11:49:07 Avance correcto proceso 0
20190904 11:49:17 Obtención correcta areas usuario:1
20190904 11:49:17 Avance correcto proceso 0
20190904 11:49:27 Obtención correcta areas usuario:1
20190904 11:49:27 Avance correcto proceso 0
20190904 11:49:37 Obtención correcta areas usuario:1
20190904 11:49:37 Avance correcto proceso 0
20190904 11:49:47 Obtención correcta areas usuario:1
20190904 11:49:47 Avance correcto proceso 0
20190904 11:49:57 Obtención correcta areas usuario:1
20190904 11:49:57 Avance correcto proceso 0
20190904 11:50:07 Obtención correcta areas usuario:1
20190904 11:50:07 Avance correcto proceso 0
20190904 11:50:12 Obtención correcta areas usuario:1
20190904 11:50:13 Consulta correcta aplicacion 0
20190904 11:50:20 Obtención correcta areas usuario:1
20190904 11:50:20 Avance correcto proceso 0
20190904 11:50:43 Consulta de Proceso correcta
20190904 14:45:20 Acceso correcto usuario Usuario
20190904 14:45:20 Obtención correcta areas usuario:1
20190904 14:45:20 Avance correcto proceso 0
20190904 14:45:27 Obtención correcta aplicaciones usuario:1 area 16
20190904 14:45:40 actualizaStatus.UploadComplete Cannot apply indexing with [] to an expression of type 'System.Dynamic.DynamicObject'
20190904 14:45:41 Obtención correcta areas usuario:1
20190904 14:45:41 Avance correcto proceso 0
20190904 14:45:50 Obtención correcta areas usuario:1
20190904 14:45:50 Avance correcto proceso 0
20190904 14:46:00 Obtención correcta areas usuario:1
20190904 14:46:00 Avance correcto proceso 0
20190904 14:46:10 Obtención correcta areas usuario:1
20190904 14:46:10 Avance correcto proceso 0
20190904 14:46:20 Obtención correcta areas usuario:1
20190904 14:46:20 Avance correcto proceso 0
20190904 14:46:30 Obtención correcta areas usuario:1
20190904 14:46:30 Avance correcto proceso 0
20190904 14:46:40 Obtención correcta areas usuario:1
20190904 14:46:40 Avance correcto proceso 0
20190904 14:46:50 Obtención correcta areas usuario:1
20190904 14:46:50 Avance correcto proceso 0
20190904 14:47:00 Obtención correcta areas usuario:1
20190904 14:47:00 Avance correcto proceso 0
20190904 14:47:10 Obtención correcta areas usuario:1
20190904 14:47:10 Avance correcto proceso 0
20190904 14:47:20 Obtención correcta areas usuario:1
20190904 14:47:20 Avance correcto proceso 0
20190904 14:47:30 Obtención correcta areas usuario:1
20190904 14:47:30 Avance correcto proceso 0
20190904 14:47:40 Obtención correcta areas usuario:1
20190904 14:47:40 Avance correcto proceso 0
20190904 14:47:50 Obtención correcta areas usuario:1
20190904 14:47:50 Avance correcto proceso 0
20190904 14:48:00 Obtención correcta areas usuario:1
20190904 14:48:00 Avance correcto proceso 0
20190904 14:48:10 Obtención correcta areas usuario:1
20190904 14:48:10 Avance correcto proceso 0
20190904 14:48:20 Obtención correcta areas usuario:1
20190904 14:48:20 Avance correcto proceso 0
20190904 14:48:30 Obtención correcta areas usuario:1
20190904 14:48:30 Avance correcto proceso 0
20190904 14:48:40 Obtención correcta areas usuario:1
20190904 14:48:40 Avance correcto proceso 0
20190904 14:48:50 Obtención correcta areas usuario:1
20190904 14:48:50 Avance correcto proceso 0
20190904 14:49:00 Obtención correcta areas usuario:1
20190904 14:49:00 Avance correcto proceso 0
20190904 14:49:10 Obtención correcta areas usuario:1
20190904 14:49:10 Avance correcto proceso 0
20190904 14:49:20 Obtención correcta areas usuario:1
20190904 14:49:20 Avance correcto proceso 0
20190904 14:49:30 Obtención correcta areas usuario:1
20190904 14:49:30 Avance correcto proceso 0
20190904 14:49:40 Obtención correcta areas usuario:1
20190904 14:49:40 Avance correcto proceso 0
20190904 14:49:50 Obtención correcta areas usuario:1
20190904 14:49:50 Avance correcto proceso 0
20190904 14:50:00 Obtención correcta areas usuario:1
20190904 14:50:00 Avance correcto proceso 0
20190904 14:50:10 Obtención correcta areas usuario:1
20190904 14:50:10 Avance correcto proceso 0
20190904 14:50:20 Obtención correcta areas usuario:1
20190904 14:50:20 Avance correcto proceso 0
20190904 14:50:30 Obtención correcta areas usuario:1
20190904 14:50:30 Avance correcto proceso 0
20190904 14:50:40 Obtención correcta areas usuario:1
20190904 14:50:40 Avance correcto proceso 0
20190904 14:50:50 Obtención correcta areas usuario:1
20190904 14:50:50 Avance correcto proceso 0
20190904 14:51:00 Obtención correcta areas usuario:1
20190904 14:51:00 Avance correcto proceso 0
20190904 14:51:10 Obtención correcta areas usuario:1
20190904 14:51:10 Avance correcto proceso 0
20190904 14:51:20 Obtención correcta areas usuario:1
20190904 14:51:20 Avance correcto proceso 0
20190904 14:51:30 Obtención correcta areas usuario:1
20190904 14:51:30 Avance correcto proceso 0
20190904 14:51:40 Obtención correcta areas usuario:1
20190904 14:51:40 Avance correcto proceso 0
20190904 14:51:50 Obtención correcta areas usuario:1
20190904 14:51:50 Avance correcto proceso 0
20190904 14:51:52 actualizaStatus.UploadComplete Cannot apply indexing with [] to an expression of type 'System.Dynamic.DynamicObject'
20190904 14:51:52 Obtención correcta areas usuario:1
20190904 14:51:52 Avance correcto proceso 0
20190904 14:52:00 Obtención correcta areas usuario:1
20190904 14:52:00 Avance correcto proceso 0
20190904 14:52:02 Obtención correcta areas usuario:1
20190904 14:52:02 Avance correcto proceso 0
20190904 14:52:10 Obtención correcta areas usuario:1
20190904 14:52:10 Avance correcto proceso 0
20190904 14:52:12 Obtención correcta areas usuario:1
20190904 14:52:12 Avance correcto proceso 0
20190904 14:52:20 Obtención correcta areas usuario:1
20190904 14:52:20 Avance correcto proceso 0
20190904 14:52:22 Obtención correcta areas usuario:1
20190904 14:52:22 Avance correcto proceso 0
20190904 14:52:30 Obtención correcta areas usuario:1
20190904 14:52:30 Avance correcto proceso 0
20190904 14:52:32 Obtención correcta areas usuario:1
20190904 14:52:32 Avance correcto proceso 0
20190904 14:52:40 Obtención correcta areas usuario:1
20190904 14:52:40 Avance correcto proceso 0
20190904 14:52:42 Obtención correcta areas usuario:1
20190904 14:52:42 Avance correcto proceso 0
20190904 14:52:50 Obtención correcta areas usuario:1
20190904 14:52:50 Avance correcto proceso 0
20190904 14:52:52 Obtención correcta areas usuario:1
20190904 14:52:52 Avance correcto proceso 0
20190904 14:53:00 Obtención correcta areas usuario:1
20190904 14:53:00 Avance correcto proceso 0
20190904 14:53:02 Obtención correcta areas usuario:1
20190904 14:53:02 Avance correcto proceso 0
20190904 14:53:10 Obtención correcta areas usuario:1
20190904 14:53:10 Avance correcto proceso 0
20190904 14:53:12 Obtención correcta areas usuario:1
20190904 14:53:12 Avance correcto proceso 0
20190904 14:53:20 Obtención correcta areas usuario:1
20190904 14:53:20 Avance correcto proceso 0
20190904 14:53:22 Obtención correcta areas usuario:1
20190904 14:53:22 Avance correcto proceso 0
20190904 14:53:30 Obtención correcta areas usuario:1
20190904 14:53:30 Avance correcto proceso 0
20190904 14:53:32 Obtención correcta areas usuario:1
20190904 14:53:32 Avance correcto proceso 0
20190904 14:53:40 Obtención correcta areas usuario:1
20190904 14:53:40 Avance correcto proceso 0
20190904 14:53:42 Obtención correcta areas usuario:1
20190904 14:53:42 Avance correcto proceso 0
20190904 14:53:50 Obtención correcta areas usuario:1
20190904 14:53:50 Avance correcto proceso 0
20190904 14:53:52 Obtención correcta areas usuario:1
20190904 14:53:52 Avance correcto proceso 0
20190904 14:54:00 Obtención correcta areas usuario:1
20190904 14:54:00 Avance correcto proceso 0
20190904 14:54:27 Obtención correcta areas usuario:1
20190904 14:54:33 Avance correcto proceso 0
20190904 14:54:34 Obtención correcta areas usuario:1
20190904 14:54:34 Avance correcto proceso 0
20190904 14:54:37 Obtención correcta areas usuario:1
20190904 14:54:37 Avance correcto proceso 0
20190904 14:54:37 Obtención correcta areas usuario:1
20190904 14:54:37 Avance correcto proceso 0
20190904 14:54:47 Obtención correcta areas usuario:1
20190904 14:54:47 Avance correcto proceso 0
20190904 14:54:47 Obtención correcta areas usuario:1
20190904 14:54:47 Avance correcto proceso 0
20190904 14:54:57 Obtención correcta areas usuario:1
20190904 14:54:57 Avance correcto proceso 0
20190904 14:54:57 Obtención correcta areas usuario:1
20190904 14:54:57 Avance correcto proceso 0
20190904 14:55:07 Obtención correcta areas usuario:1
20190904 14:55:07 Avance correcto proceso 0
20190904 14:55:07 Obtención correcta areas usuario:1
20190904 14:55:07 Avance correcto proceso 0
20190904 14:55:17 Obtención correcta areas usuario:1
20190904 14:55:17 Avance correcto proceso 0
20190904 14:55:17 Obtención correcta areas usuario:1
20190904 14:55:17 Avance correcto proceso 0
20190904 14:55:27 Obtención correcta areas usuario:1
20190904 14:55:27 Avance correcto proceso 0
20190904 14:55:27 Obtención correcta areas usuario:1
20190904 14:55:27 Avance correcto proceso 0
20190904 14:55:37 Obtención correcta areas usuario:1
20190904 14:55:37 Avance correcto proceso 0
20190904 14:55:38 Obtención correcta areas usuario:1
20190904 14:55:38 Avance correcto proceso 0
20190904 14:55:47 Obtención correcta areas usuario:1
20190904 14:55:47 Avance correcto proceso 0
20190904 14:55:48 Obtención correcta areas usuario:1
20190904 14:55:48 Avance correcto proceso 0
20190904 14:55:57 Obtención correcta areas usuario:1
20190904 14:55:57 Avance correcto proceso 0
20190904 14:55:57 Obtención correcta areas usuario:1
20190904 14:55:57 Avance correcto proceso 0
20190904 14:56:07 Obtención correcta areas usuario:1
20190904 14:56:07 Avance correcto proceso 0
20190904 14:56:07 Obtención correcta areas usuario:1
20190904 14:56:07 Avance correcto proceso 0
20190904 14:56:17 Obtención correcta areas usuario:1
20190904 14:56:17 Avance correcto proceso 0
20190904 14:56:17 Obtención correcta areas usuario:1
20190904 14:56:17 Avance correcto proceso 0
20190904 14:56:28 Obtención correcta areas usuario:1
20190904 14:56:28 Avance correcto proceso 0
20190904 14:56:28 Obtención correcta areas usuario:1
20190904 14:56:28 Avance correcto proceso 0
20190904 14:56:38 Obtención correcta areas usuario:1
20190904 14:56:38 Avance correcto proceso 0
20190904 14:56:38 Obtención correcta areas usuario:1
20190904 14:56:38 Avance correcto proceso 0
20190904 14:56:48 Obtención correcta areas usuario:1
20190904 14:56:48 Avance correcto proceso 0
20190904 14:56:49 Obtención correcta areas usuario:1
20190904 14:56:49 Avance correcto proceso 0
20190904 14:56:50 Obtención correcta areas usuario:1
20190904 14:56:50 Avance correcto proceso 0
20190904 14:56:50 actualizaStatus.UploadComplete Cannot apply indexing with [] to an expression of type 'System.Dynamic.DynamicObject'
20190904 14:56:58 Obtención correcta areas usuario:1
20190904 14:56:58 Avance correcto proceso 0
20190904 14:56:59 Obtención correcta areas usuario:1
20190904 14:56:59 Avance correcto proceso 0
20190904 14:57:00 Obtención correcta areas usuario:1
20190904 14:57:00 Avance correcto proceso 0
20190904 14:57:08 Obtención correcta areas usuario:1
20190904 14:57:08 Avance correcto proceso 0
20190904 14:57:09 Obtención correcta areas usuario:1
20190904 14:57:09 Avance correcto proceso 0
20190904 14:57:10 Obtención correcta areas usuario:1
20190904 14:57:10 Avance correcto proceso 0
20190904 14:57:18 Obtención correcta areas usuario:1
20190904 14:57:18 Avance correcto proceso 0
20190904 14:57:19 Obtención correcta areas usuario:1
20190904 14:57:19 Avance correcto proceso 0
20190904 14:57:20 Obtención correcta areas usuario:1
20190904 14:57:20 Avance correcto proceso 0
20190904 14:57:28 Obtención correcta areas usuario:1
20190904 14:57:28 Avance correcto proceso 0
20190904 14:57:29 Obtención correcta areas usuario:1
20190904 14:57:29 Avance correcto proceso 0
20190904 14:57:30 Obtención correcta areas usuario:1
20190904 14:57:30 Avance correcto proceso 0
20190904 14:57:38 Obtención correcta areas usuario:1
20190904 14:57:38 Avance correcto proceso 0
20190904 14:57:39 Obtención correcta areas usuario:1
20190904 14:57:39 Avance correcto proceso 0
20190904 14:57:40 Obtención correcta areas usuario:1
20190904 14:57:40 Avance correcto proceso 0
20190904 14:57:48 Obtención correcta areas usuario:1
20190904 14:57:48 Avance correcto proceso 0
20190904 14:57:49 Obtención correcta areas usuario:1
20190904 14:57:49 Avance correcto proceso 0
20190904 14:57:50 Obtención correcta areas usuario:1
20190904 14:57:50 Avance correcto proceso 0
20190904 14:57:58 Obtención correcta areas usuario:1
20190904 14:57:58 Avance correcto proceso 0
20190904 14:57:59 Obtención correcta areas usuario:1
20190904 14:57:59 Avance correcto proceso 0
20190904 14:58:00 Obtención correcta areas usuario:1
20190904 14:58:00 Avance correcto proceso 0
20190904 14:58:08 Obtención correcta areas usuario:1
20190904 14:58:08 Avance correcto proceso 0
20190904 14:58:09 Obtención correcta areas usuario:1
20190904 14:58:09 Avance correcto proceso 0
20190904 14:58:10 Obtención correcta areas usuario:1
20190904 14:58:10 Avance correcto proceso 0
20190904 14:58:18 Obtención correcta areas usuario:1
20190904 14:58:18 Avance correcto proceso 0
20190904 14:58:19 Obtención correcta areas usuario:1
20190904 14:58:19 Avance correcto proceso 0
20190904 14:58:20 Obtención correcta areas usuario:1
20190904 14:58:20 Avance correcto proceso 0
20190904 14:58:28 Obtención correcta areas usuario:1
20190904 14:58:28 Avance correcto proceso 0
20190904 14:58:29 Obtención correcta areas usuario:1
20190904 14:58:29 Avance correcto proceso 0
20190904 14:58:30 Obtención correcta areas usuario:1
20190904 14:58:30 Avance correcto proceso 0
20190904 14:58:38 Obtención correcta areas usuario:1
20190904 14:58:38 Avance correcto proceso 0
20190904 14:58:39 Obtención correcta areas usuario:1
20190904 14:58:39 Avance correcto proceso 0
20190904 14:58:40 Obtención correcta areas usuario:1
20190904 14:58:40 Avance correcto proceso 0
20190904 14:58:48 Obtención correcta areas usuario:1
20190904 14:58:48 Avance correcto proceso 0
20190904 14:58:49 Obtención correcta areas usuario:1
20190904 14:58:49 Avance correcto proceso 0
20190904 14:58:50 Obtención correcta areas usuario:1
20190904 14:58:50 Avance correcto proceso 0
20190904 14:59:31 Obtención correcta areas usuario:1
20190904 14:59:31 Avance correcto proceso 0
20190904 14:59:31 Obtención correcta areas usuario:1
20190904 14:59:31 Avance correcto proceso 0
20190904 14:59:36 Obtención correcta areas usuario:1
20190904 14:59:36 Avance correcto proceso 0
20190904 14:59:41 Obtención correcta areas usuario:1
20190904 14:59:41 Avance correcto proceso 0
20190904 14:59:41 Obtención correcta areas usuario:1
20190904 14:59:41 Avance correcto proceso 0
20190904 14:59:41 Obtención correcta areas usuario:1
20190904 14:59:41 Avance correcto proceso 0
20190904 14:59:51 Obtención correcta areas usuario:1
20190904 14:59:51 Avance correcto proceso 0
20190904 14:59:51 Obtención correcta areas usuario:1
20190904 14:59:51 Avance correcto proceso 0
20190904 14:59:51 Obtención correcta areas usuario:1
20190904 14:59:51 Avance correcto proceso 0
20190904 15:00:01 Obtención correcta areas usuario:1
20190904 15:00:01 Avance correcto proceso 0
20190904 15:00:01 Obtención correcta areas usuario:1
20190904 15:00:01 Avance correcto proceso 0
20190904 15:00:01 Obtención correcta areas usuario:1
20190904 15:00:01 Avance correcto proceso 0
20190904 15:00:11 Obtención correcta areas usuario:1
20190904 15:00:11 Avance correcto proceso 0
20190904 15:00:11 Obtención correcta areas usuario:1
20190904 15:00:11 Avance correcto proceso 0
20190904 15:00:11 Obtención correcta areas usuario:1
20190904 15:00:11 Avance correcto proceso 0
20190904 15:00:21 Obtención correcta areas usuario:1
20190904 15:00:21 Avance correcto proceso 0
20190904 15:00:21 Obtención correcta areas usuario:1
20190904 15:00:21 Avance correcto proceso 0
20190904 15:00:21 Obtención correcta areas usuario:1
20190904 15:00:21 Avance correcto proceso 0
20190904 15:00:31 Obtención correcta areas usuario:1
20190904 15:00:31 Avance correcto proceso 0
20190904 15:00:31 Obtención correcta areas usuario:1
20190904 15:00:31 Avance correcto proceso 0
20190904 15:00:31 Obtención correcta areas usuario:1
20190904 15:00:31 Avance correcto proceso 0
20190904 15:00:41 Obtención correcta areas usuario:1
20190904 15:00:41 Avance correcto proceso 0
20190904 15:00:41 Obtención correcta areas usuario:1
20190904 15:00:41 Avance correcto proceso 0
20190904 15:00:41 Obtención correcta areas usuario:1
20190904 15:00:41 Avance correcto proceso 0
20190904 15:00:51 Obtención correcta areas usuario:1
20190904 15:00:51 Avance correcto proceso 0
20190904 15:00:51 Obtención correcta areas usuario:1
20190904 15:00:51 Avance correcto proceso 0
20190904 15:00:51 Obtención correcta areas usuario:1
20190904 15:00:51 Avance correcto proceso 0
20190904 15:01:01 Obtención correcta areas usuario:1
20190904 15:01:01 Avance correcto proceso 0
20190904 15:01:01 Obtención correcta areas usuario:1
20190904 15:01:01 Avance correcto proceso 0
20190904 15:01:01 Obtención correcta areas usuario:1
20190904 15:01:01 Avance correcto proceso 0
20190904 15:01:11 Obtención correcta areas usuario:1
20190904 15:01:11 Avance correcto proceso 0
20190904 15:01:11 Obtención correcta areas usuario:1
20190904 15:01:11 Avance correcto proceso 0
20190904 15:01:11 Obtención correcta areas usuario:1
20190904 15:01:11 Avance correcto proceso 0
20190904 15:01:21 Obtención correcta areas usuario:1
20190904 15:01:21 Avance correcto proceso 0
20190904 15:01:21 Obtención correcta areas usuario:1
20190904 15:01:21 Avance correcto proceso 0
20190904 15:01:21 Obtención correcta areas usuario:1
20190904 15:01:21 Avance correcto proceso 0
20190904 15:01:31 Obtención correcta areas usuario:1
20190904 15:01:31 Avance correcto proceso 0
20190904 15:01:31 Obtención correcta areas usuario:1
20190904 15:01:31 Avance correcto proceso 0
20190904 15:01:31 Obtención correcta areas usuario:1
20190904 15:01:31 Avance correcto proceso 0
20190904 15:01:41 Obtención correcta areas usuario:1
20190904 15:01:41 Avance correcto proceso 0
20190904 15:01:41 Obtención correcta areas usuario:1
20190904 15:01:41 Avance correcto proceso 0
20190904 15:01:41 Obtención correcta areas usuario:1
20190904 15:01:41 Avance correcto proceso 0
20190904 15:01:51 Obtención correcta areas usuario:1
20190904 15:01:51 Avance correcto proceso 0
20190904 15:01:51 Obtención correcta areas usuario:1
20190904 15:01:51 Avance correcto proceso 0
20190904 15:01:51 Obtención correcta areas usuario:1
20190904 15:01:51 Avance correcto proceso 0
20190904 15:02:01 Obtención correcta areas usuario:1
20190904 15:02:01 Avance correcto proceso 0
20190904 15:02:01 Obtención correcta areas usuario:1
20190904 15:02:01 Avance correcto proceso 0
20190904 15:02:01 Obtención correcta areas usuario:1
20190904 15:02:01 Avance correcto proceso 0
20190904 15:02:11 Obtención correcta areas usuario:1
20190904 15:02:11 Avance correcto proceso 0
20190904 15:02:11 Obtención correcta areas usuario:1
20190904 15:02:11 Avance correcto proceso 0
20190904 15:02:11 Obtención correcta areas usuario:1
20190904 15:02:11 Avance correcto proceso 0
20190904 15:02:21 Obtención correcta areas usuario:1
20190904 15:02:21 Avance correcto proceso 0
20190904 15:02:21 Obtención correcta areas usuario:1
20190904 15:02:21 Avance correcto proceso 0
20190904 15:02:21 Obtención correcta areas usuario:1
20190904 15:02:21 Avance correcto proceso 0
20190904 15:02:31 Obtención correcta areas usuario:1
20190904 15:02:31 Avance correcto proceso 0
20190904 15:02:31 Obtención correcta areas usuario:1
20190904 15:02:31 Avance correcto proceso 0
20190904 15:02:31 Obtención correcta areas usuario:1
20190904 15:02:31 Avance correcto proceso 0
20190904 15:02:41 Obtención correcta areas usuario:1
20190904 15:02:41 Avance correcto proceso 0
20190904 15:02:41 Obtención correcta areas usuario:1
20190904 15:02:41 Avance correcto proceso 0
20190904 15:02:41 Obtención correcta areas usuario:1
20190904 15:02:41 Avance correcto proceso 0
20190904 15:02:51 Obtención correcta areas usuario:1
20190904 15:02:51 Avance correcto proceso 0
20190904 15:02:51 Obtención correcta areas usuario:1
20190904 15:02:51 Avance correcto proceso 0
20190904 15:02:51 Obtención correcta areas usuario:1
20190904 15:02:51 Avance correcto proceso 0
20190904 15:03:01 Obtención correcta areas usuario:1
20190904 15:03:01 Avance correcto proceso 0
20190904 15:03:01 Obtención correcta areas usuario:1
20190904 15:03:01 Avance correcto proceso 0
20190904 15:03:01 Obtención correcta areas usuario:1
20190904 15:03:01 Avance correcto proceso 0
20190904 15:03:11 Obtención correcta areas usuario:1
20190904 15:03:11 Avance correcto proceso 0
20190904 15:03:11 Obtención correcta areas usuario:1
20190904 15:03:11 Avance correcto proceso 0
20190904 15:03:11 Obtención correcta areas usuario:1
20190904 15:03:11 Avance correcto proceso 0
20190904 15:03:21 Obtención correcta areas usuario:1
20190904 15:03:21 Avance correcto proceso 0
20190904 15:03:21 Obtención correcta areas usuario:1
20190904 15:03:21 Avance correcto proceso 0
20190904 15:03:21 Obtención correcta areas usuario:1
20190904 15:03:21 Avance correcto proceso 0
20190904 15:03:31 Obtención correcta areas usuario:1
20190904 15:03:31 Avance correcto proceso 0
20190904 15:03:31 Obtención correcta areas usuario:1
20190904 15:03:31 Avance correcto proceso 0
20190904 15:03:31 Obtención correcta areas usuario:1
20190904 15:03:31 Avance correcto proceso 0
20190904 15:03:41 Obtención correcta areas usuario:1
20190904 15:03:41 Avance correcto proceso 0
20190904 15:03:41 Obtención correcta areas usuario:1
20190904 15:03:41 Avance correcto proceso 0
20190904 15:03:41 Obtención correcta areas usuario:1
20190904 15:03:41 Avance correcto proceso 0
20190904 15:03:48 actualizaStatus.UploadComplete Cannot apply indexing with [] to an expression of type 'System.Dynamic.DynamicObject'
20190904 15:03:48 Obtención correcta areas usuario:1
20190904 15:03:48 Avance correcto proceso 0
20190904 15:03:51 Obtención correcta areas usuario:1
20190904 15:03:51 Avance correcto proceso 0
20190904 15:03:51 Obtención correcta areas usuario:1
20190904 15:03:51 Avance correcto proceso 0
20190904 15:03:51 Obtención correcta areas usuario:1
20190904 15:03:51 Avance correcto proceso 0
20190904 15:03:58 Obtención correcta areas usuario:1
20190904 15:03:58 Avance correcto proceso 0
20190904 15:04:01 Obtención correcta areas usuario:1
20190904 15:04:01 Avance correcto proceso 0
20190904 15:04:01 Obtención correcta areas usuario:1
20190904 15:04:01 Avance correcto proceso 0
20190904 15:04:01 Obtención correcta areas usuario:1
20190904 15:04:01 Avance correcto proceso 0
20190904 15:04:08 Obtención correcta areas usuario:1
20190904 15:04:08 Avance correcto proceso 0
20190904 15:04:11 Obtención correcta areas usuario:1
20190904 15:04:11 Avance correcto proceso 0
20190904 15:04:11 Obtención correcta areas usuario:1
20190904 15:04:11 Avance correcto proceso 0
20190904 15:04:11 Obtención correcta areas usuario:1
20190904 15:04:11 Avance correcto proceso 0
20190904 15:04:18 Obtención correcta areas usuario:1
20190904 15:04:18 Avance correcto proceso 0
20190904 15:04:21 Obtención correcta areas usuario:1
20190904 15:04:21 Avance correcto proceso 0
20190904 15:04:21 Obtención correcta areas usuario:1
20190904 15:04:21 Avance correcto proceso 0
20190904 15:04:21 Obtención correcta areas usuario:1
20190904 15:04:21 Avance correcto proceso 0
20190904 15:04:28 Obtención correcta areas usuario:1
20190904 15:04:28 Avance correcto proceso 0
20190904 15:04:31 Obtención correcta areas usuario:1
20190904 15:04:31 Avance correcto proceso 0
20190904 15:04:31 Obtención correcta areas usuario:1
20190904 15:04:31 Avance correcto proceso 0
20190904 15:04:31 Obtención correcta areas usuario:1
20190904 15:04:31 Avance correcto proceso 0
20190904 15:04:38 Obtención correcta areas usuario:1
20190904 15:04:38 Avance correcto proceso 0
20190904 15:04:41 Obtención correcta areas usuario:1
20190904 15:04:41 Avance correcto proceso 0
20190904 15:04:41 Obtención correcta areas usuario:1
20190904 15:04:41 Avance correcto proceso 0
20190904 15:04:41 Obtención correcta areas usuario:1
20190904 15:04:41 Avance correcto proceso 0
20190904 15:04:48 Obtención correcta areas usuario:1
20190904 15:04:48 Avance correcto proceso 0
20190904 15:04:51 Obtención correcta areas usuario:1
20190904 15:04:51 Avance correcto proceso 0
20190904 15:04:51 Obtención correcta areas usuario:1
20190904 15:04:51 Avance correcto proceso 0
20190904 15:04:51 Obtención correcta areas usuario:1
20190904 15:04:51 Avance correcto proceso 0
20190904 15:04:58 Obtención correcta areas usuario:1
20190904 15:04:58 Avance correcto proceso 0
20190904 15:05:01 Obtención correcta areas usuario:1
20190904 15:05:01 Avance correcto proceso 0
20190904 15:05:01 Obtención correcta areas usuario:1
20190904 15:05:01 Avance correcto proceso 0
20190904 15:05:01 Obtención correcta areas usuario:1
20190904 15:05:01 Avance correcto proceso 0
20190904 15:05:08 Obtención correcta areas usuario:1
20190904 15:05:08 Avance correcto proceso 0
20190904 15:05:11 Obtención correcta areas usuario:1
20190904 15:05:11 Avance correcto proceso 0
20190904 15:05:11 Obtención correcta areas usuario:1
20190904 15:05:11 Avance correcto proceso 0
20190904 15:05:12 Obtención correcta areas usuario:1
20190904 15:05:12 Avance correcto proceso 0
20190904 15:05:18 Obtención correcta areas usuario:1
20190904 15:05:18 Avance correcto proceso 0
20190904 15:05:21 Obtención correcta areas usuario:1
20190904 15:05:21 Avance correcto proceso 0
20190904 15:05:21 Obtención correcta areas usuario:1
20190904 15:05:21 Avance correcto proceso 0
20190904 15:05:22 Obtención correcta areas usuario:1
20190904 15:05:22 Avance correcto proceso 0
20190904 15:05:28 Obtención correcta areas usuario:1
20190904 15:05:28 Avance correcto proceso 0
20190904 15:05:31 Obtención correcta areas usuario:1
20190904 15:05:31 Avance correcto proceso 0
20190904 15:05:31 Obtención correcta areas usuario:1
20190904 15:05:31 Avance correcto proceso 0
20190904 15:05:32 Obtención correcta areas usuario:1
20190904 15:05:32 Avance correcto proceso 0
20190904 15:05:38 Obtención correcta areas usuario:1
20190904 15:05:38 Avance correcto proceso 0
20190904 15:05:41 Obtención correcta areas usuario:1
20190904 15:05:41 Avance correcto proceso 0
20190904 15:05:41 Obtención correcta areas usuario:1
20190904 15:05:41 Avance correcto proceso 0
20190904 15:05:42 Obtención correcta areas usuario:1
20190904 15:05:42 Avance correcto proceso 0
20190904 15:05:48 Obtención correcta areas usuario:1
20190904 15:05:48 Avance correcto proceso 0
20190904 15:06:05 Obtención correcta areas usuario:1
20190904 15:06:05 Avance correcto proceso 0
20190904 15:06:05 Obtención correcta areas usuario:1
20190904 15:06:05 Avance correcto proceso 0
20190904 15:06:07 Obtención correcta areas usuario:1
20190904 15:06:07 Avance correcto proceso 0
20190904 15:06:09 Obtención correcta areas usuario:1
20190904 15:06:11 Avance correcto proceso 0
20190904 15:06:18 Obtención correcta areas usuario:1
20190904 15:06:19 Avance correcto proceso 0
20190904 15:06:20 Obtención correcta areas usuario:1
20190904 15:06:22 Avance correcto proceso 0
20190904 15:06:25 Obtención correcta areas usuario:1
20190904 15:06:26 Avance correcto proceso 0
20190904 15:06:29 Obtención correcta areas usuario:1
20190904 15:06:29 Avance correcto proceso 0
20190904 15:06:29 Obtención correcta areas usuario:1
20190904 15:06:30 Avance correcto proceso 0
20190904 15:06:35 Obtención correcta areas usuario:1
20190904 15:06:36 Avance correcto proceso 0
20190904 15:06:38 Obtención correcta areas usuario:1
20190904 15:06:40 Avance correcto proceso 0
20190904 15:06:41 Obtención correcta areas usuario:1
20190904 15:06:42 Avance correcto proceso 0
20190904 15:06:43 Obtención correcta areas usuario:1
20190904 15:06:44 Avance correcto proceso 0
20190904 15:06:45 Obtención correcta areas usuario:1
20190904 15:06:45 Avance correcto proceso 0
20190904 15:06:47 Obtención correcta areas usuario:1
20190904 15:06:47 Avance correcto proceso 0
20190904 15:06:49 Obtención correcta areas usuario:1
20190904 15:06:49 Avance correcto proceso 0
20190904 15:06:50 Obtención correcta areas usuario:1
20190904 15:06:50 Avance correcto proceso 0
20190904 15:06:56 Obtención correcta areas usuario:1
20190904 15:06:56 Avance correcto proceso 0
20190904 15:06:57 Obtención correcta areas usuario:1
20190904 15:06:57 Avance correcto proceso 0
20190904 15:06:59 Obtención correcta areas usuario:1
20190904 15:07:00 Avance correcto proceso 0
20190904 15:07:03 Obtención correcta areas usuario:1
20190904 15:07:04 Avance correcto proceso 0
20190904 15:07:07 Obtención correcta areas usuario:1
20190904 15:07:08 Avance correcto proceso 0
20190904 15:07:11 Obtención correcta areas usuario:1
20190904 15:07:12 Avance correcto proceso 0
20190904 15:07:13 Obtención correcta areas usuario:1
20190904 15:07:14 Avance correcto proceso 0
20190904 15:07:16 Obtención correcta areas usuario:1
20190904 15:07:16 Avance correcto proceso 0
20190904 15:07:19 Obtención correcta areas usuario:1
20190904 15:07:19 Avance correcto proceso 0
20190904 15:07:22 Obtención correcta areas usuario:1
20190904 15:07:22 Avance correcto proceso 0
20190904 15:07:24 Obtención correcta areas usuario:1
20190904 15:07:26 Avance correcto proceso 0
20190904 15:07:28 Obtención correcta areas usuario:1
20190904 15:07:29 Avance correcto proceso 0
20190904 15:07:30 Obtención correcta areas usuario:1
20190904 15:07:31 Avance correcto proceso 0
20190904 15:07:32 Obtención correcta areas usuario:1
20190904 15:07:33 Avance correcto proceso 0
20190904 15:07:35 Obtención correcta areas usuario:1
20190904 15:07:36 Avance correcto proceso 0
20190904 15:07:39 Obtención correcta areas usuario:1
20190904 15:07:40 Avance correcto proceso 0
20190904 15:07:42 Obtención correcta areas usuario:1
20190904 15:07:43 Avance correcto proceso 0
20190904 15:07:46 Obtención correcta areas usuario:1
20190904 15:07:47 Avance correcto proceso 0
20190904 15:07:49 Obtención correcta areas usuario:1
20190904 15:07:50 Avance correcto proceso 0
20190904 15:07:53 Obtención correcta areas usuario:1
20190904 15:07:54 Avance correcto proceso 0
20190904 15:07:55 Obtención correcta areas usuario:1
20190904 15:07:56 Avance correcto proceso 0
20190904 15:07:57 Obtención correcta areas usuario:1
20190904 15:07:58 Avance correcto proceso 0
20190904 15:07:59 Obtención correcta areas usuario:1
20190904 15:07:59 Avance correcto proceso 0
20190904 15:08:02 Obtención correcta areas usuario:1
20190904 15:08:02 Avance correcto proceso 0
20190904 15:08:04 Obtención correcta areas usuario:1
20190904 15:08:04 Avance correcto proceso 0
20190904 15:08:05 Obtención correcta areas usuario:1
20190904 15:08:05 Avance correcto proceso 0
20190904 15:08:29 Obtención correcta areas usuario:1
20190904 15:08:29 Avance correcto proceso 0
20190904 15:08:29 Obtención correcta areas usuario:1
20190904 15:08:29 Avance correcto proceso 0
20190904 15:09:57 Obtención correcta areas usuario:1
20190904 15:09:57 Avance correcto proceso 0
20190904 15:10:07 Obtención correcta areas usuario:1
20190904 15:10:07 Avance correcto proceso 0
20190904 15:10:24 Obtención correcta areas usuario:1
20190904 15:10:24 Avance correcto proceso 0
20190904 15:10:33 Obtención correcta areas usuario:1
20190904 15:10:33 Avance correcto proceso 0
20190904 15:10:33 Obtención correcta areas usuario:1
20190904 15:10:33 Avance correcto proceso 0
20190904 15:10:36 Obtención correcta areas usuario:1
20190904 15:10:36 Avance correcto proceso 0
20190904 15:10:36 Obtención correcta areas usuario:1
20190904 15:10:38 Avance correcto proceso 0
20190904 15:10:39 Obtención correcta areas usuario:1
20190904 15:10:39 Avance correcto proceso 0
20190904 15:10:43 Obtención correcta areas usuario:1
20190904 15:10:43 Avance correcto proceso 0
20190904 15:10:44 Obtención correcta areas usuario:1
20190904 15:10:44 Avance correcto proceso 0
20190904 15:10:45 Obtención correcta areas usuario:1
20190904 15:10:45 Avance correcto proceso 0
20190904 15:10:45 Obtención correcta areas usuario:1
20190904 15:10:45 Avance correcto proceso 0
20190904 15:10:45 Obtención correcta areas usuario:1
20190904 15:10:45 Avance correcto proceso 0
20190904 15:10:46 Obtención correcta areas usuario:1
20190904 15:10:46 Avance correcto proceso 0
20190904 15:10:47 Obtención correcta areas usuario:1
20190904 15:10:47 Avance correcto proceso 0
20190904 15:10:48 Obtención correcta areas usuario:1
20190904 15:10:48 Avance correcto proceso 0
20190904 15:10:49 Obtención correcta areas usuario:1
20190904 15:10:50 Avance correcto proceso 0
20190904 15:10:51 Obtención correcta areas usuario:1
20190904 15:10:55 Avance correcto proceso 0
20190904 15:10:55 Obtención correcta areas usuario:1
20190904 15:10:58 Avance correcto proceso 0
20190904 15:10:58 Obtención correcta areas usuario:1
20190904 15:10:58 Avance correcto proceso 0
20190904 15:11:02 Obtención correcta areas usuario:1
20190904 15:11:02 Avance correcto proceso 0
20190904 15:11:03 Obtención correcta areas usuario:1
20190904 15:11:03 Avance correcto proceso 0
20190904 15:11:04 Obtención correcta areas usuario:1
20190904 15:11:04 Avance correcto proceso 0
20190904 15:11:05 Obtención correcta areas usuario:1
20190904 15:11:05 Avance correcto proceso 0
20190904 15:11:05 Obtención correcta areas usuario:1
20190904 15:11:05 Avance correcto proceso 0
20190904 15:11:06 Obtención correcta areas usuario:1
20190904 15:11:06 Avance correcto proceso 0
20190904 15:11:08 Obtención correcta areas usuario:1
20190904 15:11:09 Avance correcto proceso 0
20190904 15:11:09 Obtención correcta areas usuario:1
20190904 15:11:09 Avance correcto proceso 0
20190904 15:11:17 Obtención correcta areas usuario:1
20190904 15:11:17 Avance correcto proceso 0
20190904 15:11:17 Obtención correcta areas usuario:1
20190904 15:11:18 Avance correcto proceso 0
20190904 15:11:21 Obtención correcta areas usuario:1
20190904 15:11:23 Avance correcto proceso 0
20190904 15:11:57 Obtención correcta areas usuario:1
20190904 15:11:57 Avance correcto proceso 0
20190904 15:12:09 Obtención correcta areas usuario:1
20190904 15:12:09 Avance correcto proceso 0
20190904 15:12:09 Obtención correcta areas usuario:1
20190904 15:12:09 Avance correcto proceso 0
20190904 15:12:09 Obtención correcta areas usuario:1
20190904 15:12:09 Avance correcto proceso 0
20190904 15:12:42 Obtención correcta areas usuario:1
20190904 15:12:43 Avance correcto proceso 0
20190904 15:12:43 Obtención correcta areas usuario:1
20190904 15:12:44 Avance correcto proceso 0
20190904 15:12:44 Obtención correcta areas usuario:1
20190904 15:12:44 Avance correcto proceso 0
20190904 15:12:45 Obtención correcta areas usuario:1
20190904 15:12:45 Avance correcto proceso 0
20190904 15:15:16 Obtención correcta areas usuario:1
20190904 15:15:17 Avance correcto proceso 0
20190904 15:15:17 Obtención correcta areas usuario:1
20190904 15:15:17 Avance correcto proceso 0
20190904 15:15:17 Obtención correcta areas usuario:1
20190904 15:15:17 Avance correcto proceso 0
20190904 15:15:17 Obtención correcta areas usuario:1
20190904 15:15:17 Avance correcto proceso 0
20190904 15:15:37 Obtención correcta areas usuario:1
20190904 15:15:37 Avance correcto proceso 0
20190904 15:15:39 Obtención correcta areas usuario:1
20190904 15:15:39 Avance correcto proceso 0
20190904 15:15:39 Obtención correcta areas usuario:1
20190904 15:15:39 Avance correcto proceso 0
20190904 15:15:40 Obtención correcta areas usuario:1
20190904 15:15:40 Avance correcto proceso 0
20190904 15:15:41 Obtención correcta areas usuario:1
20190904 15:15:41 Avance correcto proceso 0
20190904 15:15:43 Obtención correcta areas usuario:1
20190904 15:15:43 Avance correcto proceso 0
20190904 15:15:44 Obtención correcta areas usuario:1
20190904 15:15:45 Avance correcto proceso 0
20190904 15:15:49 Obtención correcta areas usuario:1
20190904 15:15:49 Avance correcto proceso 0
20190904 15:15:55 Obtención correcta areas usuario:1
20190904 15:15:55 Avance correcto proceso 0
20190904 15:15:56 Obtención correcta areas usuario:1
20190904 15:15:56 Avance correcto proceso 0
20190904 15:15:57 Obtención correcta areas usuario:1
20190904 15:15:57 Avance correcto proceso 0
20190904 15:16:09 Obtención correcta areas usuario:1
20190904 15:16:09 Avance correcto proceso 0
20190904 15:16:09 Obtención correcta areas usuario:1
20190904 15:16:10 Avance correcto proceso 0
20190904 15:16:10 Obtención correcta areas usuario:1
20190904 15:16:11 Avance correcto proceso 0
20190904 15:16:11 Obtención correcta areas usuario:1
20190904 15:16:13 Avance correcto proceso 0
20190904 15:16:18 Obtención correcta areas usuario:1
20190904 15:16:19 Avance correcto proceso 0
20190904 15:16:23 Obtención correcta areas usuario:1
20190904 15:16:24 Avance correcto proceso 0
20190904 15:16:25 Obtención correcta areas usuario:1
20190904 15:16:26 Avance correcto proceso 0
20190904 15:16:34 Obtención correcta areas usuario:1
20190904 15:16:34 Avance correcto proceso 0
20190904 15:16:34 Obtención correcta areas usuario:1
20190904 15:16:34 Avance correcto proceso 0
20190904 15:16:34 Obtención correcta areas usuario:1
20190904 15:16:34 Avance correcto proceso 0
20190904 15:16:35 Obtención correcta areas usuario:1
20190904 15:16:35 Avance correcto proceso 0
20190904 15:16:37 Obtención correcta areas usuario:1
20190904 15:16:37 Avance correcto proceso 0
20190904 15:16:39 Obtención correcta areas usuario:1
20190904 15:16:39 Avance correcto proceso 0
20190904 15:16:41 Obtención correcta areas usuario:1
20190904 15:16:41 Avance correcto proceso 0
20190904 15:16:56 Obtención correcta areas usuario:1
20190904 15:17:04 Avance correcto proceso 0
20190904 15:17:06 Obtención correcta areas usuario:1
20190904 15:17:07 Avance correcto proceso 0
20190904 15:17:08 Obtención correcta areas usuario:1
20190904 15:17:09 Avance correcto proceso 0
20190904 15:17:10 Obtención correcta areas usuario:1
20190904 15:17:10 Avance correcto proceso 0
20190904 15:17:13 Obtención correcta areas usuario:1
20190904 15:17:14 Avance correcto proceso 0
20190904 15:17:15 Obtención correcta areas usuario:1
20190904 15:17:21 Avance correcto proceso 0
20190904 15:17:21 Obtención correcta areas usuario:1
20190904 15:17:21 Avance correcto proceso 0
20190904 15:17:22 Obtención correcta areas usuario:1
20190904 15:17:31 Avance correcto proceso 0
20190904 15:17:32 Obtención correcta areas usuario:1
20190904 15:17:33 Avance correcto proceso 0
20190904 15:17:34 Obtención correcta areas usuario:1
20190904 15:17:34 Avance correcto proceso 0
20190904 15:17:34 Obtención correcta areas usuario:1
20190904 15:17:34 Avance correcto proceso 0
20190904 15:17:35 Obtención correcta areas usuario:1
20190904 15:17:44 Avance correcto proceso 0
20190904 15:17:44 Obtención correcta areas usuario:1
20190904 15:17:44 Avance correcto proceso 0
20190904 15:17:45 Obtención correcta areas usuario:1
20190904 15:17:45 Avance correcto proceso 0
20190904 15:17:45 Obtención correcta areas usuario:1
20190904 15:19:40 Avance correcto proceso 0
20190904 15:19:43 Obtención correcta areas usuario:1
20190904 15:19:43 Avance correcto proceso 0
20190904 15:19:43 Obtención correcta areas usuario:1
20190904 15:19:43 Avance correcto proceso 0
20190904 15:19:45 Obtención correcta areas usuario:1
20190904 15:19:45 Avance correcto proceso 0
20190904 15:19:47 Obtención correcta areas usuario:1
20190904 15:19:47 Avance correcto proceso 0
20190904 15:19:49 Obtención correcta areas usuario:1
20190904 15:19:49 Avance correcto proceso 0
20190904 15:19:52 Obtención correcta areas usuario:1
20190904 15:19:52 Avance correcto proceso 0
20190904 15:19:56 Obtención correcta areas usuario:1
20190904 15:19:56 Avance correcto proceso 0
20190904 15:19:58 Obtención correcta areas usuario:1
20190904 15:19:58 Avance correcto proceso 0
20190904 15:20:00 Obtención correcta areas usuario:1
20190904 15:20:00 Avance correcto proceso 0
20190904 15:20:01 Obtención correcta areas usuario:1
20190904 15:20:01 Avance correcto proceso 0
20190904 15:20:04 Obtención correcta areas usuario:1
20190904 15:20:04 Avance correcto proceso 0
20190904 15:20:07 Obtención correcta areas usuario:1
20190904 15:20:07 Avance correcto proceso 0
20190904 15:20:07 Obtención correcta areas usuario:1
20190904 15:20:08 Avance correcto proceso 0
20190904 15:20:09 Obtención correcta areas usuario:1
20190904 15:20:09 Avance correcto proceso 0
20190904 15:20:09 Obtención correcta areas usuario:1
20190904 15:20:09 Avance correcto proceso 0
20190904 15:20:23 Obtención correcta areas usuario:1
20190904 15:20:23 Avance correcto proceso 0
20190904 15:20:23 Obtención correcta areas usuario:1
20190904 15:20:23 Avance correcto proceso 0
20190904 15:20:31 Obtención correcta areas usuario:1
20190904 15:20:32 Avance correcto proceso 0
20190904 15:20:36 Obtención correcta areas usuario:1
20190904 15:20:36 Avance correcto proceso 0
20190904 15:20:36 Obtención correcta areas usuario:1
20190904 15:20:36 Avance correcto proceso 0
20190904 15:20:40 Obtención correcta areas usuario:1
20190904 15:20:40 Avance correcto proceso 0
20190904 15:20:40 Obtención correcta areas usuario:1
20190904 15:20:40 Avance correcto proceso 0
20190904 15:20:41 Obtención correcta areas usuario:1
20190904 15:20:41 Avance correcto proceso 0
20190904 15:20:42 Obtención correcta areas usuario:1
20190904 15:20:43 Avance correcto proceso 0
20190904 15:20:46 Obtención correcta areas usuario:1
20190904 15:20:46 Avance correcto proceso 0
20190904 15:20:47 Obtención correcta areas usuario:1
20190904 15:20:47 Avance correcto proceso 0
20190904 15:20:49 Obtención correcta areas usuario:1
20190904 15:20:50 Avance correcto proceso 0
20190904 15:20:51 Obtención correcta areas usuario:1
20190904 15:20:52 Avance correcto proceso 0
20190904 15:20:53 Obtención correcta areas usuario:1
20190904 15:20:57 Avance correcto proceso 0
20190904 15:20:57 Obtención correcta areas usuario:1
20190904 15:20:57 Avance correcto proceso 0
20190904 15:20:58 Obtención correcta areas usuario:1
20190904 15:20:58 Avance correcto proceso 0
20190904 15:20:59 Obtención correcta areas usuario:1
20190904 15:20:59 Avance correcto proceso 0
20190904 15:21:01 Obtención correcta areas usuario:1
20190904 15:21:01 Avance correcto proceso 0
20190904 15:21:07 Obtención correcta areas usuario:1
20190904 15:21:08 Avance correcto proceso 0
20190904 15:21:08 Obtención correcta areas usuario:1
20190904 15:21:08 Avance correcto proceso 0
20190904 15:21:08 Obtención correcta areas usuario:1
20190904 15:21:10 Avance correcto proceso 0
20190904 15:21:10 Obtención correcta areas usuario:1
20190904 15:21:11 Avance correcto proceso 0
20190904 15:21:17 Obtención correcta areas usuario:1
20190904 15:21:17 Avance correcto proceso 0
20190904 15:21:18 Obtención correcta areas usuario:1
20190904 15:21:19 Avance correcto proceso 0
20190904 15:21:19 Obtención correcta areas usuario:1
20190904 15:21:20 Avance correcto proceso 0
20190904 15:21:26 Obtención correcta areas usuario:1
20190904 15:21:26 Avance correcto proceso 0
20190904 15:21:30 Obtención correcta areas usuario:1
20190904 15:21:32 Avance correcto proceso 0
20190904 15:21:32 Obtención correcta areas usuario:1
20190904 15:21:34 Avance correcto proceso 0
20190904 15:22:10 Obtención correcta areas usuario:1
20190904 15:22:10 Avance correcto proceso 0
20190904 15:22:10 Obtención correcta areas usuario:1
20190904 15:22:10 Avance correcto proceso 0
20190904 15:22:10 Obtención correcta areas usuario:1
20190904 15:22:10 Avance correcto proceso 0
20190904 15:22:14 Obtención correcta areas usuario:1
20190904 15:22:14 Avance correcto proceso 0
20190904 15:22:16 Obtención correcta areas usuario:1
20190904 15:22:16 Avance correcto proceso 0
20190904 15:22:18 Obtención correcta areas usuario:1
20190904 15:22:19 Avance correcto proceso 0
20190904 15:22:20 Obtención correcta areas usuario:1
20190904 15:22:21 Avance correcto proceso 0
20190904 15:22:23 Obtención correcta areas usuario:1
20190904 15:22:23 Avance correcto proceso 0
20190904 15:27:24 Obtención correcta areas usuario:1
20190904 15:27:24 Avance correcto proceso 0
20190904 15:32:18 Obtención correcta areas usuario:1
20190904 15:32:18 Avance correcto proceso 0
20190904 15:32:21 Avance correcto proceso 0
20190904 15:32:21 Obtención correcta areas usuario:1
20190904 15:32:23 Avance correcto proceso 0
20190904 15:32:23 Obtención correcta areas usuario:1
20190904 15:32:24 Avance correcto proceso 0
20190904 15:32:30 Obtención correcta areas usuario:1
20190904 15:32:30 Avance correcto proceso 0
20190904 15:32:32 Obtención correcta areas usuario:1
20190904 15:32:33 Avance correcto proceso 0
20190904 15:32:39 Obtención correcta areas usuario:1
20190904 15:32:39 Avance correcto proceso 0
20190904 15:32:43 Obtención correcta areas usuario:1
20190904 15:32:43 Avance correcto proceso 0
20190904 15:32:46 Obtención correcta areas usuario:1
20190904 15:33:02 Avance correcto proceso 0
20190904 15:33:02 Obtención correcta areas usuario:1
20190904 15:33:02 Avance correcto proceso 0
20190904 15:33:09 Obtención correcta areas usuario:1
20190904 15:33:09 Avance correcto proceso 0
20190904 15:33:09 Obtención correcta areas usuario:1
20190904 15:33:16 Avance correcto proceso 0
20190904 15:33:16 Obtención correcta areas usuario:1
20190904 15:33:16 Avance correcto proceso 0
20190904 15:33:19 Obtención correcta areas usuario:1
20190904 15:33:19 Avance correcto proceso 0
20190904 15:33:23 Obtención correcta areas usuario:1
20190904 15:33:23 Avance correcto proceso 0
20190904 15:33:27 Obtención correcta areas usuario:1
20190904 15:33:27 Avance correcto proceso 0
20190904 15:33:29 Obtención correcta areas usuario:1
20190904 15:33:29 Avance correcto proceso 0
20190904 15:33:31 Obtención correcta areas usuario:1
20190904 15:33:31 Avance correcto proceso 0
20190904 15:33:31 Obtención correcta areas usuario:1
20190904 15:33:31 Avance correcto proceso 0
20190904 15:33:31 Obtención correcta areas usuario:1
20190904 15:33:32 Avance correcto proceso 0
20190904 15:33:35 Obtención correcta areas usuario:1
20190904 15:33:36 Avance correcto proceso 0
20190904 15:33:37 Obtención correcta areas usuario:1
20190904 15:33:37 Avance correcto proceso 0
20190904 15:33:40 Obtención correcta areas usuario:1
20190904 15:33:40 Avance correcto proceso 0
20190904 15:33:48 Obtención correcta areas usuario:1
20190904 15:33:48 Avance correcto proceso 0
20190904 15:33:48 Obtención correcta areas usuario:1
20190904 15:33:50 Avance correcto proceso 0
20190904 15:33:50 Obtención correcta areas usuario:1
20190904 15:33:59 Avance correcto proceso 0
20190904 15:34:03 Obtención correcta areas usuario:1
20190904 15:34:36 Avance correcto proceso 0
20190904 15:34:36 Obtención correcta areas usuario:1
20190904 15:34:36 Avance correcto proceso 0
20190904 15:34:37 Obtención correcta areas usuario:1
20190904 15:34:38 Avance correcto proceso 0
20190904 15:34:39 Obtención correcta areas usuario:1
20190904 15:34:41 Avance correcto proceso 0
20190904 15:34:42 Obtención correcta areas usuario:1
20190904 15:34:42 Avance correcto proceso 0
20190904 15:34:42 Obtención correcta areas usuario:1
20190904 15:34:42 Avance correcto proceso 0
20190904 15:34:42 Obtención correcta areas usuario:1
20190904 15:34:42 Avance correcto proceso 0
20190904 15:34:44 Obtención correcta areas usuario:1
20190904 15:34:44 Avance correcto proceso 0
20190904 15:34:48 Obtención correcta areas usuario:1
20190904 15:34:48 Avance correcto proceso 0
20190904 15:34:50 Obtención correcta areas usuario:1
20190904 15:34:50 Avance correcto proceso 0
20190904 15:34:52 Obtención correcta areas usuario:1
20190904 15:34:56 Avance correcto proceso 0
20190904 15:34:57 Obtención correcta areas usuario:1
20190904 15:34:57 Avance correcto proceso 0
20190904 15:34:58 Obtención correcta areas usuario:1
20190904 15:34:58 Avance correcto proceso 0
20190904 15:34:58 Obtención correcta areas usuario:1
20190904 15:34:58 Avance correcto proceso 0
20190904 15:34:58 Obtención correcta areas usuario:1
20190904 15:34:58 Avance correcto proceso 0
20190904 15:34:58 Obtención correcta areas usuario:1
20190904 15:34:58 Avance correcto proceso 0
20190904 15:34:59 Obtención correcta areas usuario:1
20190904 15:34:59 Avance correcto proceso 0
20190904 15:35:01 Obtención correcta areas usuario:1
20190904 15:35:01 Avance correcto proceso 0
20190904 15:35:01 Obtención correcta areas usuario:1
20190904 15:35:01 Avance correcto proceso 0
20190904 15:35:02 Obtención correcta areas usuario:1
20190904 15:35:02 Avance correcto proceso 0
20190904 15:35:08 Obtención correcta areas usuario:1
20190904 15:35:08 Avance correcto proceso 0
20190904 15:35:11 Obtención correcta areas usuario:1
20190904 15:35:11 Avance correcto proceso 0
20190904 15:35:11 Obtención correcta areas usuario:1
20190904 15:35:11 Avance correcto proceso 0
20190904 15:35:12 Obtención correcta areas usuario:1
20190904 15:35:12 Avance correcto proceso 0
20190904 15:35:18 Obtención correcta areas usuario:1
20190904 15:35:18 Avance correcto proceso 0
20190904 15:35:21 Obtención correcta areas usuario:1
20190904 15:35:21 Avance correcto proceso 0
20190904 15:35:21 Obtención correcta areas usuario:1
20190904 15:35:21 Avance correcto proceso 0
20190904 15:35:22 Obtención correcta areas usuario:1
20190904 15:35:22 Avance correcto proceso 0
20190904 15:35:28 Obtención correcta areas usuario:1
20190904 15:35:28 Avance correcto proceso 0
20190904 15:35:31 Obtención correcta areas usuario:1
20190904 15:35:31 Avance correcto proceso 0
20190904 15:35:31 Obtención correcta areas usuario:1
20190904 15:35:31 Avance correcto proceso 0
20190904 15:35:32 Obtención correcta areas usuario:1
20190904 15:35:32 Avance correcto proceso 0
20190904 15:35:38 Obtención correcta areas usuario:1
20190904 15:35:38 Avance correcto proceso 0
20190904 15:35:41 Obtención correcta areas usuario:1
20190904 15:35:41 Avance correcto proceso 0
20190904 15:35:41 Obtención correcta areas usuario:1
20190904 15:35:41 Avance correcto proceso 0
20190904 15:35:42 Obtención correcta areas usuario:1
20190904 15:35:42 Avance correcto proceso 0
20190904 15:35:48 Obtención correcta areas usuario:1
20190904 15:35:48 Avance correcto proceso 0
20190904 15:35:51 Obtención correcta areas usuario:1
20190904 15:35:51 Avance correcto proceso 0
20190904 15:35:51 Obtención correcta areas usuario:1
20190904 15:35:51 Avance correcto proceso 0
20190904 15:35:52 Obtención correcta areas usuario:1
20190904 15:35:52 Avance correcto proceso 0
20190904 15:35:58 Obtención correcta areas usuario:1
20190904 15:35:58 Avance correcto proceso 0
20190904 15:36:01 Obtención correcta areas usuario:1
20190904 15:36:01 Avance correcto proceso 0
20190904 15:36:01 Obtención correcta areas usuario:1
20190904 15:36:01 Avance correcto proceso 0
20190904 15:36:02 Obtención correcta areas usuario:1
20190904 15:36:02 Avance correcto proceso 0
20190904 15:36:08 Obtención correcta areas usuario:1
20190904 15:36:08 Avance correcto proceso 0
20190904 15:36:11 Obtención correcta areas usuario:1
20190904 15:36:11 Avance correcto proceso 0
20190904 15:36:11 Obtención correcta areas usuario:1
20190904 15:36:11 Avance correcto proceso 0
20190904 15:36:12 Obtención correcta areas usuario:1
20190904 15:36:12 Avance correcto proceso 0
20190904 15:36:18 Obtención correcta areas usuario:1
20190904 15:36:18 Avance correcto proceso 0
20190904 15:36:21 Obtención correcta areas usuario:1
20190904 15:36:21 Avance correcto proceso 0
20190904 15:36:21 Obtención correcta areas usuario:1
20190904 15:36:21 Avance correcto proceso 0
20190904 15:36:22 Obtención correcta areas usuario:1
20190904 15:36:22 Avance correcto proceso 0
20190904 15:36:28 Obtención correcta areas usuario:1
20190904 15:36:28 Avance correcto proceso 0
20190904 15:36:31 Obtención correcta areas usuario:1
20190904 15:36:31 Avance correcto proceso 0
20190904 15:36:31 Obtención correcta areas usuario:1
20190904 15:36:31 Avance correcto proceso 0
20190904 15:36:32 Obtención correcta areas usuario:1
20190904 15:36:32 Avance correcto proceso 0
20190904 15:36:38 Obtención correcta areas usuario:1
20190904 15:36:38 Avance correcto proceso 0
20190904 15:36:41 Obtención correcta areas usuario:1
20190904 15:36:41 Avance correcto proceso 0
20190904 15:36:41 Obtención correcta areas usuario:1
20190904 15:36:41 Avance correcto proceso 0
20190904 15:36:42 Obtención correcta areas usuario:1
20190904 15:36:42 Avance correcto proceso 0
20190904 15:36:48 Obtención correcta areas usuario:1
20190904 15:36:48 Avance correcto proceso 0
20190904 15:36:51 Obtención correcta areas usuario:1
20190904 15:36:51 Avance correcto proceso 0
20190904 15:36:51 Obtención correcta areas usuario:1
20190904 15:36:51 Avance correcto proceso 0
20190904 15:36:52 Obtención correcta areas usuario:1
20190904 15:36:52 Avance correcto proceso 0
20190904 15:36:58 Obtención correcta areas usuario:1
20190904 15:36:58 Avance correcto proceso 0
20190904 15:37:01 Obtención correcta areas usuario:1
20190904 15:37:01 Avance correcto proceso 0
20190904 15:37:01 Obtención correcta areas usuario:1
20190904 15:37:01 Avance correcto proceso 0
20190904 15:37:02 Obtención correcta areas usuario:1
20190904 15:37:02 Avance correcto proceso 0
20190904 15:37:09 Obtención correcta areas usuario:1
20190904 15:37:09 Avance correcto proceso 0
20190904 15:37:11 Obtención correcta areas usuario:1
20190904 15:37:11 Avance correcto proceso 0
20190904 15:37:12 Obtención correcta areas usuario:1
20190904 15:37:12 Avance correcto proceso 0
20190904 15:37:12 Obtención correcta areas usuario:1
20190904 15:37:13 Avance correcto proceso 0
20190904 15:37:19 Obtención correcta areas usuario:1
20190904 15:37:19 Avance correcto proceso 0
20190904 15:37:21 Obtención correcta areas usuario:1
20190904 15:37:21 Avance correcto proceso 0
20190904 15:37:21 Obtención correcta areas usuario:1
20190904 15:37:21 Avance correcto proceso 0
20190904 15:37:22 Obtención correcta areas usuario:1
20190904 15:37:22 Avance correcto proceso 0
20190904 15:37:29 Obtención correcta areas usuario:1
20190904 15:37:29 Avance correcto proceso 0
20190904 15:37:31 Obtención correcta areas usuario:1
20190904 15:37:31 Avance correcto proceso 0
20190904 15:37:31 Obtención correcta areas usuario:1
20190904 15:37:31 Avance correcto proceso 0
20190904 15:37:32 Obtención correcta areas usuario:1
20190904 15:37:32 Avance correcto proceso 0
20190904 15:37:39 Obtención correcta areas usuario:1
20190904 15:37:39 Avance correcto proceso 0
20190904 15:37:41 Obtención correcta areas usuario:1
20190904 15:37:41 Avance correcto proceso 0
20190904 15:37:41 Obtención correcta areas usuario:1
20190904 15:37:41 Avance correcto proceso 0
20190904 15:37:42 Obtención correcta areas usuario:1
20190904 15:37:42 Avance correcto proceso 0
20190904 15:37:49 Obtención correcta areas usuario:1
20190904 15:37:49 Avance correcto proceso 0
20190904 15:37:51 Obtención correcta areas usuario:1
20190904 15:37:51 Avance correcto proceso 0
20190904 15:37:51 Obtención correcta areas usuario:1
20190904 15:37:51 Avance correcto proceso 0
20190904 15:37:52 Obtención correcta areas usuario:1
20190904 15:37:52 Avance correcto proceso 0
20190904 15:37:59 Obtención correcta areas usuario:1
20190904 15:37:59 Avance correcto proceso 0
20190904 15:38:01 Obtención correcta areas usuario:1
20190904 15:38:01 Avance correcto proceso 0
20190904 15:38:01 Obtención correcta areas usuario:1
20190904 15:38:01 Avance correcto proceso 0
20190904 15:38:02 Obtención correcta areas usuario:1
20190904 15:38:02 Avance correcto proceso 0
20190904 15:38:09 Obtención correcta areas usuario:1
20190904 15:38:09 Avance correcto proceso 0
20190904 15:38:11 Obtención correcta areas usuario:1
20190904 15:38:11 Avance correcto proceso 0
20190904 15:38:11 Obtención correcta areas usuario:1
20190904 15:38:11 Avance correcto proceso 0
20190904 15:38:12 Obtención correcta areas usuario:1
20190904 15:38:12 Avance correcto proceso 0
20190904 15:38:19 Obtención correcta areas usuario:1
20190904 15:38:19 Avance correcto proceso 0
20190904 15:38:21 Obtención correcta areas usuario:1
20190904 15:38:21 Avance correcto proceso 0
20190904 15:38:21 Obtención correcta areas usuario:1
20190904 15:38:21 Avance correcto proceso 0
20190904 15:38:22 Obtención correcta areas usuario:1
20190904 15:38:22 Avance correcto proceso 0
20190904 15:38:29 Obtención correcta areas usuario:1
20190904 15:38:29 Avance correcto proceso 0
20190904 15:38:31 Obtención correcta areas usuario:1
20190904 15:38:31 Avance correcto proceso 0
20190904 15:38:31 Obtención correcta areas usuario:1
20190904 15:38:31 Avance correcto proceso 0
20190904 15:38:32 Obtención correcta areas usuario:1
20190904 15:38:32 Avance correcto proceso 0
20190904 15:38:39 Obtención correcta areas usuario:1
20190904 15:38:39 Avance correcto proceso 0
20190904 15:38:41 Obtención correcta areas usuario:1
20190904 15:38:41 Avance correcto proceso 0
20190904 15:38:41 Obtención correcta areas usuario:1
20190904 15:38:41 Avance correcto proceso 0
20190904 15:38:42 Obtención correcta areas usuario:1
20190904 15:38:42 Avance correcto proceso 0
20190904 15:38:49 Obtención correcta areas usuario:1
20190904 15:38:49 Avance correcto proceso 0
20190904 15:38:51 Obtención correcta areas usuario:1
20190904 15:38:51 Avance correcto proceso 0
20190904 15:38:51 Obtención correcta areas usuario:1
20190904 15:38:51 Avance correcto proceso 0
20190904 15:38:52 Obtención correcta areas usuario:1
20190904 15:38:52 Avance correcto proceso 0
20190904 15:38:59 Obtención correcta areas usuario:1
20190904 15:38:59 Avance correcto proceso 0
20190904 15:39:01 Obtención correcta areas usuario:1
20190904 15:39:01 Avance correcto proceso 0
20190904 15:39:01 Obtención correcta areas usuario:1
20190904 15:39:01 Avance correcto proceso 0
20190904 15:39:02 Obtención correcta areas usuario:1
20190904 15:39:02 Avance correcto proceso 0
20190904 15:39:09 Obtención correcta areas usuario:1
20190904 15:39:09 Avance correcto proceso 0
20190904 15:39:11 Obtención correcta areas usuario:1
20190904 15:39:11 Avance correcto proceso 0
20190904 15:39:11 Obtención correcta areas usuario:1
20190904 15:39:11 Avance correcto proceso 0
20190904 15:39:12 Obtención correcta areas usuario:1
20190904 15:39:12 Avance correcto proceso 0
20190904 15:39:19 Obtención correcta areas usuario:1
20190904 15:39:19 Avance correcto proceso 0
20190904 15:39:21 Obtención correcta areas usuario:1
20190904 15:39:21 Avance correcto proceso 0
20190904 15:39:21 Obtención correcta areas usuario:1
20190904 15:39:21 Avance correcto proceso 0
20190904 15:39:22 Obtención correcta areas usuario:1
20190904 15:39:22 Avance correcto proceso 0
20190904 15:39:29 Obtención correcta areas usuario:1
20190904 15:39:29 Avance correcto proceso 0
20190904 15:39:31 Obtención correcta areas usuario:1
20190904 15:39:31 Avance correcto proceso 0
20190904 15:39:31 Obtención correcta areas usuario:1
20190904 15:39:31 Avance correcto proceso 0
20190904 15:39:32 Obtención correcta areas usuario:1
20190904 15:39:32 Avance correcto proceso 0
