20190819 12:15:14 Acceso correcto usuario Usuario
20190819 12:15:14 Obtención correcta areas usuario:1
20190819 12:15:14 Avance correcto proceso 0
20190819 12:15:21 Obtención correcta areas usuario:1
20190819 12:15:27 Obtención correcta aplicaciones usuario:1 area 1
20190819 12:15:29 Obtención correcta objetosdb usuario:1 app 4
20190819 12:15:30 Obtención incorrecta aplicaciones usuario:1 app 4
20190819 12:15:30 Obtención correcta ObtenIndicaores usuario:1 app 4
20190819 12:15:33 Obtención correcta objetosdb usuario:1 app 23
20190819 12:15:33 Obtención correcta ObtenIndicaores usuario:1 app 23
20190819 12:15:33 Obtención correcta objetosdb usuario:1 app 23
20190819 12:15:34 Obtención correcta objetosdb usuario:1 app 23
20190819 12:15:34 Obtención correcta objetosdb usuario:1 app 23
20190819 12:15:34 Obtención correcta ObtenIndicaores usuario:1 app 23
20190819 12:15:35 Obtención correcta objetosdb usuario:1 app 23
20190819 12:15:35 Obtención correcta objetosdb usuario:1 app 23
20190819 12:15:36 Obtención correcta ObtenIndicaores usuario:1 app 23
20190819 12:15:37 Obtención correcta ObtenIndicaores usuario:1 app 23
20190819 12:15:37 Obtención correcta objetosdb usuario:1 app 23
20190819 12:15:37 Obtención correcta objetosdb usuario:1 app 23
20190819 12:27:34 Obtención correcta areas usuario:1
20190819 12:28:32 Obtención correcta areas usuario:1
20190819 12:28:45 Obtención correcta aplicaciones usuario:1 area 1
20190819 12:28:50 Obtención correcta objetosdb usuario:1 app 23
20190819 12:28:50 Obtención correcta ObtenIndicaores usuario:1 app 23
20190819 12:28:51 Obtención correcta objetosdb usuario:1 app 23
20190819 12:30:24 Obtención correcta areas usuario:1
20190819 12:30:32 Obtención correcta aplicaciones usuario:1 area 1
20190819 12:30:37 Obtención correcta objetosdb usuario:1 app 23
20190819 12:30:45 Obtención correcta objetosdb usuario:1 app 23
20190819 12:30:48 Obtención correcta ObtenIndicaores usuario:1 app 23
20190819 12:30:50 Obtención correcta objetosdb usuario:1 app 23
20190819 12:30:50 Obtención correcta ObtenIndicaores usuario:1 app 23
20190819 12:30:53 Obtención correcta objetosdb usuario:1 app 23
