20190814 09:35:21 Acceso correcto usuario usuario
20190814 09:35:21 Obtención correcta areas usuario:1
20190814 09:35:21 Avance correcto proceso 0
20190814 09:35:26 Obtención correcta areas usuario:1
20190814 10:41:58 Acceso correcto usuario usuario
20190814 10:41:58 Obtención correcta areas usuario:1
20190814 10:41:58 Avance correcto proceso 0
20190814 10:42:11 Obtención correcta areas usuario:1
20190814 11:42:18 Obtención correcta aplicaciones usuario:1 area 1
20190814 11:42:21 Obtención correcta objetosdb usuario:1 app 23
20190814 11:42:22 Obtención correcta objetosdb usuario:1 app 23
20190814 11:42:22 Obtención correcta ObtenIndicaores usuario:1 app 23
20190814 11:42:26 Obtención correcta objetosdb usuario:1 app 23
20190814 11:42:26 Obtención correcta objetosdb usuario:1 app 23
20190814 11:42:27 Obtención correcta ObtenIndicaores usuario:1 app 23
20190814 11:42:27 Obtención correcta objetosdb usuario:1 app 23
20190814 11:42:27 Obtención correcta objetosdb usuario:1 app 23
20190814 11:42:28 Obtención correcta ObtenIndicaores usuario:1 app 23
20190814 11:42:28 Obtención correcta objetosdb usuario:1 app 23
20190814 11:42:29 Obtención correcta objetosdb usuario:1 app 23
20190814 11:42:29 Obtención correcta ObtenIndicaores usuario:1 app 23
20190814 11:42:30 Obtención correcta objetosdb usuario:1 app 23
20190814 11:42:31 Obtención correcta objetosdb usuario:1 app 23
20190814 11:42:32 Obtención correcta ObtenIndicaores usuario:1 app 23
20190814 11:42:33 Obtención correcta objetosdb usuario:1 app 23
20190814 11:42:33 Obtención correcta objetosdb usuario:1 app 23
20190814 11:42:34 Obtención correcta ObtenIndicaores usuario:1 app 23
20190814 11:43:05 Obtención correcta objetosdb usuario:1 app 23
20190814 11:43:05 Obtención correcta objetosdb usuario:1 app 23
20190814 11:43:06 Obtención correcta ObtenIndicaores usuario:1 app 23
20190814 11:43:08 Obtención correcta objetosdb usuario:1 app 23
20190814 11:43:09 Obtención correcta ObtenIndicaores usuario:1 app 23
20190814 11:43:09 Obtención correcta objetosdb usuario:1 app 23
20190814 11:43:14 Obtención correcta objetosdb usuario:1 app 23
20190814 11:43:15 Obtención correcta ObtenIndicaores usuario:1 app 23
20190814 11:43:16 Obtención correcta objetosdb usuario:1 app 23
20190814 11:43:18 Obtención correcta objetosdb usuario:1 app 23
20190814 11:43:19 Obtención correcta objetosdb usuario:1 app 23
20190814 11:43:19 Obtención correcta ObtenIndicaores usuario:1 app 23
20190814 15:27:41 Acceso correcto usuario usuario
20190814 15:27:41 Obtención correcta areas usuario:1
20190814 15:27:41 Avance correcto proceso 0
20190814 15:27:51 Obtención correcta areas usuario:1
