20190905 17:21:08 Acceso correcto usuario Usuario
20190905 17:21:08 Obtención correcta areas usuario:1
20190905 17:21:08 Avance correcto proceso 0
20190905 17:21:15 Obtención correcta areas usuario:1
20190905 17:21:15 Consulta correcta aplicacion 0
20190905 17:21:31 No existe un ProcesoID cargado. No es posible cargar el archivo ProcesoDB10219_12.csv
20190905 17:21:41 Obtención correcta areas usuario:1
20190905 17:21:41 Consulta correcta aplicacion 0
20190905 17:22:20 No existe un ProcesoID cargado. No es posible cargar el archivo ProcesoDB10219_12.csv
20190905 17:24:53 No existe un ProcesoID cargado. No es posible cargar el archivo ProcesoDB10219_12.csv
20190905 17:25:54 No existe un ProcesoID cargado. No es posible cargar el archivo ProcesoDB10219_12.csv
20190905 17:26:17 No existe un ProcesoID cargado. No es posible cargar el archivo ProcesoDB10219_12.csv
20190905 17:32:08 No existe un ProcesoID cargado. No es posible cargar el archivo ProcesoDB10219_12.csv
20190905 17:33:14 No existe un ProcesoID cargado. No es posible cargar el archivo ProcesoDB10219_12.csv
20190905 17:34:03 Consulta de Proceso correcta
20190905 17:34:03 No existe un ProcesoID cargado. No es posible cargar el archivo ProcesoDB10219_12.csv
20190905 17:34:30 Consulta de Proceso correcta
20190905 17:34:30 No existe un ProcesoID cargado. No es posible cargar el archivo ProcesoDB10219_12.csv
20190905 17:36:05 Consulta de Proceso correcta
20190905 17:40:42 Acceso correcto usuario Usuario
20190905 17:40:42 Obtención correcta areas usuario:1
20190905 17:40:42 Avance correcto proceso 0
20190905 17:40:50 Obtención correcta areas usuario:1
20190905 17:40:50 Consulta correcta aplicacion 0
20190905 17:41:01 Consulta de Proceso correcta
