20190909 15:42:48 Acceso correcto usuario Usuario
20190909 15:42:48 Obtención correcta areas usuario:1
20190909 15:42:48 Avance correcto proceso 0
20190909 15:42:55 Obtención correcta areas usuario:1
20190909 15:42:56 Consulta correcta aplicacion 0
20190909 15:43:00 Obtención correcta areas usuario:1
20190909 15:43:09 Obtención correcta areas usuario:1
20190909 15:43:17 Acceso correcto usuario Usuario
20190909 15:43:17 Obtención correcta areas usuario:1
20190909 15:43:17 Avance correcto proceso 0
20190909 15:43:32 Obtención correcta aplicaciones usuario:1 area 14
20190909 15:43:42 Obtención correcta areas usuario:1
20190909 15:43:42 Avance correcto proceso 0
20190909 15:46:30 Obtención correcta aplicaciones usuario:1 area 2
20190909 15:47:35 actualizaStatus.UploadComplete Cannot apply indexing with [] to an expression of type 'System.Dynamic.DynamicObject'
20190909 15:47:35 Obtención correcta areas usuario:1
20190909 15:47:35 Avance correcto proceso 0
20190909 15:47:44 Obtención correcta areas usuario:1
20190909 15:47:44 Avance correcto proceso 0
20190909 15:47:54 Obtención correcta areas usuario:1
20190909 15:47:54 Avance correcto proceso 0
20190909 15:48:04 Obtención correcta areas usuario:1
20190909 15:48:04 Avance correcto proceso 0
20190909 15:48:14 Obtención correcta areas usuario:1
20190909 15:48:14 Avance correcto proceso 0
20190909 15:48:24 Obtención correcta areas usuario:1
20190909 15:48:24 Avance correcto proceso 0
20190909 15:48:34 Obtención correcta areas usuario:1
20190909 15:48:34 Avance correcto proceso 0
20190909 15:48:44 Obtención correcta areas usuario:1
20190909 15:48:44 Avance correcto proceso 0
20190909 15:48:54 Obtención correcta areas usuario:1
20190909 15:48:54 Avance correcto proceso 0
20190909 15:49:04 Obtención correcta areas usuario:1
20190909 15:49:04 Avance correcto proceso 0
20190909 15:49:14 Obtención correcta areas usuario:1
20190909 15:49:14 Avance correcto proceso 0
20190909 15:49:24 Obtención correcta areas usuario:1
20190909 15:49:24 Avance correcto proceso 0
20190909 15:49:34 Obtención correcta areas usuario:1
20190909 15:49:34 Avance correcto proceso 0
20190909 15:49:44 Obtención correcta areas usuario:1
20190909 15:49:44 Avance correcto proceso 0
20190909 15:49:54 Obtención correcta areas usuario:1
20190909 15:49:54 Avance correcto proceso 0
20190909 15:50:04 Obtención correcta areas usuario:1
20190909 15:50:04 Avance correcto proceso 0
20190909 15:50:14 Obtención correcta areas usuario:1
20190909 15:50:14 Avance correcto proceso 0
20190909 15:50:24 Obtención correcta areas usuario:1
20190909 15:50:24 Avance correcto proceso 0
20190909 15:50:34 Obtención correcta areas usuario:1
20190909 15:50:34 Avance correcto proceso 0
20190909 15:50:44 Obtención correcta areas usuario:1
20190909 15:50:44 Avance correcto proceso 0
20190909 15:50:54 Obtención correcta areas usuario:1
20190909 15:50:54 Avance correcto proceso 0
20190909 15:51:04 Obtención correcta areas usuario:1
20190909 15:51:04 Avance correcto proceso 0
20190909 15:51:14 Obtención correcta areas usuario:1
20190909 15:51:14 Avance correcto proceso 0
20190909 15:51:24 Obtención correcta areas usuario:1
20190909 15:51:24 Avance correcto proceso 0
20190909 15:51:34 Obtención correcta areas usuario:1
20190909 15:51:34 Avance correcto proceso 0
20190909 15:51:44 Obtención correcta areas usuario:1
20190909 15:51:44 Avance correcto proceso 0
20190909 15:51:54 Obtención correcta areas usuario:1
20190909 15:51:54 Avance correcto proceso 0
20190909 15:52:04 Obtención correcta areas usuario:1
20190909 15:52:04 Avance correcto proceso 0
20190909 15:52:14 Obtención correcta areas usuario:1
20190909 15:52:14 Avance correcto proceso 0
20190909 15:52:24 Obtención correcta areas usuario:1
20190909 15:52:24 Avance correcto proceso 0
20190909 15:52:34 Obtención correcta areas usuario:1
20190909 15:52:34 Avance correcto proceso 0
20190909 15:52:44 Obtención correcta areas usuario:1
20190909 15:52:44 Avance correcto proceso 0
20190909 15:52:54 Obtención correcta areas usuario:1
20190909 15:52:54 Avance correcto proceso 0
20190909 15:53:04 Obtención correcta areas usuario:1
20190909 15:53:04 Avance correcto proceso 0
20190909 15:53:14 Obtención correcta areas usuario:1
20190909 15:53:14 Avance correcto proceso 0
20190909 15:53:24 Obtención correcta areas usuario:1
20190909 15:53:24 Avance correcto proceso 0
20190909 15:53:34 Obtención correcta areas usuario:1
20190909 15:53:34 Avance correcto proceso 0
20190909 15:53:44 Obtención correcta areas usuario:1
20190909 15:53:44 Avance correcto proceso 0
20190909 15:53:54 Obtención correcta areas usuario:1
20190909 15:53:54 Avance correcto proceso 0
20190909 15:54:04 Obtención correcta areas usuario:1
20190909 15:54:04 Avance correcto proceso 0
20190909 15:54:14 Obtención correcta areas usuario:1
20190909 15:54:14 Avance correcto proceso 0
20190909 15:54:24 Obtención correcta areas usuario:1
20190909 15:54:24 Avance correcto proceso 0
20190909 15:54:34 Obtención correcta areas usuario:1
20190909 15:54:34 Avance correcto proceso 0
20190909 15:54:44 Obtención correcta areas usuario:1
20190909 15:54:44 Avance correcto proceso 0
20190909 15:54:54 Obtención correcta areas usuario:1
20190909 15:54:54 Avance correcto proceso 0
20190909 15:55:04 Obtención correcta areas usuario:1
20190909 15:55:04 Avance correcto proceso 0
20190909 15:55:14 Obtención correcta areas usuario:1
20190909 15:55:14 Avance correcto proceso 0
20190909 15:55:24 Obtención correcta areas usuario:1
20190909 15:55:24 Avance correcto proceso 0
20190909 15:55:34 Obtención correcta areas usuario:1
20190909 15:55:34 Avance correcto proceso 0
20190909 15:55:44 Obtención correcta areas usuario:1
20190909 15:55:44 Avance correcto proceso 0
20190909 15:55:54 Obtención correcta areas usuario:1
20190909 15:55:54 Avance correcto proceso 0
20190909 15:56:04 Obtención correcta areas usuario:1
20190909 15:56:04 Avance correcto proceso 0
20190909 15:56:14 Obtención correcta areas usuario:1
20190909 15:56:14 Avance correcto proceso 0
20190909 15:56:24 Obtención correcta areas usuario:1
20190909 15:56:24 Avance correcto proceso 0
20190909 15:56:34 Obtención correcta areas usuario:1
20190909 15:56:34 Avance correcto proceso 0
20190909 15:56:44 Obtención correcta areas usuario:1
20190909 15:56:44 Avance correcto proceso 0
20190909 15:56:54 Obtención correcta areas usuario:1
20190909 15:56:54 Avance correcto proceso 0
20190909 15:57:04 Obtención correcta areas usuario:1
20190909 15:57:04 Avance correcto proceso 0
20190909 15:57:14 Obtención correcta areas usuario:1
20190909 15:57:14 Avance correcto proceso 0
20190909 15:57:24 Obtención correcta areas usuario:1
20190909 15:57:24 Avance correcto proceso 0
20190909 15:57:34 Obtención correcta areas usuario:1
20190909 15:57:34 Avance correcto proceso 0
20190909 15:57:44 Obtención correcta areas usuario:1
20190909 15:57:44 Avance correcto proceso 0
20190909 15:57:54 Obtención correcta areas usuario:1
20190909 15:57:54 Avance correcto proceso 0
20190909 15:58:04 Obtención correcta areas usuario:1
20190909 15:58:04 Avance correcto proceso 0
20190909 15:58:14 Obtención correcta areas usuario:1
20190909 15:58:14 Avance correcto proceso 0
20190909 15:58:24 Obtención correcta areas usuario:1
20190909 15:58:24 Avance correcto proceso 0
20190909 15:58:34 Obtención correcta areas usuario:1
20190909 15:58:34 Avance correcto proceso 0
20190909 15:58:44 Obtención correcta areas usuario:1
20190909 15:58:45 Avance correcto proceso 0
20190909 15:58:54 Obtención correcta areas usuario:1
20190909 15:58:54 Avance correcto proceso 0
20190909 15:59:04 Obtención correcta areas usuario:1
20190909 15:59:04 Avance correcto proceso 0
20190909 15:59:14 Obtención correcta areas usuario:1
20190909 15:59:14 Avance correcto proceso 0
20190909 15:59:24 Obtención correcta areas usuario:1
20190909 15:59:24 Avance correcto proceso 0
20190909 15:59:34 Obtención correcta areas usuario:1
20190909 15:59:34 Avance correcto proceso 0
20190909 15:59:44 Obtención correcta areas usuario:1
20190909 15:59:44 Avance correcto proceso 0
20190909 15:59:54 Obtención correcta areas usuario:1
20190909 15:59:54 Avance correcto proceso 0
20190909 16:00:04 Obtención correcta areas usuario:1
20190909 16:00:04 Avance correcto proceso 0
20190909 16:00:14 Obtención correcta areas usuario:1
20190909 16:00:14 Avance correcto proceso 0
20190909 16:00:24 Obtención correcta areas usuario:1
20190909 16:00:24 Avance correcto proceso 0
20190909 16:00:34 Obtención correcta areas usuario:1
20190909 16:00:34 Avance correcto proceso 0
20190909 16:00:44 Obtención correcta areas usuario:1
20190909 16:00:44 Avance correcto proceso 0
20190909 16:00:54 Obtención correcta areas usuario:1
20190909 16:00:54 Avance correcto proceso 0
20190909 16:01:04 Obtención correcta areas usuario:1
20190909 16:01:04 Avance correcto proceso 0
20190909 16:01:14 Obtención correcta areas usuario:1
20190909 16:01:14 Avance correcto proceso 0
20190909 16:01:25 Obtención correcta areas usuario:1
20190909 16:01:25 Avance correcto proceso 0
20190909 16:01:34 Obtención correcta areas usuario:1
20190909 16:01:34 Avance correcto proceso 0
20190909 16:01:44 Obtención correcta areas usuario:1
20190909 16:01:44 Avance correcto proceso 0
20190909 16:01:54 Obtención correcta areas usuario:1
20190909 16:01:54 Avance correcto proceso 0
20190909 16:02:04 Obtención correcta areas usuario:1
20190909 16:02:04 Avance correcto proceso 0
20190909 16:02:14 Obtención correcta areas usuario:1
20190909 16:02:14 Avance correcto proceso 0
20190909 16:02:24 Obtención correcta areas usuario:1
20190909 16:02:24 Avance correcto proceso 0
20190909 16:02:34 Obtención correcta areas usuario:1
20190909 16:02:34 Avance correcto proceso 0
20190909 16:02:45 Obtención correcta areas usuario:1
20190909 16:02:45 Avance correcto proceso 0
20190909 16:02:54 Obtención correcta areas usuario:1
20190909 16:02:54 Avance correcto proceso 0
20190909 16:03:04 Obtención correcta areas usuario:1
20190909 16:03:04 Avance correcto proceso 0
20190909 16:03:14 Obtención correcta areas usuario:1
20190909 16:03:15 Avance correcto proceso 0
20190909 16:03:24 Obtención correcta areas usuario:1
20190909 16:03:25 Avance correcto proceso 0
20190909 16:03:34 Obtención correcta areas usuario:1
20190909 16:03:34 Avance correcto proceso 0
20190909 16:03:44 Obtención correcta areas usuario:1
20190909 16:03:45 Avance correcto proceso 0
20190909 16:03:55 Obtención correcta areas usuario:1
20190909 16:03:55 Avance correcto proceso 0
20190909 16:04:05 Obtención correcta areas usuario:1
20190909 16:04:05 Avance correcto proceso 0
20190909 16:04:15 Obtención correcta areas usuario:1
20190909 16:04:15 Avance correcto proceso 0
20190909 16:04:25 Obtención correcta areas usuario:1
20190909 16:04:25 Avance correcto proceso 0
20190909 16:04:35 Obtención correcta areas usuario:1
20190909 16:04:35 Avance correcto proceso 0
20190909 16:04:45 Obtención correcta areas usuario:1
20190909 16:04:45 Avance correcto proceso 0
20190909 16:04:55 Obtención correcta areas usuario:1
20190909 16:04:55 Avance correcto proceso 0
20190909 16:05:05 Obtención correcta areas usuario:1
20190909 16:05:05 Avance correcto proceso 0
20190909 16:05:15 Obtención correcta areas usuario:1
20190909 16:05:15 Avance correcto proceso 0
20190909 16:05:25 Obtención correcta areas usuario:1
20190909 16:05:25 Avance correcto proceso 0
20190909 16:05:35 Obtención correcta areas usuario:1
20190909 16:05:35 Avance correcto proceso 0
20190909 16:05:45 Obtención correcta areas usuario:1
20190909 16:05:45 Avance correcto proceso 0
20190909 16:05:55 Obtención correcta areas usuario:1
20190909 16:05:55 Avance correcto proceso 0
20190909 16:06:05 Obtención correcta areas usuario:1
20190909 16:06:05 Avance correcto proceso 0
20190909 16:06:15 Obtención correcta areas usuario:1
20190909 16:06:15 Avance correcto proceso 0
20190909 16:06:25 Obtención correcta areas usuario:1
20190909 16:06:25 Avance correcto proceso 0
20190909 16:06:35 Obtención correcta areas usuario:1
20190909 16:06:35 Avance correcto proceso 0
20190909 16:06:45 Obtención correcta areas usuario:1
20190909 16:06:45 Avance correcto proceso 0
20190909 16:06:55 Obtención correcta areas usuario:1
20190909 16:06:55 Avance correcto proceso 0
20190909 16:07:05 Obtención correcta areas usuario:1
20190909 16:07:05 Avance correcto proceso 0
20190909 16:07:15 Obtención correcta areas usuario:1
20190909 16:07:15 Avance correcto proceso 0
20190909 16:07:25 Obtención correcta areas usuario:1
20190909 16:07:25 Avance correcto proceso 0
20190909 16:07:35 Obtención correcta areas usuario:1
20190909 16:07:35 Avance correcto proceso 0
20190909 16:07:45 Obtención correcta areas usuario:1
20190909 16:07:45 Avance correcto proceso 0
20190909 16:07:55 Obtención correcta areas usuario:1
20190909 16:07:55 Avance correcto proceso 0
20190909 16:08:05 Obtención correcta areas usuario:1
20190909 16:08:05 Avance correcto proceso 0
20190909 16:08:15 Obtención correcta areas usuario:1
20190909 16:08:15 Avance correcto proceso 0
20190909 16:08:25 Obtención correcta areas usuario:1
20190909 16:08:25 Avance correcto proceso 0
20190909 16:08:35 Obtención correcta areas usuario:1
20190909 16:08:35 Avance correcto proceso 0
20190909 16:08:45 Obtención correcta areas usuario:1
20190909 16:08:45 Avance correcto proceso 0
20190909 16:08:55 Obtención correcta areas usuario:1
20190909 16:08:55 Avance correcto proceso 0
20190909 16:09:05 Obtención correcta areas usuario:1
20190909 16:09:05 Avance correcto proceso 0
20190909 16:09:15 Obtención correcta areas usuario:1
20190909 16:09:15 Avance correcto proceso 0
20190909 16:09:25 Obtención correcta areas usuario:1
20190909 16:09:25 Avance correcto proceso 0
20190909 16:09:35 Obtención correcta areas usuario:1
20190909 16:09:35 Avance correcto proceso 0
20190909 16:09:45 Obtención correcta areas usuario:1
20190909 16:09:45 Avance correcto proceso 0
20190909 16:09:55 Obtención correcta areas usuario:1
20190909 16:09:55 Avance correcto proceso 0
20190909 16:10:05 Obtención correcta areas usuario:1
20190909 16:10:05 Avance correcto proceso 0
20190909 16:10:15 Obtención correcta areas usuario:1
20190909 16:10:15 Avance correcto proceso 0
20190909 16:10:25 Obtención correcta areas usuario:1
20190909 16:10:25 Avance correcto proceso 0
20190909 16:10:35 Obtención correcta areas usuario:1
20190909 16:10:35 Avance correcto proceso 0
20190909 16:10:45 Obtención correcta areas usuario:1
20190909 16:10:45 Avance correcto proceso 0
20190909 16:10:55 Obtención correcta areas usuario:1
20190909 16:10:55 Avance correcto proceso 0
20190909 16:11:05 Obtención correcta areas usuario:1
20190909 16:11:05 Avance correcto proceso 0
20190909 16:11:15 Obtención correcta areas usuario:1
20190909 16:11:15 Avance correcto proceso 0
20190909 16:11:25 Obtención correcta areas usuario:1
20190909 16:11:25 Avance correcto proceso 0
20190909 16:11:35 Obtención correcta areas usuario:1
20190909 16:11:35 Avance correcto proceso 0
20190909 16:11:45 Obtención correcta areas usuario:1
20190909 16:11:45 Avance correcto proceso 0
20190909 16:11:55 Obtención correcta areas usuario:1
20190909 16:11:55 Avance correcto proceso 0
20190909 16:12:05 Obtención correcta areas usuario:1
20190909 16:12:05 Avance correcto proceso 0
20190909 16:12:15 Obtención correcta areas usuario:1
20190909 16:12:15 Avance correcto proceso 0
20190909 16:12:25 Obtención correcta areas usuario:1
20190909 16:12:25 Avance correcto proceso 0
20190909 16:12:35 Obtención correcta areas usuario:1
20190909 16:12:35 Avance correcto proceso 0
20190909 16:12:45 Obtención correcta areas usuario:1
20190909 16:12:45 Avance correcto proceso 0
20190909 16:12:55 Obtención correcta areas usuario:1
20190909 16:12:55 Avance correcto proceso 0
20190909 16:13:05 Obtención correcta areas usuario:1
20190909 16:13:05 Avance correcto proceso 0
20190909 16:13:15 Obtención correcta areas usuario:1
20190909 16:13:15 Avance correcto proceso 0
20190909 16:13:25 Obtención correcta areas usuario:1
20190909 16:13:25 Avance correcto proceso 0
20190909 16:13:35 Obtención correcta areas usuario:1
20190909 16:13:35 Avance correcto proceso 0
20190909 16:13:45 Obtención correcta areas usuario:1
20190909 16:13:45 Avance correcto proceso 0
20190909 16:13:55 Obtención correcta areas usuario:1
20190909 16:13:55 Avance correcto proceso 0
20190909 16:14:05 Obtención correcta areas usuario:1
20190909 16:14:05 Avance correcto proceso 0
20190909 16:14:15 Obtención correcta areas usuario:1
20190909 16:14:15 Avance correcto proceso 0
20190909 16:14:25 Obtención correcta areas usuario:1
20190909 16:14:25 Avance correcto proceso 0
20190909 16:14:35 Obtención correcta areas usuario:1
20190909 16:14:35 Avance correcto proceso 0
20190909 16:14:45 Obtención correcta areas usuario:1
20190909 16:14:45 Avance correcto proceso 0
20190909 16:14:55 Obtención correcta areas usuario:1
20190909 16:14:55 Avance correcto proceso 0
20190909 16:15:05 Obtención correcta areas usuario:1
20190909 16:15:05 Avance correcto proceso 0
20190909 16:15:15 Obtención correcta areas usuario:1
20190909 16:15:15 Avance correcto proceso 0
20190909 16:15:25 Obtención correcta areas usuario:1
20190909 16:15:25 Avance correcto proceso 0
20190909 16:15:35 Obtención correcta areas usuario:1
20190909 16:15:35 Avance correcto proceso 0
20190909 16:15:45 Obtención correcta areas usuario:1
20190909 16:15:45 Avance correcto proceso 0
20190909 16:15:55 Obtención correcta areas usuario:1
20190909 16:15:55 Avance correcto proceso 0
20190909 16:16:05 Obtención correcta areas usuario:1
20190909 16:16:05 Avance correcto proceso 0
20190909 16:16:15 Obtención correcta areas usuario:1
20190909 16:16:15 Avance correcto proceso 0
20190909 16:16:25 Obtención correcta areas usuario:1
20190909 16:16:25 Avance correcto proceso 0
20190909 16:16:35 Obtención correcta areas usuario:1
20190909 16:16:35 Avance correcto proceso 0
20190909 16:16:45 Obtención correcta areas usuario:1
20190909 16:16:45 Avance correcto proceso 0
20190909 16:16:55 Obtención correcta areas usuario:1
20190909 16:16:55 Avance correcto proceso 0
20190909 16:17:05 Obtención correcta areas usuario:1
20190909 16:17:05 Avance correcto proceso 0
20190909 16:17:15 Obtención correcta areas usuario:1
20190909 16:17:15 Avance correcto proceso 0
20190909 16:17:25 Obtención correcta areas usuario:1
20190909 16:17:25 Avance correcto proceso 0
20190909 16:17:35 Obtención correcta areas usuario:1
20190909 16:17:35 Avance correcto proceso 0
20190909 16:17:45 Obtención correcta areas usuario:1
20190909 16:17:45 Avance correcto proceso 0
20190909 16:17:55 Obtención correcta areas usuario:1
20190909 16:17:55 Avance correcto proceso 0
20190909 16:18:05 Obtención correcta areas usuario:1
20190909 16:18:05 Avance correcto proceso 0
20190909 16:18:15 Obtención correcta areas usuario:1
20190909 16:18:15 Avance correcto proceso 0
20190909 16:18:17 Obtención correcta aplicaciones usuario:1 area 16
20190909 16:18:25 Obtención correcta areas usuario:1
20190909 16:18:25 Avance correcto proceso 0
20190909 16:18:28 Obtención correcta areas usuario:1
20190909 16:18:28 Avance correcto proceso 0
20190909 16:18:31 Obtención correcta aplicaciones usuario:1 area 16
20190909 16:26:27 Obtención correcta aplicaciones usuario:1 area 1
20190909 16:26:29 Obtención correcta aplicaciones usuario:1 area 14
20190909 16:26:30 Obtención correcta aplicaciones usuario:1 area 16
20190909 16:26:39 actualizaStatus.UploadComplete Cannot create a file when that file already exists.

20190909 16:26:39 Obtención correcta areas usuario:1
20190909 16:26:39 Avance correcto proceso 0
20190909 16:26:49 Obtención correcta areas usuario:1
20190909 16:26:49 Avance correcto proceso 0
20190909 16:26:59 Obtención correcta areas usuario:1
20190909 16:26:59 Avance correcto proceso 0
20190909 16:27:07 Obtención correcta areas usuario:1
20190909 16:27:07 Avance correcto proceso 0
20190909 16:27:12 Obtención correcta aplicaciones usuario:1 area 16
20190909 16:27:18 actualizaStatus.UploadComplete Input string was not in a correct format.
20190909 16:27:18 Obtención correcta areas usuario:1
20190909 16:27:18 Avance correcto proceso 0
20190909 16:27:28 Obtención correcta areas usuario:1
20190909 16:27:28 Avance correcto proceso 0
20190909 16:27:38 Obtención correcta areas usuario:1
20190909 16:27:38 Avance correcto proceso 0
20190909 16:28:29 Acceso correcto usuario Usuario
20190909 16:28:29 Obtención correcta areas usuario:1
20190909 16:28:29 Avance correcto proceso 0
20190909 16:28:33 Obtención correcta aplicaciones usuario:1 area 16
20190909 16:28:41 actualizaStatus.UploadComplete Input string was not in a correct format.
20190909 16:28:41 Obtención correcta areas usuario:1
20190909 16:28:41 Avance correcto proceso 0
20190909 16:28:51 Obtención correcta areas usuario:1
20190909 16:28:51 Avance correcto proceso 0
20190909 16:29:01 Obtención correcta areas usuario:1
20190909 16:29:01 Avance correcto proceso 0
20190909 16:30:16 Acceso correcto usuario Usuario
20190909 16:30:16 Obtención correcta areas usuario:1
20190909 16:30:16 Avance correcto proceso 0
20190909 16:30:20 Obtención correcta aplicaciones usuario:1 area 16
20190909 16:30:28 actualizaStatus.UploadComplete Cannot apply indexing with [] to an expression of type 'System.Dynamic.DynamicObject'
20190909 16:30:29 Obtención correcta areas usuario:1
20190909 16:30:29 Avance correcto proceso 0
20190909 16:30:38 Obtención correcta areas usuario:1
20190909 16:30:38 Avance correcto proceso 0
20190909 16:30:48 Obtención correcta areas usuario:1
20190909 16:30:48 Avance correcto proceso 0
20190909 16:30:58 Obtención correcta areas usuario:1
20190909 16:30:58 Avance correcto proceso 0
20190909 16:31:08 Obtención correcta areas usuario:1
20190909 16:31:08 Avance correcto proceso 0
20190909 16:31:18 Obtención correcta areas usuario:1
20190909 16:31:18 Avance correcto proceso 0
20190909 16:31:28 Obtención correcta areas usuario:1
20190909 16:31:28 Avance correcto proceso 0
20190909 16:31:38 Obtención correcta areas usuario:1
20190909 16:31:38 Avance correcto proceso 0
20190909 16:31:48 Obtención correcta areas usuario:1
20190909 16:31:48 Avance correcto proceso 0
20190909 16:31:58 Obtención correcta areas usuario:1
20190909 16:31:58 Avance correcto proceso 0
20190909 16:32:08 Obtención correcta areas usuario:1
20190909 16:32:08 Avance correcto proceso 0
20190909 16:32:18 Obtención correcta areas usuario:1
20190909 16:32:18 Avance correcto proceso 0
20190909 16:32:28 Obtención correcta areas usuario:1
20190909 16:32:28 Avance correcto proceso 0
20190909 16:32:38 Obtención correcta areas usuario:1
20190909 16:32:38 Avance correcto proceso 0
20190909 16:32:48 Obtención correcta areas usuario:1
20190909 16:32:48 Avance correcto proceso 0
20190909 16:32:58 Obtención correcta areas usuario:1
20190909 16:32:58 Avance correcto proceso 0
20190909 16:33:17 Obtención correcta areas usuario:1
20190909 16:33:17 Avance correcto proceso 0
20190909 16:33:27 Obtención correcta areas usuario:1
20190909 16:33:27 Avance correcto proceso 0
20190909 16:33:37 Obtención correcta areas usuario:1
20190909 16:33:37 Avance correcto proceso 0
20190909 16:33:47 Obtención correcta areas usuario:1
20190909 16:33:47 Avance correcto proceso 0
20190909 16:33:57 Obtención correcta areas usuario:1
20190909 16:33:57 Avance correcto proceso 0
20190909 16:34:07 Obtención correcta areas usuario:1
20190909 16:34:07 Avance correcto proceso 0
20190909 16:34:17 Obtención correcta areas usuario:1
20190909 16:34:17 Avance correcto proceso 0
20190909 16:34:27 Obtención correcta areas usuario:1
20190909 16:34:27 Avance correcto proceso 0
20190909 16:34:37 Obtención correcta areas usuario:1
20190909 16:34:37 Avance correcto proceso 0
20190909 16:34:47 Obtención correcta areas usuario:1
20190909 16:34:47 Avance correcto proceso 0
20190909 16:34:57 Obtención correcta areas usuario:1
20190909 16:34:57 Avance correcto proceso 0
20190909 16:35:07 Obtención correcta areas usuario:1
20190909 16:35:07 Avance correcto proceso 0
20190909 16:35:17 Obtención correcta areas usuario:1
20190909 16:35:17 Avance correcto proceso 0
20190909 16:35:27 Obtención correcta areas usuario:1
20190909 16:35:27 Avance correcto proceso 0
20190909 16:35:37 Obtención correcta areas usuario:1
20190909 16:35:37 Avance correcto proceso 0
20190909 16:35:47 Obtención correcta areas usuario:1
20190909 16:35:47 Avance correcto proceso 0
20190909 16:35:57 Obtención correcta areas usuario:1
20190909 16:35:57 Avance correcto proceso 0
20190909 16:36:07 Obtención correcta areas usuario:1
20190909 16:36:07 Avance correcto proceso 0
20190909 16:36:17 Obtención correcta areas usuario:1
20190909 16:36:17 Avance correcto proceso 0
20190909 16:36:27 Obtención correcta areas usuario:1
20190909 16:36:27 Avance correcto proceso 0
20190909 16:36:37 Obtención correcta areas usuario:1
20190909 16:36:37 Avance correcto proceso 0
20190909 16:36:47 Obtención correcta areas usuario:1
20190909 16:36:47 Avance correcto proceso 0
20190909 16:36:57 Obtención correcta areas usuario:1
20190909 16:36:57 Avance correcto proceso 0
20190909 16:37:08 Obtención correcta areas usuario:1
20190909 16:37:08 Avance correcto proceso 0
20190909 16:37:18 Obtención correcta areas usuario:1
20190909 16:37:18 Avance correcto proceso 0
20190909 16:37:28 Obtención correcta areas usuario:1
20190909 16:37:28 Avance correcto proceso 0
20190909 16:37:38 Obtención correcta areas usuario:1
20190909 16:37:38 Avance correcto proceso 0
20190909 16:37:48 Obtención correcta areas usuario:1
20190909 16:37:48 Avance correcto proceso 0
20190909 16:37:58 Obtención correcta areas usuario:1
20190909 16:37:58 Avance correcto proceso 0
20190909 16:38:08 Obtención correcta areas usuario:1
20190909 16:38:08 Avance correcto proceso 0
20190909 16:39:02 Acceso correcto usuario Usuario
20190909 16:39:02 Obtención correcta areas usuario:1
20190909 16:39:02 Avance correcto proceso 0
20190909 16:39:08 Obtención correcta aplicaciones usuario:1 area 16
20190909 16:39:17 actualizaStatus.UploadComplete Cannot apply indexing with [] to an expression of type 'System.Dynamic.DynamicObject'
20190909 16:39:18 Obtención correcta areas usuario:1
20190909 16:39:18 Avance correcto proceso 0
20190909 16:39:27 Obtención correcta areas usuario:1
20190909 16:39:27 Avance correcto proceso 0
20190909 16:39:37 Obtención correcta areas usuario:1
20190909 16:39:37 Avance correcto proceso 0
20190909 16:39:47 Obtención correcta areas usuario:1
20190909 16:39:47 Avance correcto proceso 0
20190909 16:39:57 Obtención correcta areas usuario:1
20190909 16:39:57 Avance correcto proceso 0
20190909 16:40:07 Obtención correcta areas usuario:1
20190909 16:40:07 Avance correcto proceso 0
20190909 16:40:17 Obtención correcta areas usuario:1
20190909 16:40:17 Avance correcto proceso 0
20190909 16:40:27 Obtención correcta areas usuario:1
20190909 16:40:27 Avance correcto proceso 0
20190909 16:40:37 Obtención correcta areas usuario:1
20190909 16:40:37 Avance correcto proceso 0
20190909 16:41:21 Acceso correcto usuario Usuario
20190909 16:41:21 Obtención correcta areas usuario:1
20190909 16:41:21 Avance correcto proceso 0
20190909 16:41:24 Obtención correcta aplicaciones usuario:1 area 16
20190909 16:41:33 actualizaStatus.UploadComplete Cannot apply indexing with [] to an expression of type 'System.Dynamic.DynamicObject'
20190909 16:41:33 Obtención correcta areas usuario:1
20190909 16:41:33 Avance correcto proceso 0
20190909 16:41:47 Obtención correcta areas usuario:1
20190909 16:41:47 Avance correcto proceso 0
20190909 16:41:57 Obtención correcta areas usuario:1
20190909 16:41:57 Avance correcto proceso 0
20190909 16:42:09 Obtención correcta areas usuario:1
20190909 16:42:10 Avance correcto proceso 0
20190909 16:45:01 Obtención correcta areas usuario:1
20190909 16:45:02 Avance correcto proceso 0
20190909 16:45:15 Obtención correcta areas usuario:1
20190909 16:45:15 Avance correcto proceso 0
20190909 16:45:25 Obtención correcta areas usuario:1
20190909 16:45:25 Avance correcto proceso 0
20190909 16:45:35 Obtención correcta areas usuario:1
20190909 16:45:35 Avance correcto proceso 0
20190909 16:45:45 Obtención correcta areas usuario:1
20190909 16:45:45 Avance correcto proceso 0
20190909 16:45:55 Obtención correcta areas usuario:1
20190909 16:45:55 Avance correcto proceso 0
20190909 16:46:05 Obtención correcta areas usuario:1
20190909 16:46:05 Avance correcto proceso 0
20190909 16:46:15 Obtención correcta areas usuario:1
20190909 16:46:15 Avance correcto proceso 0
20190909 16:46:25 Obtención correcta areas usuario:1
20190909 16:46:25 Avance correcto proceso 0
20190909 16:46:35 Obtención correcta areas usuario:1
20190909 16:46:35 Avance correcto proceso 0
20190909 16:46:45 Obtención correcta areas usuario:1
20190909 16:46:45 Avance correcto proceso 0
20190909 16:46:55 Obtención correcta areas usuario:1
20190909 16:46:55 Avance correcto proceso 0
20190909 16:47:05 Obtención correcta areas usuario:1
20190909 16:47:05 Avance correcto proceso 0
20190909 16:47:15 Obtención correcta areas usuario:1
20190909 16:47:15 Avance correcto proceso 0
20190909 16:47:25 Obtención correcta areas usuario:1
20190909 16:47:25 Avance correcto proceso 0
20190909 16:47:35 Obtención correcta areas usuario:1
20190909 16:47:35 Avance correcto proceso 0
20190909 16:47:45 Obtención correcta areas usuario:1
20190909 16:47:45 Avance correcto proceso 0
20190909 16:47:55 Obtención correcta areas usuario:1
20190909 16:47:55 Avance correcto proceso 0
20190909 16:48:05 Obtención correcta areas usuario:1
20190909 16:48:05 Avance correcto proceso 0
20190909 16:48:15 Obtención correcta areas usuario:1
20190909 16:48:15 Avance correcto proceso 0
20190909 16:48:25 Obtención correcta areas usuario:1
20190909 16:48:25 Avance correcto proceso 0
20190909 16:48:35 Obtención correcta areas usuario:1
20190909 16:48:35 Avance correcto proceso 0
20190909 16:48:45 Obtención correcta areas usuario:1
20190909 16:48:45 Avance correcto proceso 0
20190909 16:48:55 Obtención correcta areas usuario:1
20190909 16:48:55 Avance correcto proceso 0
20190909 16:49:05 Obtención correcta areas usuario:1
20190909 16:49:05 Avance correcto proceso 0
20190909 16:49:15 Obtención correcta areas usuario:1
20190909 16:49:15 Avance correcto proceso 0
20190909 16:49:25 Obtención correcta areas usuario:1
20190909 16:49:25 Avance correcto proceso 0
20190909 16:49:35 Obtención correcta areas usuario:1
20190909 16:49:35 Avance correcto proceso 0
20190909 16:49:45 Obtención correcta areas usuario:1
20190909 16:49:45 Avance correcto proceso 0
20190909 16:49:55 Obtención correcta areas usuario:1
20190909 16:49:55 Avance correcto proceso 0
20190909 16:50:05 Obtención correcta areas usuario:1
20190909 16:50:05 Avance correcto proceso 0
20190909 16:50:15 Obtención correcta areas usuario:1
20190909 16:50:15 Avance correcto proceso 0
20190909 16:50:25 Obtención correcta areas usuario:1
20190909 16:50:25 Avance correcto proceso 0
20190909 16:50:35 Obtención correcta areas usuario:1
20190909 16:50:35 Avance correcto proceso 0
20190909 16:50:45 Obtención correcta areas usuario:1
20190909 16:50:45 Avance correcto proceso 0
20190909 16:50:55 Obtención correcta areas usuario:1
20190909 16:50:55 Avance correcto proceso 0
20190909 16:51:05 Obtención correcta areas usuario:1
20190909 16:51:05 Avance correcto proceso 0
20190909 16:51:15 Obtención correcta areas usuario:1
20190909 16:51:15 Avance correcto proceso 0
20190909 16:51:25 Obtención correcta areas usuario:1
20190909 16:51:25 Avance correcto proceso 0
20190909 16:51:35 Obtención correcta areas usuario:1
20190909 16:51:35 Avance correcto proceso 0
20190909 16:51:45 Obtención correcta areas usuario:1
20190909 16:51:45 Avance correcto proceso 0
20190909 16:51:55 Obtención correcta areas usuario:1
20190909 16:51:55 Avance correcto proceso 0
20190909 16:52:05 Obtención correcta areas usuario:1
20190909 16:52:05 Avance correcto proceso 0
20190909 16:52:15 Obtención correcta areas usuario:1
20190909 16:52:15 Avance correcto proceso 0
20190909 16:52:25 Obtención correcta areas usuario:1
20190909 16:52:25 Avance correcto proceso 0
20190909 16:52:35 Obtención correcta areas usuario:1
20190909 16:52:35 Avance correcto proceso 0
20190909 16:52:45 Obtención correcta areas usuario:1
20190909 16:52:45 Avance correcto proceso 0
20190909 16:52:55 Obtención correcta areas usuario:1
20190909 16:52:55 Avance correcto proceso 0
20190909 16:53:05 Obtención correcta areas usuario:1
20190909 16:53:05 Avance correcto proceso 0
20190909 16:53:15 Obtención correcta areas usuario:1
20190909 16:53:15 Avance correcto proceso 0
20190909 16:53:25 Obtención correcta areas usuario:1
20190909 16:53:25 Avance correcto proceso 0
20190909 16:53:35 Obtención correcta areas usuario:1
20190909 16:53:35 Avance correcto proceso 0
20190909 16:53:45 Obtención correcta areas usuario:1
20190909 16:53:45 Avance correcto proceso 0
20190909 16:53:55 Obtención correcta areas usuario:1
20190909 16:53:55 Avance correcto proceso 0
20190909 16:54:05 Obtención correcta areas usuario:1
20190909 16:54:05 Avance correcto proceso 0
20190909 16:54:15 Obtención correcta areas usuario:1
20190909 16:54:15 Avance correcto proceso 0
20190909 16:54:25 Obtención correcta areas usuario:1
20190909 16:54:25 Avance correcto proceso 0
20190909 16:54:35 Obtención correcta areas usuario:1
20190909 16:54:35 Avance correcto proceso 0
20190909 16:54:45 Obtención correcta areas usuario:1
20190909 16:54:45 Avance correcto proceso 0
20190909 16:54:55 Obtención correcta areas usuario:1
20190909 16:54:55 Avance correcto proceso 0
20190909 16:55:05 Obtención correcta areas usuario:1
20190909 16:55:05 Avance correcto proceso 0
20190909 16:55:15 Obtención correcta areas usuario:1
20190909 16:55:15 Avance correcto proceso 0
20190909 16:55:25 Obtención correcta areas usuario:1
20190909 16:55:25 Avance correcto proceso 0
20190909 16:55:35 Obtención correcta areas usuario:1
20190909 16:55:35 Avance correcto proceso 0
20190909 16:55:45 Obtención correcta areas usuario:1
20190909 16:55:45 Avance correcto proceso 0
20190909 16:55:55 Obtención correcta areas usuario:1
20190909 16:55:55 Avance correcto proceso 0
20190909 16:56:05 Obtención correcta areas usuario:1
20190909 16:56:05 Avance correcto proceso 0
20190909 16:56:15 Obtención correcta areas usuario:1
20190909 16:56:15 Avance correcto proceso 0
20190909 16:56:25 Obtención correcta areas usuario:1
20190909 16:56:25 Avance correcto proceso 0
20190909 16:56:35 Obtención correcta areas usuario:1
20190909 16:56:35 Avance correcto proceso 0
20190909 16:56:45 Obtención correcta areas usuario:1
20190909 16:56:45 Avance correcto proceso 0
20190909 16:56:55 Obtención correcta areas usuario:1
20190909 16:56:55 Avance correcto proceso 0
20190909 16:57:05 Obtención correcta areas usuario:1
20190909 16:57:05 Avance correcto proceso 0
20190909 16:57:15 Obtención correcta areas usuario:1
20190909 16:57:15 Avance correcto proceso 0
20190909 16:57:25 Obtención correcta areas usuario:1
20190909 16:57:25 Avance correcto proceso 0
20190909 16:57:35 Obtención correcta areas usuario:1
20190909 16:57:35 Avance correcto proceso 0
20190909 16:57:45 Obtención correcta areas usuario:1
20190909 16:57:45 Avance correcto proceso 0
20190909 16:57:55 Obtención correcta areas usuario:1
20190909 16:57:55 Avance correcto proceso 0
20190909 16:58:05 Obtención correcta areas usuario:1
20190909 16:58:05 Avance correcto proceso 0
20190909 16:58:15 Obtención correcta areas usuario:1
20190909 16:58:15 Avance correcto proceso 0
20190909 16:58:25 Obtención correcta areas usuario:1
20190909 16:58:25 Avance correcto proceso 0
20190909 16:58:35 Obtención correcta areas usuario:1
20190909 16:58:35 Avance correcto proceso 0
20190909 16:58:45 Obtención correcta areas usuario:1
20190909 16:58:45 Avance correcto proceso 0
20190909 16:58:55 Obtención correcta areas usuario:1
20190909 16:58:55 Avance correcto proceso 0
20190909 16:59:05 Obtención correcta areas usuario:1
20190909 16:59:05 Avance correcto proceso 0
20190909 16:59:15 Obtención correcta areas usuario:1
20190909 16:59:15 Avance correcto proceso 0
20190909 16:59:25 Obtención correcta areas usuario:1
20190909 16:59:25 Avance correcto proceso 0
20190909 16:59:35 Obtención correcta areas usuario:1
20190909 16:59:35 Avance correcto proceso 0
20190909 16:59:45 Obtención correcta areas usuario:1
20190909 16:59:45 Avance correcto proceso 0
20190909 16:59:55 Obtención correcta areas usuario:1
20190909 16:59:55 Avance correcto proceso 0
20190909 17:00:05 Obtención correcta areas usuario:1
20190909 17:00:05 Avance correcto proceso 0
20190909 17:00:15 Obtención correcta areas usuario:1
20190909 17:00:15 Avance correcto proceso 0
20190909 17:00:25 Obtención correcta areas usuario:1
20190909 17:00:25 Avance correcto proceso 0
20190909 17:00:35 Obtención correcta areas usuario:1
20190909 17:00:35 Avance correcto proceso 0
20190909 17:00:45 Obtención correcta areas usuario:1
20190909 17:00:45 Avance correcto proceso 0
20190909 17:00:55 Obtención correcta areas usuario:1
20190909 17:00:55 Avance correcto proceso 0
20190909 17:01:05 Obtención correcta areas usuario:1
20190909 17:01:05 Avance correcto proceso 0
20190909 17:01:15 Obtención correcta areas usuario:1
20190909 17:01:15 Avance correcto proceso 0
20190909 17:01:25 Obtención correcta areas usuario:1
20190909 17:01:25 Avance correcto proceso 0
20190909 17:01:35 Obtención correcta areas usuario:1
20190909 17:01:35 Avance correcto proceso 0
20190909 17:01:45 Obtención correcta areas usuario:1
20190909 17:01:45 Avance correcto proceso 0
20190909 17:01:55 Obtención correcta areas usuario:1
20190909 17:01:55 Avance correcto proceso 0
20190909 17:02:05 Obtención correcta areas usuario:1
20190909 17:02:05 Avance correcto proceso 0
20190909 17:02:15 Obtención correcta areas usuario:1
20190909 17:02:15 Avance correcto proceso 0
20190909 17:02:25 Obtención correcta areas usuario:1
20190909 17:02:25 Avance correcto proceso 0
20190909 17:02:35 Obtención correcta areas usuario:1
20190909 17:02:35 Avance correcto proceso 0
20190909 17:02:45 Obtención correcta areas usuario:1
20190909 17:02:45 Avance correcto proceso 0
20190909 17:02:55 Obtención correcta areas usuario:1
20190909 17:02:55 Avance correcto proceso 0
20190909 17:03:05 Obtención correcta areas usuario:1
20190909 17:03:05 Avance correcto proceso 0
20190909 17:03:15 Obtención correcta areas usuario:1
20190909 17:03:15 Avance correcto proceso 0
20190909 17:03:25 Obtención correcta areas usuario:1
20190909 17:03:25 Avance correcto proceso 0
20190909 17:03:35 Obtención correcta areas usuario:1
20190909 17:03:35 Avance correcto proceso 0
20190909 17:03:45 Obtención correcta areas usuario:1
20190909 17:03:45 Avance correcto proceso 0
20190909 17:03:55 Obtención correcta areas usuario:1
20190909 17:03:55 Avance correcto proceso 0
20190909 17:04:05 Obtención correcta areas usuario:1
20190909 17:04:05 Avance correcto proceso 0
20190909 17:04:15 Obtención correcta areas usuario:1
20190909 17:04:15 Avance correcto proceso 0
20190909 17:04:25 Obtención correcta areas usuario:1
20190909 17:04:25 Avance correcto proceso 0
20190909 17:04:35 Obtención correcta areas usuario:1
20190909 17:04:35 Avance correcto proceso 0
20190909 17:04:45 Obtención correcta areas usuario:1
20190909 17:04:45 Avance correcto proceso 0
20190909 17:04:55 Obtención correcta areas usuario:1
20190909 17:04:55 Avance correcto proceso 0
20190909 17:05:05 Obtención correcta areas usuario:1
20190909 17:05:05 Avance correcto proceso 0
20190909 17:05:15 Obtención correcta areas usuario:1
20190909 17:05:15 Avance correcto proceso 0
20190909 17:05:25 Obtención correcta areas usuario:1
20190909 17:05:25 Avance correcto proceso 0
20190909 17:05:35 Obtención correcta areas usuario:1
20190909 17:05:35 Avance correcto proceso 0
20190909 17:05:45 Obtención correcta areas usuario:1
20190909 17:05:45 Avance correcto proceso 0
20190909 17:05:55 Obtención correcta areas usuario:1
20190909 17:05:55 Avance correcto proceso 0
20190909 17:06:05 Obtención correcta areas usuario:1
20190909 17:06:05 Avance correcto proceso 0
20190909 17:06:15 Obtención correcta areas usuario:1
20190909 17:06:15 Avance correcto proceso 0
20190909 17:06:25 Obtención correcta areas usuario:1
20190909 17:06:25 Avance correcto proceso 0
20190909 17:06:35 Obtención correcta areas usuario:1
20190909 17:06:35 Avance correcto proceso 0
20190909 17:06:45 Obtención correcta areas usuario:1
20190909 17:06:45 Avance correcto proceso 0
20190909 17:06:55 Obtención correcta areas usuario:1
20190909 17:06:55 Avance correcto proceso 0
20190909 17:07:05 Obtención correcta areas usuario:1
20190909 17:07:05 Avance correcto proceso 0
20190909 17:07:15 Obtención correcta areas usuario:1
20190909 17:07:15 Avance correcto proceso 0
20190909 17:07:25 Obtención correcta areas usuario:1
20190909 17:07:25 Avance correcto proceso 0
20190909 17:07:35 Obtención correcta areas usuario:1
20190909 17:07:35 Avance correcto proceso 0
20190909 17:07:45 Obtención correcta areas usuario:1
20190909 17:07:45 Avance correcto proceso 0
20190909 17:07:55 Obtención correcta areas usuario:1
20190909 17:07:55 Avance correcto proceso 0
20190909 17:08:05 Obtención correcta areas usuario:1
20190909 17:08:05 Avance correcto proceso 0
20190909 17:08:15 Obtención correcta areas usuario:1
20190909 17:08:15 Avance correcto proceso 0
20190909 17:08:25 Obtención correcta areas usuario:1
20190909 17:08:25 Avance correcto proceso 0
20190909 17:08:35 Obtención correcta areas usuario:1
20190909 17:08:35 Avance correcto proceso 0
20190909 17:08:45 Obtención correcta areas usuario:1
20190909 17:08:45 Avance correcto proceso 0
20190909 17:08:55 Obtención correcta areas usuario:1
20190909 17:08:55 Avance correcto proceso 0
20190909 17:09:05 Obtención correcta areas usuario:1
20190909 17:09:05 Avance correcto proceso 0
20190909 17:09:15 Obtención correcta areas usuario:1
20190909 17:09:15 Avance correcto proceso 0
20190909 17:09:25 Obtención correcta areas usuario:1
20190909 17:09:25 Avance correcto proceso 0
20190909 17:09:35 Obtención correcta areas usuario:1
20190909 17:09:35 Avance correcto proceso 0
20190909 17:09:45 Obtención correcta areas usuario:1
20190909 17:09:45 Avance correcto proceso 0
20190909 17:09:55 Obtención correcta areas usuario:1
20190909 17:09:55 Avance correcto proceso 0
20190909 17:10:05 Obtención correcta areas usuario:1
20190909 17:10:05 Avance correcto proceso 0
20190909 17:10:15 Obtención correcta areas usuario:1
20190909 17:10:15 Avance correcto proceso 0
20190909 17:10:25 Obtención correcta areas usuario:1
20190909 17:10:25 Avance correcto proceso 0
20190909 17:10:35 Obtención correcta areas usuario:1
20190909 17:10:35 Avance correcto proceso 0
20190909 17:10:45 Obtención correcta areas usuario:1
20190909 17:10:45 Avance correcto proceso 0
20190909 17:10:55 Obtención correcta areas usuario:1
20190909 17:10:55 Avance correcto proceso 0
20190909 17:11:05 Obtención correcta areas usuario:1
20190909 17:11:05 Avance correcto proceso 0
20190909 17:11:15 Obtención correcta areas usuario:1
20190909 17:11:15 Avance correcto proceso 0
20190909 17:11:25 Obtención correcta areas usuario:1
20190909 17:11:25 Avance correcto proceso 0
20190909 17:11:35 Obtención correcta areas usuario:1
20190909 17:11:35 Avance correcto proceso 0
20190909 17:11:45 Obtención correcta areas usuario:1
20190909 17:11:45 Avance correcto proceso 0
20190909 17:11:55 Obtención correcta areas usuario:1
20190909 17:11:55 Avance correcto proceso 0
20190909 17:12:05 Obtención correcta areas usuario:1
20190909 17:12:05 Avance correcto proceso 0
20190909 17:12:15 Obtención correcta areas usuario:1
20190909 17:12:15 Avance correcto proceso 0
20190909 17:12:25 Obtención correcta areas usuario:1
20190909 17:12:25 Avance correcto proceso 0
20190909 17:12:35 Obtención correcta areas usuario:1
20190909 17:12:35 Avance correcto proceso 0
20190909 17:12:45 Obtención correcta areas usuario:1
20190909 17:12:45 Avance correcto proceso 0
20190909 17:12:55 Obtención correcta areas usuario:1
20190909 17:12:55 Avance correcto proceso 0
20190909 17:13:05 Obtención correcta areas usuario:1
20190909 17:13:05 Avance correcto proceso 0
20190909 17:13:15 Obtención correcta areas usuario:1
20190909 17:13:15 Avance correcto proceso 0
20190909 17:13:25 Obtención correcta areas usuario:1
20190909 17:13:25 Avance correcto proceso 0
20190909 17:13:35 Obtención correcta areas usuario:1
20190909 17:13:35 Avance correcto proceso 0
20190909 17:13:45 Obtención correcta areas usuario:1
20190909 17:13:45 Avance correcto proceso 0
20190909 17:13:55 Obtención correcta areas usuario:1
20190909 17:13:55 Avance correcto proceso 0
20190909 17:14:05 Obtención correcta areas usuario:1
20190909 17:14:05 Avance correcto proceso 0
20190909 17:14:15 Obtención correcta areas usuario:1
20190909 17:14:15 Avance correcto proceso 0
20190909 17:14:25 Obtención correcta areas usuario:1
20190909 17:14:25 Avance correcto proceso 0
20190909 17:14:35 Obtención correcta areas usuario:1
20190909 17:14:35 Avance correcto proceso 0
20190909 17:14:45 Obtención correcta areas usuario:1
20190909 17:14:45 Avance correcto proceso 0
20190909 17:14:55 Obtención correcta areas usuario:1
20190909 17:14:55 Avance correcto proceso 0
20190909 17:15:05 Obtención correcta areas usuario:1
20190909 17:15:05 Avance correcto proceso 0
20190909 17:15:15 Obtención correcta areas usuario:1
20190909 17:15:15 Avance correcto proceso 0
20190909 17:15:25 Obtención correcta areas usuario:1
20190909 17:15:25 Avance correcto proceso 0
20190909 17:15:35 Obtención correcta areas usuario:1
20190909 17:15:35 Avance correcto proceso 0
20190909 17:15:45 Obtención correcta areas usuario:1
20190909 17:15:45 Avance correcto proceso 0
20190909 17:15:55 Obtención correcta areas usuario:1
20190909 17:15:55 Avance correcto proceso 0
20190909 17:16:05 Obtención correcta areas usuario:1
20190909 17:16:05 Avance correcto proceso 0
20190909 17:16:15 Obtención correcta areas usuario:1
20190909 17:16:15 Avance correcto proceso 0
20190909 17:16:25 Obtención correcta areas usuario:1
20190909 17:16:25 Avance correcto proceso 0
20190909 17:16:35 Obtención correcta areas usuario:1
20190909 17:16:35 Avance correcto proceso 0
20190909 17:16:45 Obtención correcta areas usuario:1
20190909 17:16:45 Avance correcto proceso 0
20190909 17:16:55 Obtención correcta areas usuario:1
20190909 17:16:55 Avance correcto proceso 0
20190909 17:17:05 Obtención correcta areas usuario:1
20190909 17:17:05 Avance correcto proceso 0
20190909 17:17:15 Obtención correcta areas usuario:1
20190909 17:17:15 Avance correcto proceso 0
20190909 17:17:25 Obtención correcta areas usuario:1
20190909 17:17:25 Avance correcto proceso 0
20190909 17:17:35 Obtención correcta areas usuario:1
20190909 17:17:35 Avance correcto proceso 0
20190909 17:17:45 Obtención correcta areas usuario:1
20190909 17:17:45 Avance correcto proceso 0
20190909 17:17:55 Obtención correcta areas usuario:1
20190909 17:17:55 Avance correcto proceso 0
20190909 17:18:05 Obtención correcta areas usuario:1
20190909 17:18:05 Avance correcto proceso 0
20190909 17:18:15 Obtención correcta areas usuario:1
20190909 17:18:15 Avance correcto proceso 0
20190909 17:18:25 Obtención correcta areas usuario:1
20190909 17:18:25 Avance correcto proceso 0
20190909 17:18:35 Obtención correcta areas usuario:1
20190909 17:18:35 Avance correcto proceso 0
20190909 17:18:45 Obtención correcta areas usuario:1
20190909 17:18:45 Avance correcto proceso 0
20190909 17:18:55 Obtención correcta areas usuario:1
20190909 17:18:55 Avance correcto proceso 0
20190909 17:19:05 Obtención correcta areas usuario:1
20190909 17:19:05 Avance correcto proceso 0
20190909 17:19:15 Obtención correcta areas usuario:1
20190909 17:19:15 Avance correcto proceso 0
20190909 17:19:25 Obtención correcta areas usuario:1
20190909 17:19:25 Avance correcto proceso 0
20190909 17:19:35 Obtención correcta areas usuario:1
20190909 17:19:35 Avance correcto proceso 0
20190909 17:19:45 Obtención correcta areas usuario:1
20190909 17:19:45 Avance correcto proceso 0
20190909 17:19:55 Obtención correcta areas usuario:1
20190909 17:19:55 Avance correcto proceso 0
20190909 17:20:05 Obtención correcta areas usuario:1
20190909 17:20:05 Avance correcto proceso 0
20190909 17:20:15 Obtención correcta areas usuario:1
20190909 17:20:15 Avance correcto proceso 0
20190909 17:20:25 Obtención correcta areas usuario:1
20190909 17:20:25 Avance correcto proceso 0
20190909 17:20:35 Obtención correcta areas usuario:1
20190909 17:20:35 Avance correcto proceso 0
20190909 17:20:45 Obtención correcta areas usuario:1
20190909 17:20:45 Avance correcto proceso 0
20190909 17:20:55 Obtención correcta areas usuario:1
20190909 17:20:55 Avance correcto proceso 0
20190909 17:21:05 Obtención correcta areas usuario:1
20190909 17:21:05 Avance correcto proceso 0
20190909 17:21:15 Obtención correcta areas usuario:1
20190909 17:21:15 Avance correcto proceso 0
20190909 17:21:25 Obtención correcta areas usuario:1
20190909 17:21:25 Avance correcto proceso 0
20190909 17:21:35 Obtención correcta areas usuario:1
20190909 17:21:35 Avance correcto proceso 0
20190909 17:21:45 Obtención correcta areas usuario:1
20190909 17:21:45 Avance correcto proceso 0
20190909 17:21:55 Obtención correcta areas usuario:1
20190909 17:21:55 Avance correcto proceso 0
20190909 17:22:05 Obtención correcta areas usuario:1
20190909 17:22:05 Avance correcto proceso 0
20190909 17:22:15 Obtención correcta areas usuario:1
20190909 17:22:15 Avance correcto proceso 0
20190909 17:22:25 Obtención correcta areas usuario:1
20190909 17:22:25 Avance correcto proceso 0
20190909 17:22:35 Obtención correcta areas usuario:1
20190909 17:22:35 Avance correcto proceso 0
20190909 17:22:45 Obtención correcta areas usuario:1
20190909 17:22:45 Avance correcto proceso 0
20190909 17:22:55 Obtención correcta areas usuario:1
20190909 17:22:55 Avance correcto proceso 0
20190909 17:23:05 Obtención correcta areas usuario:1
20190909 17:23:05 Avance correcto proceso 0
20190909 17:23:15 Obtención correcta areas usuario:1
20190909 17:23:15 Avance correcto proceso 0
20190909 17:23:25 Obtención correcta areas usuario:1
20190909 17:23:25 Avance correcto proceso 0
20190909 17:23:35 Obtención correcta areas usuario:1
20190909 17:23:35 Avance correcto proceso 0
20190909 17:23:45 Obtención correcta areas usuario:1
20190909 17:23:45 Avance correcto proceso 0
20190909 17:23:55 Obtención correcta areas usuario:1
20190909 17:23:55 Avance correcto proceso 0
20190909 17:24:05 Obtención correcta areas usuario:1
20190909 17:24:05 Avance correcto proceso 0
20190909 17:24:15 Obtención correcta areas usuario:1
20190909 17:24:15 Avance correcto proceso 0
20190909 17:24:25 Obtención correcta areas usuario:1
20190909 17:24:25 Avance correcto proceso 0
20190909 17:24:35 Obtención correcta areas usuario:1
20190909 17:24:35 Avance correcto proceso 0
20190909 17:24:45 Obtención correcta areas usuario:1
20190909 17:24:45 Avance correcto proceso 0
20190909 17:24:55 Obtención correcta areas usuario:1
20190909 17:24:55 Avance correcto proceso 0
20190909 17:25:05 Obtención correcta areas usuario:1
20190909 17:25:05 Avance correcto proceso 0
20190909 17:25:15 Obtención correcta areas usuario:1
20190909 17:25:15 Avance correcto proceso 0
20190909 17:25:25 Obtención correcta areas usuario:1
20190909 17:25:25 Avance correcto proceso 0
20190909 17:25:35 Obtención correcta areas usuario:1
20190909 17:25:35 Avance correcto proceso 0
20190909 17:25:45 Obtención correcta areas usuario:1
20190909 17:25:45 Avance correcto proceso 0
20190909 17:25:55 Obtención correcta areas usuario:1
20190909 17:25:55 Avance correcto proceso 0
20190909 17:26:05 Obtención correcta areas usuario:1
20190909 17:26:05 Avance correcto proceso 0
20190909 17:26:15 Obtención correcta areas usuario:1
20190909 17:26:15 Avance correcto proceso 0
20190909 17:26:25 Obtención correcta areas usuario:1
20190909 17:26:25 Avance correcto proceso 0
20190909 17:26:35 Obtención correcta areas usuario:1
20190909 17:26:35 Avance correcto proceso 0
20190909 17:26:45 Obtención correcta areas usuario:1
20190909 17:26:45 Avance correcto proceso 0
20190909 17:26:55 Obtención correcta areas usuario:1
20190909 17:26:55 Avance correcto proceso 0
20190909 17:27:05 Obtención correcta areas usuario:1
20190909 17:27:05 Avance correcto proceso 0
20190909 17:27:15 Obtención correcta areas usuario:1
20190909 17:27:15 Avance correcto proceso 0
20190909 17:27:25 Obtención correcta areas usuario:1
20190909 17:27:25 Avance correcto proceso 0
20190909 17:27:35 Obtención correcta areas usuario:1
20190909 17:27:35 Avance correcto proceso 0
20190909 17:27:45 Obtención correcta areas usuario:1
20190909 17:27:45 Avance correcto proceso 0
20190909 17:27:55 Obtención correcta areas usuario:1
20190909 17:27:55 Avance correcto proceso 0
20190909 17:28:05 Obtención correcta areas usuario:1
20190909 17:28:05 Avance correcto proceso 0
20190909 17:28:15 Obtención correcta areas usuario:1
20190909 17:28:15 Avance correcto proceso 0
20190909 17:28:25 Obtención correcta areas usuario:1
20190909 17:28:25 Avance correcto proceso 0
20190909 17:28:35 Obtención correcta areas usuario:1
20190909 17:28:35 Avance correcto proceso 0
20190909 17:28:45 Obtención correcta areas usuario:1
20190909 17:28:45 Avance correcto proceso 0
20190909 17:28:55 Obtención correcta areas usuario:1
20190909 17:28:55 Avance correcto proceso 0
20190909 17:29:05 Obtención correcta areas usuario:1
20190909 17:29:05 Avance correcto proceso 0
20190909 17:29:15 Obtención correcta areas usuario:1
20190909 17:29:15 Avance correcto proceso 0
20190909 17:29:25 Obtención correcta areas usuario:1
20190909 17:29:25 Avance correcto proceso 0
20190909 17:29:35 Obtención correcta areas usuario:1
20190909 17:29:35 Avance correcto proceso 0
20190909 17:29:45 Obtención correcta areas usuario:1
20190909 17:29:45 Avance correcto proceso 0
20190909 17:29:55 Obtención correcta areas usuario:1
20190909 17:29:55 Avance correcto proceso 0
20190909 17:30:05 Obtención correcta areas usuario:1
20190909 17:30:05 Avance correcto proceso 0
20190909 17:30:15 Obtención correcta areas usuario:1
20190909 17:30:15 Avance correcto proceso 0
20190909 17:30:25 Obtención correcta areas usuario:1
20190909 17:30:25 Avance correcto proceso 0
20190909 17:30:35 Obtención correcta areas usuario:1
20190909 17:30:35 Avance correcto proceso 0
20190909 17:30:45 Obtención correcta areas usuario:1
20190909 17:30:45 Avance correcto proceso 0
20190909 17:30:55 Obtención correcta areas usuario:1
20190909 17:30:55 Avance correcto proceso 0
20190909 17:31:05 Obtención correcta areas usuario:1
20190909 17:31:05 Avance correcto proceso 0
20190909 17:31:15 Obtención correcta areas usuario:1
20190909 17:31:15 Avance correcto proceso 0
20190909 17:31:25 Obtención correcta areas usuario:1
20190909 17:31:25 Avance correcto proceso 0
20190909 17:31:35 Obtención correcta areas usuario:1
20190909 17:31:35 Avance correcto proceso 0
20190909 17:31:45 Obtención correcta areas usuario:1
20190909 17:31:45 Avance correcto proceso 0
20190909 17:31:55 Obtención correcta areas usuario:1
20190909 17:31:55 Avance correcto proceso 0
20190909 17:32:05 Obtención correcta areas usuario:1
20190909 17:32:05 Avance correcto proceso 0
20190909 17:32:15 Obtención correcta areas usuario:1
20190909 17:32:15 Avance correcto proceso 0
20190909 17:32:25 Obtención correcta areas usuario:1
20190909 17:32:25 Avance correcto proceso 0
20190909 17:32:35 Obtención correcta areas usuario:1
20190909 17:32:35 Avance correcto proceso 0
20190909 17:32:46 Obtención correcta areas usuario:1
20190909 17:32:46 Avance correcto proceso 0
20190909 17:32:55 Obtención correcta areas usuario:1
20190909 17:32:56 Avance correcto proceso 0
20190909 17:33:06 Obtención correcta areas usuario:1
20190909 17:33:06 Avance correcto proceso 0
20190909 17:33:16 Obtención correcta areas usuario:1
20190909 17:33:16 Avance correcto proceso 0
20190909 17:33:26 Obtención correcta areas usuario:1
20190909 17:33:26 Avance correcto proceso 0
20190909 17:33:36 Obtención correcta areas usuario:1
20190909 17:33:36 Avance correcto proceso 0
20190909 17:33:46 Obtención correcta areas usuario:1
20190909 17:33:46 Avance correcto proceso 0
20190909 17:33:56 Obtención correcta areas usuario:1
20190909 17:33:56 Avance correcto proceso 0
20190909 17:34:06 Obtención correcta areas usuario:1
20190909 17:34:06 Avance correcto proceso 0
20190909 17:34:16 Obtención correcta areas usuario:1
20190909 17:34:16 Avance correcto proceso 0
20190909 17:34:26 Obtención correcta areas usuario:1
20190909 17:34:26 Avance correcto proceso 0
20190909 17:34:36 Obtención correcta areas usuario:1
20190909 17:34:36 Avance correcto proceso 0
20190909 17:34:46 Obtención correcta areas usuario:1
20190909 17:34:46 Avance correcto proceso 0
20190909 17:34:56 Obtención correcta areas usuario:1
20190909 17:34:56 Avance correcto proceso 0
20190909 17:35:06 Obtención correcta areas usuario:1
20190909 17:35:06 Avance correcto proceso 0
20190909 17:35:16 Obtención correcta areas usuario:1
20190909 17:35:16 Avance correcto proceso 0
20190909 17:35:26 Obtención correcta areas usuario:1
20190909 17:35:26 Avance correcto proceso 0
20190909 17:35:36 Obtención correcta areas usuario:1
20190909 17:35:36 Avance correcto proceso 0
20190909 17:35:46 Obtención correcta areas usuario:1
20190909 17:35:46 Avance correcto proceso 0
20190909 17:35:56 Obtención correcta areas usuario:1
20190909 17:35:56 Avance correcto proceso 0
20190909 17:36:06 Obtención correcta areas usuario:1
20190909 17:36:06 Avance correcto proceso 0
20190909 17:36:16 Obtención correcta areas usuario:1
20190909 17:36:16 Avance correcto proceso 0
20190909 17:36:26 Obtención correcta areas usuario:1
20190909 17:36:26 Avance correcto proceso 0
20190909 17:36:36 Obtención correcta areas usuario:1
20190909 17:36:36 Avance correcto proceso 0
20190909 17:36:46 Obtención correcta areas usuario:1
20190909 17:36:46 Avance correcto proceso 0
20190909 17:36:56 Obtención correcta areas usuario:1
20190909 17:36:56 Avance correcto proceso 0
20190909 17:37:06 Obtención correcta areas usuario:1
20190909 17:37:06 Avance correcto proceso 0
20190909 17:37:16 Obtención correcta areas usuario:1
20190909 17:37:16 Avance correcto proceso 0
20190909 17:37:26 Obtención correcta areas usuario:1
20190909 17:37:26 Avance correcto proceso 0
20190909 17:37:36 Obtención correcta areas usuario:1
20190909 17:37:36 Avance correcto proceso 0
20190909 17:37:46 Obtención correcta areas usuario:1
20190909 17:37:46 Avance correcto proceso 0
20190909 17:37:56 Obtención correcta areas usuario:1
20190909 17:37:56 Avance correcto proceso 0
20190909 17:38:06 Obtención correcta areas usuario:1
20190909 17:38:06 Avance correcto proceso 0
20190909 17:38:16 Obtención correcta areas usuario:1
20190909 17:38:16 Avance correcto proceso 0
20190909 17:38:26 Obtención correcta areas usuario:1
20190909 17:38:26 Avance correcto proceso 0
20190909 17:38:36 Obtención correcta areas usuario:1
20190909 17:38:36 Avance correcto proceso 0
20190909 17:38:46 Obtención correcta areas usuario:1
20190909 17:38:46 Avance correcto proceso 0
20190909 17:38:56 Obtención correcta areas usuario:1
20190909 17:38:56 Avance correcto proceso 0
20190909 17:39:06 Obtención correcta areas usuario:1
20190909 17:39:06 Avance correcto proceso 0
20190909 17:39:16 Obtención correcta areas usuario:1
20190909 17:39:16 Avance correcto proceso 0
20190909 17:39:26 Obtención correcta areas usuario:1
20190909 17:39:26 Avance correcto proceso 0
20190909 17:39:36 Obtención correcta areas usuario:1
20190909 17:39:36 Avance correcto proceso 0
20190909 17:39:46 Obtención correcta areas usuario:1
20190909 17:39:46 Avance correcto proceso 0
20190909 17:39:56 Obtención correcta areas usuario:1
20190909 17:39:56 Avance correcto proceso 0
20190909 17:40:06 Obtención correcta areas usuario:1
20190909 17:40:06 Avance correcto proceso 0
20190909 17:40:16 Obtención correcta areas usuario:1
20190909 17:40:16 Avance correcto proceso 0
20190909 17:40:26 Obtención correcta areas usuario:1
20190909 17:40:26 Avance correcto proceso 0
20190909 17:40:36 Obtención correcta areas usuario:1
20190909 17:40:36 Avance correcto proceso 0
20190909 17:40:46 Obtención correcta areas usuario:1
20190909 17:40:46 Avance correcto proceso 0
20190909 17:40:56 Obtención correcta areas usuario:1
20190909 17:40:56 Avance correcto proceso 0
20190909 17:41:06 Obtención correcta areas usuario:1
20190909 17:41:06 Avance correcto proceso 0
20190909 17:41:17 Obtención correcta areas usuario:1
20190909 17:41:17 Avance correcto proceso 0
20190909 17:41:27 Obtención correcta areas usuario:1
20190909 17:41:27 Avance correcto proceso 0
20190909 17:41:37 Obtención correcta areas usuario:1
20190909 17:41:37 Avance correcto proceso 0
20190909 17:41:48 Obtención correcta areas usuario:1
20190909 17:41:48 Avance correcto proceso 0
20190909 17:41:58 Obtención correcta areas usuario:1
20190909 17:41:58 Avance correcto proceso 0
20190909 17:42:08 Obtención correcta areas usuario:1
20190909 17:42:08 Avance correcto proceso 0
20190909 17:42:19 Obtención correcta areas usuario:1
20190909 17:42:19 Avance correcto proceso 0
20190909 17:42:29 Obtención correcta areas usuario:1
20190909 17:42:29 Avance correcto proceso 0
20190909 17:42:39 Obtención correcta areas usuario:1
20190909 17:42:39 Avance correcto proceso 0
20190909 17:42:49 Obtención correcta areas usuario:1
20190909 17:42:49 Avance correcto proceso 0
20190909 17:43:00 Obtención correcta areas usuario:1
20190909 17:43:00 Avance correcto proceso 0
20190909 17:43:10 Obtención correcta areas usuario:1
20190909 17:43:10 Avance correcto proceso 0
20190909 17:43:20 Obtención correcta areas usuario:1
20190909 17:43:20 Avance correcto proceso 0
20190909 17:43:30 Obtención correcta areas usuario:1
20190909 17:43:30 Avance correcto proceso 0
20190909 17:43:40 Obtención correcta areas usuario:1
20190909 17:43:40 Avance correcto proceso 0
20190909 17:43:50 Obtención correcta areas usuario:1
20190909 17:43:50 Avance correcto proceso 0
20190909 17:44:00 Obtención correcta areas usuario:1
20190909 17:44:00 Avance correcto proceso 0
20190909 17:44:10 Obtención correcta areas usuario:1
20190909 17:44:10 Avance correcto proceso 0
20190909 17:44:20 Obtención correcta areas usuario:1
20190909 17:44:20 Avance correcto proceso 0
20190909 17:44:31 Obtención correcta areas usuario:1
20190909 17:44:31 Avance correcto proceso 0
20190909 17:44:40 Obtención correcta areas usuario:1
20190909 17:44:40 Consulta correcta aplicacion 0
