20190820 10:01:07 Acceso correcto usuario Usuario
20190820 10:01:07 Obtención correcta areas usuario:1
20190820 10:01:07 Avance correcto proceso 0
20190820 10:01:13 Obtención correcta areas usuario:1
20190820 10:01:20 Obtención correcta aplicaciones usuario:1 area 1
20190820 10:01:21 Obtención correcta objetosdb usuario:1 app 2
20190820 10:01:22 Obtención correcta ObtenIndicaores usuario:1 app 2
20190820 10:01:25 Obtención incorrecta aplicaciones usuario:1 app 2
20190820 10:31:49 Obtención correcta objetosdb usuario:1 app 2
20190820 10:31:49 Obtención incorrecta aplicaciones usuario:1 app 2
20190820 10:31:50 Obtención correcta ObtenIndicaores usuario:1 app 2
20190820 10:32:12 Obtención correcta objetosdb usuario:1 app 2
20190820 10:32:13 Obtención incorrecta aplicaciones usuario:1 app 2
20190820 10:32:13 Obtención correcta ObtenIndicaores usuario:1 app 2
20190820 10:32:27 Obtención correcta objetosdb usuario:1 app 2
20190820 10:32:28 Obtención incorrecta aplicaciones usuario:1 app 2
20190820 10:32:28 Obtención correcta ObtenIndicaores usuario:1 app 2
20190820 12:51:59 Obtención correcta objetosdb usuario:1 app 2
20190820 12:52:00 Obtención correcta ObtenIndicaores usuario:1 app 2
20190820 12:52:00 Obtención incorrecta aplicaciones usuario:1 app 2
20190820 12:52:11 Obtención correcta objetosdb usuario:1 app 23
20190820 12:52:12 Obtención correcta ObtenIndicaores usuario:1 app 23
20190820 12:52:12 Obtención correcta objetosdb usuario:1 app 23
20190820 12:52:13 Obtención correcta objetosdb usuario:1 app 23
20190820 12:52:13 Obtención correcta ObtenIndicaores usuario:1 app 23
20190820 12:52:14 Obtención correcta objetosdb usuario:1 app 23
20190820 12:52:26 Obtención correcta objetosdb usuario:1 app 23
20190820 12:52:27 Obtención correcta ObtenIndicaores usuario:1 app 23
20190820 12:52:27 Obtención correcta objetosdb usuario:1 app 23
20190820 12:52:27 Obtención correcta objetosdb usuario:1 app 23
20190820 12:52:27 Obtención correcta objetosdb usuario:1 app 23
20190820 12:52:28 Obtención correcta ObtenIndicaores usuario:1 app 23
20190820 12:52:28 Obtención correcta objetosdb usuario:1 app 23
20190820 12:52:29 Obtención correcta ObtenIndicaores usuario:1 app 23
20190820 12:52:29 Obtención correcta objetosdb usuario:1 app 23
20190820 12:52:29 Obtención correcta ObtenIndicaores usuario:1 app 23
20190820 12:52:30 Obtención correcta objetosdb usuario:1 app 23
20190820 12:52:30 Obtención correcta objetosdb usuario:1 app 23
20190820 12:52:34 Obtención incorrecta aplicaciones usuario:1 app 23
20190820 12:52:39 Obtención correcta objetosdb usuario:1 app 23
20190820 12:52:40 Obtención correcta ObtenIndicaores usuario:1 app 23
20190820 12:52:40 Obtención correcta objetosdb usuario:1 app 23
20190820 12:52:41 Obtención correcta objetosdb usuario:1 app 23
20190820 12:52:41 Obtención correcta objetosdb usuario:1 app 23
20190820 12:52:42 Obtención correcta ObtenIndicaores usuario:1 app 23
20190820 13:05:29 Obtención correcta areas usuario:1
20190820 13:05:33 Obtención correcta aplicaciones usuario:1 area 1
20190820 13:05:36 Obtención correcta objetosdb usuario:1 app 23
20190820 13:05:37 Obtención correcta objetosdb usuario:1 app 23
20190820 13:05:37 Obtención correcta ObtenIndicaores usuario:1 app 23
20190820 13:05:38 Obtención correcta ObtenIndicaores usuario:1 app 23
20190820 13:05:38 Obtención correcta objetosdb usuario:1 app 23
20190820 13:05:39 Obtención correcta objetosdb usuario:1 app 23
20190820 13:05:44 Obtención correcta objetosdb usuario:1 app 23
20190820 13:05:45 Obtención correcta ObtenIndicaores usuario:1 app 23
20190820 13:05:45 Obtención correcta objetosdb usuario:1 app 23
20190820 13:05:49 Obtención correcta objetosdb usuario:1 app 23
20190820 13:05:50 Obtención correcta ObtenIndicaores usuario:1 app 23
20190820 13:05:50 Obtención correcta objetosdb usuario:1 app 23
20190820 13:05:57 Obtención correcta ObtenIndicaores usuario:1 app 23
20190820 13:05:57 Obtención correcta objetosdb usuario:1 app 23
20190820 13:05:57 Obtención correcta objetosdb usuario:1 app 23
20190820 13:05:58 Obtención correcta objetosdb usuario:1 app 23
20190820 13:05:58 Obtención correcta ObtenIndicaores usuario:1 app 23
20190820 13:05:59 Obtención correcta objetosdb usuario:1 app 23
20190820 13:06:00 Obtención correcta objetosdb usuario:1 app 23
20190820 13:06:00 Obtención correcta ObtenIndicaores usuario:1 app 23
20190820 13:06:01 Obtención correcta objetosdb usuario:1 app 23
20190820 13:06:03 Obtención correcta objetosdb usuario:1 app 23
20190820 13:06:03 Obtención correcta objetosdb usuario:1 app 23
20190820 13:06:04 Obtención correcta ObtenIndicaores usuario:1 app 23
20190820 13:06:19 Obtención correcta objetosdb usuario:1 app 23
20190820 13:06:19 Obtención correcta objetosdb usuario:1 app 23
20190820 13:06:19 Obtención correcta ObtenIndicaores usuario:1 app 23
20190820 13:06:20 Obtención correcta objetosdb usuario:1 app 23
20190820 13:06:20 Obtención correcta objetosdb usuario:1 app 23
20190820 13:06:21 Obtención correcta ObtenIndicaores usuario:1 app 23
20190820 16:22:49 Acceso correcto usuario Usuario
20190820 16:22:49 Obtención correcta areas usuario:1
20190820 16:22:49 Avance correcto proceso 0
20190820 16:22:52 Obtención correcta areas usuario:1
20190820 16:22:58 Obtención correcta aplicaciones usuario:1 area 1
20190820 16:23:03 Obtención correcta objetosdb usuario:1 app 23
20190820 16:23:03 Obtención correcta ObtenIndicaores usuario:1 app 23
20190820 16:23:04 Obtención correcta objetosdb usuario:1 app 23
