20190826 12:14:25 Acceso correcto usuario Usuario
20190826 12:14:25 Obtención correcta areas usuario:1
20190826 12:14:25 Avance correcto proceso 0
20190826 12:16:51 Acceso correcto usuario Usuario
20190826 12:16:51 Obtención correcta areas usuario:1
20190826 12:16:51 Avance correcto proceso 0
20190826 12:28:44 Obtención correcta areas usuario:1
20190826 12:28:44 Avance correcto proceso 0
20190826 12:35:39 Obtención correcta areas usuario:1
20190826 12:35:39 Avance correcto proceso 0
20190826 12:36:21 Acceso correcto usuario Usuario
20190826 12:36:21 Obtención correcta areas usuario:1
20190826 12:36:21 Avance correcto proceso 0
20190826 12:37:00 Acceso correcto usuario Usuario
20190826 12:37:00 Obtención correcta areas usuario:1
20190826 12:37:00 Avance correcto proceso 0
20190826 12:39:44 Acceso correcto usuario Usuario
20190826 12:39:44 Obtención correcta areas usuario:1
20190826 12:39:44 Avance correcto proceso 0
20190826 12:39:49 Obtención correcta aplicaciones usuario:1 area 14
20190826 12:40:03 actualizaStatus.UploadComplete Cannot apply indexing with [] to an expression of type 'System.Dynamic.DynamicObject'
20190826 12:40:03 Obtención correcta areas usuario:1
20190826 12:40:03 Avance correcto proceso 0
20190826 12:42:34 Obtención correcta areas usuario:1
20190826 12:42:37 Avance correcto proceso 0
20190826 12:42:47 Obtención correcta areas usuario:1
20190826 12:42:47 Avance correcto proceso 0
20190826 12:42:56 Obtención correcta areas usuario:1
20190826 12:42:57 Avance correcto proceso 0
20190826 12:43:06 Obtención correcta areas usuario:1
20190826 12:43:06 Avance correcto proceso 0
20190826 12:43:47 Obtención correcta areas usuario:1
20190826 12:43:47 Avance correcto proceso 0
20190826 12:43:57 Obtención correcta areas usuario:1
20190826 12:43:57 Avance correcto proceso 0
20190826 12:44:07 Obtención correcta areas usuario:1
20190826 12:44:07 Avance correcto proceso 0
20190826 12:44:17 Obtención correcta areas usuario:1
20190826 12:44:17 Avance correcto proceso 0
20190826 12:44:27 Obtención correcta areas usuario:1
20190826 12:44:27 Avance correcto proceso 0
20190826 12:44:37 Obtención correcta areas usuario:1
20190826 12:44:37 Avance correcto proceso 0
20190826 12:51:39 Acceso correcto usuario Usuario
20190826 12:51:39 Obtención correcta areas usuario:1
20190826 12:51:39 Avance correcto proceso 0
20190826 12:51:43 Obtención correcta aplicaciones usuario:1 area 14
20190826 12:51:52 actualizaStatus.UploadComplete Cannot apply indexing with [] to an expression of type 'System.Dynamic.DynamicObject'
20190826 12:51:52 Obtención correcta areas usuario:1
20190826 12:51:52 Avance correcto proceso 0
20190826 12:52:06 Obtención correcta areas usuario:1
20190826 12:52:08 Avance correcto proceso 0
20190826 12:52:18 Obtención correcta areas usuario:1
20190826 12:52:20 Avance correcto proceso 0
20190826 12:52:27 Obtención correcta areas usuario:1
20190826 12:52:28 Avance correcto proceso 0
20190826 12:52:41 Obtención correcta areas usuario:1
20190826 12:52:42 Avance correcto proceso 0
20190826 12:53:03 Obtención correcta areas usuario:1
20190826 12:53:03 Avance correcto proceso 0
20190826 13:05:37 Obtención correcta areas usuario:1
20190826 13:05:37 Avance correcto proceso 0
20190826 13:06:54 Obtención correcta areas usuario:1
20190826 13:06:54 Avance correcto proceso 0
20190826 13:07:04 Obtención correcta areas usuario:1
20190826 13:07:04 Avance correcto proceso 0
20190826 13:07:14 Obtención correcta areas usuario:1
20190826 13:07:14 Avance correcto proceso 0
20190826 13:07:37 Obtención correcta areas usuario:1
20190826 13:07:37 Avance correcto proceso 0
20190826 13:07:47 Obtención correcta areas usuario:1
20190826 13:07:47 Avance correcto proceso 0
20190826 13:07:57 Obtención correcta areas usuario:1
20190826 13:07:57 Avance correcto proceso 0
20190826 13:08:07 Obtención correcta areas usuario:1
20190826 13:08:07 Avance correcto proceso 0
20190826 13:08:17 Obtención correcta areas usuario:1
20190826 13:08:17 Avance correcto proceso 0
20190826 13:08:27 Obtención correcta areas usuario:1
20190826 13:08:27 Avance correcto proceso 0
20190826 13:08:37 Obtención correcta areas usuario:1
20190826 13:08:37 Avance correcto proceso 0
20190826 13:08:47 Obtención correcta areas usuario:1
20190826 13:08:47 Avance correcto proceso 0
20190826 13:08:57 Obtención correcta areas usuario:1
20190826 13:08:57 Avance correcto proceso 0
20190826 13:09:07 Obtención correcta areas usuario:1
20190826 13:09:07 Avance correcto proceso 0
20190826 13:09:17 Obtención correcta areas usuario:1
20190826 13:09:17 Avance correcto proceso 0
20190826 13:09:27 Obtención correcta areas usuario:1
20190826 13:09:27 Avance correcto proceso 0
20190826 13:09:37 Obtención correcta areas usuario:1
20190826 13:09:37 Avance correcto proceso 0
20190826 13:09:47 Obtención correcta areas usuario:1
20190826 13:09:47 Avance correcto proceso 0
20190826 13:09:57 Obtención correcta areas usuario:1
20190826 13:09:57 Avance correcto proceso 0
20190826 13:10:07 Obtención correcta areas usuario:1
20190826 13:10:07 Avance correcto proceso 0
20190826 13:10:17 Obtención correcta areas usuario:1
20190826 13:10:17 Avance correcto proceso 0
20190826 13:10:27 Obtención correcta areas usuario:1
20190826 13:10:27 Avance correcto proceso 0
20190826 13:10:37 Obtención correcta areas usuario:1
20190826 13:10:37 Avance correcto proceso 0
20190826 13:10:47 Obtención correcta areas usuario:1
20190826 13:10:47 Avance correcto proceso 0
20190826 13:10:57 Obtención correcta areas usuario:1
20190826 13:10:57 Avance correcto proceso 0
20190826 13:14:54 Obtención correcta areas usuario:1
20190826 13:14:54 Avance correcto proceso 0
20190826 13:15:04 Obtención correcta areas usuario:1
20190826 13:15:04 Avance correcto proceso 0
20190826 13:15:14 Obtención correcta areas usuario:1
20190826 13:15:14 Avance correcto proceso 0
20190826 13:15:24 Obtención correcta areas usuario:1
20190826 13:15:24 Avance correcto proceso 0
20190826 13:15:34 Obtención correcta areas usuario:1
20190826 13:15:34 Avance correcto proceso 0
20190826 13:15:44 Obtención correcta areas usuario:1
20190826 13:15:44 Avance correcto proceso 0
20190826 13:15:54 Obtención correcta areas usuario:1
20190826 13:15:54 Avance correcto proceso 0
20190826 13:16:04 Obtención correcta areas usuario:1
20190826 13:16:04 Avance correcto proceso 0
20190826 13:16:14 Obtención correcta areas usuario:1
20190826 13:16:14 Avance correcto proceso 0
20190826 13:16:24 Obtención correcta areas usuario:1
20190826 13:16:24 Avance correcto proceso 0
20190826 13:16:34 Obtención correcta areas usuario:1
20190826 13:16:34 Avance correcto proceso 0
20190826 13:16:44 Obtención correcta areas usuario:1
20190826 13:16:44 Avance correcto proceso 0
20190826 13:16:54 Obtención correcta areas usuario:1
20190826 13:16:54 Avance correcto proceso 0
20190826 13:17:04 Obtención correcta areas usuario:1
20190826 13:17:04 Avance correcto proceso 0
20190826 13:17:14 Obtención correcta areas usuario:1
20190826 13:17:14 Avance correcto proceso 0
20190826 13:17:24 Obtención correcta areas usuario:1
20190826 13:17:24 Avance correcto proceso 0
20190826 13:17:34 Obtención correcta areas usuario:1
20190826 13:17:34 Avance correcto proceso 0
20190826 13:17:44 Obtención correcta areas usuario:1
20190826 13:17:44 Avance correcto proceso 0
20190826 13:17:54 Obtención correcta areas usuario:1
20190826 13:17:54 Avance correcto proceso 0
20190826 13:18:04 Obtención correcta areas usuario:1
20190826 13:18:04 Avance correcto proceso 0
20190826 13:18:14 Obtención correcta areas usuario:1
20190826 13:18:14 Avance correcto proceso 0
20190826 13:18:24 Obtención correcta areas usuario:1
20190826 13:18:24 Avance correcto proceso 0
20190826 13:18:34 Obtención correcta areas usuario:1
20190826 13:18:34 Avance correcto proceso 0
20190826 13:18:44 Obtención correcta areas usuario:1
20190826 13:18:44 Avance correcto proceso 0
20190826 13:18:54 Obtención correcta areas usuario:1
20190826 13:18:54 Avance correcto proceso 0
20190826 13:19:04 Obtención correcta areas usuario:1
20190826 13:19:04 Avance correcto proceso 0
20190826 13:19:14 Obtención correcta areas usuario:1
20190826 13:19:14 Avance correcto proceso 0
20190826 13:19:24 Obtención correcta areas usuario:1
20190826 13:19:24 Avance correcto proceso 0
20190826 13:19:34 Obtención correcta areas usuario:1
20190826 13:19:34 Avance correcto proceso 0
20190826 13:19:44 Obtención correcta areas usuario:1
20190826 13:19:44 Avance correcto proceso 0
20190826 13:19:54 Obtención correcta areas usuario:1
20190826 13:19:54 Avance correcto proceso 0
20190826 13:20:04 Obtención correcta areas usuario:1
20190826 13:20:04 Avance correcto proceso 0
20190826 13:20:14 Obtención correcta areas usuario:1
20190826 13:20:14 Avance correcto proceso 0
20190826 13:20:24 Obtención correcta areas usuario:1
20190826 13:20:24 Avance correcto proceso 0
20190826 13:20:34 Obtención correcta areas usuario:1
20190826 13:20:34 Avance correcto proceso 0
20190826 13:20:44 Obtención correcta areas usuario:1
20190826 13:20:44 Avance correcto proceso 0
20190826 13:20:54 Obtención correcta areas usuario:1
20190826 13:20:54 Avance correcto proceso 0
20190826 13:21:04 Obtención correcta areas usuario:1
20190826 13:21:04 Avance correcto proceso 0
20190826 13:21:14 Obtención correcta areas usuario:1
20190826 13:21:14 Avance correcto proceso 0
20190826 13:21:24 Obtención correcta areas usuario:1
20190826 13:21:24 Avance correcto proceso 0
20190826 13:21:34 Obtención correcta areas usuario:1
20190826 13:21:34 Avance correcto proceso 0
20190826 13:21:44 Obtención correcta areas usuario:1
20190826 13:21:44 Avance correcto proceso 0
20190826 13:21:54 Obtención correcta areas usuario:1
20190826 13:21:54 Avance correcto proceso 0
20190826 13:22:04 Obtención correcta areas usuario:1
20190826 13:22:04 Avance correcto proceso 0
20190826 13:22:14 Obtención correcta areas usuario:1
20190826 13:22:14 Avance correcto proceso 0
20190826 13:27:52 Acceso correcto usuario Usuario
20190826 13:27:52 Obtención correcta areas usuario:1
20190826 13:27:52 Avance correcto proceso 0
20190826 13:27:59 Obtención correcta aplicaciones usuario:1 area 14
20190826 13:28:08 actualizaStatus.UploadComplete Cannot apply indexing with [] to an expression of type 'System.Dynamic.DynamicObject'
20190826 13:28:09 Obtención correcta areas usuario:1
20190826 13:28:09 Avance correcto proceso 0
20190826 13:30:57 Obtención correcta areas usuario:1
20190826 13:30:57 Avance correcto proceso 0
20190826 13:31:08 Obtención correcta areas usuario:1
20190826 13:31:08 Avance correcto proceso 0
20190826 13:31:18 Obtención correcta areas usuario:1
20190826 13:31:18 Avance correcto proceso 0
20190826 13:31:39 Obtención correcta areas usuario:1
20190826 13:31:39 Avance correcto proceso 0
20190826 13:32:01 Obtención correcta areas usuario:1
20190826 13:32:03 Avance correcto proceso 0
20190826 13:32:11 Obtención correcta areas usuario:1
20190826 13:32:11 Avance correcto proceso 0
20190826 13:38:32 Obtención correcta areas usuario:1
20190826 13:38:32 Avance correcto proceso 0
20190826 13:38:45 Obtención correcta areas usuario:1
20190826 13:39:38 Avance correcto proceso 0
20190826 13:40:17 Obtención correcta areas usuario:1
20190826 13:40:18 Avance correcto proceso 0
20190826 13:40:32 Obtención correcta areas usuario:1
20190826 13:40:33 Avance correcto proceso 0
20190826 13:40:44 Obtención correcta areas usuario:1
20190826 13:40:44 Avance correcto proceso 0
20190826 13:41:23 Obtención correcta areas usuario:1
20190826 13:41:23 Avance correcto proceso 0
20190826 13:41:38 Obtención correcta areas usuario:1
20190826 13:41:38 Avance correcto proceso 0
20190826 13:41:38 Obtención correcta areas usuario:1
20190826 13:41:38 Avance correcto proceso 0
20190826 13:41:48 Obtención correcta areas usuario:1
20190826 13:41:48 Avance correcto proceso 0
20190826 13:41:58 Obtención correcta areas usuario:1
20190826 13:41:58 Avance correcto proceso 0
20190826 13:42:08 Obtención correcta areas usuario:1
20190826 13:42:08 Avance correcto proceso 0
20190826 13:42:18 Obtención correcta areas usuario:1
20190826 13:42:18 Avance correcto proceso 0
20190826 13:42:28 Obtención correcta areas usuario:1
20190826 13:42:28 Avance correcto proceso 0
20190826 13:42:38 Obtención correcta areas usuario:1
20190826 13:42:38 Avance correcto proceso 0
20190826 13:42:48 Obtención correcta areas usuario:1
20190826 13:42:48 Avance correcto proceso 0
20190826 13:42:58 Obtención correcta areas usuario:1
20190826 13:42:58 Avance correcto proceso 0
20190826 13:43:08 Obtención correcta areas usuario:1
20190826 13:43:08 Avance correcto proceso 0
20190826 13:43:18 Obtención correcta areas usuario:1
20190826 13:43:18 Avance correcto proceso 0
20190826 13:43:28 Obtención correcta areas usuario:1
20190826 13:43:28 Avance correcto proceso 0
20190826 13:43:38 Obtención correcta areas usuario:1
20190826 13:43:38 Avance correcto proceso 0
20190826 13:43:48 Obtención correcta areas usuario:1
20190826 13:43:48 Avance correcto proceso 0
20190826 13:43:58 Obtención correcta areas usuario:1
20190826 13:43:58 Avance correcto proceso 0
20190826 13:44:08 Obtención correcta areas usuario:1
20190826 13:44:08 Avance correcto proceso 0
20190826 13:44:18 Obtención correcta areas usuario:1
20190826 13:44:18 Avance correcto proceso 0
20190826 13:44:28 Obtención correcta areas usuario:1
20190826 13:44:28 Avance correcto proceso 0
20190826 13:44:38 Obtención correcta areas usuario:1
20190826 13:44:38 Avance correcto proceso 0
20190826 13:44:48 Obtención correcta areas usuario:1
20190826 13:44:48 Avance correcto proceso 0
20190826 13:44:58 Obtención correcta areas usuario:1
20190826 13:44:58 Avance correcto proceso 0
20190826 13:45:08 Obtención correcta areas usuario:1
20190826 13:45:08 Avance correcto proceso 0
20190826 13:45:18 Obtención correcta areas usuario:1
20190826 13:45:18 Avance correcto proceso 0
20190826 13:45:28 Obtención correcta areas usuario:1
20190826 13:45:28 Avance correcto proceso 0
20190826 13:45:38 Obtención correcta areas usuario:1
20190826 13:45:38 Avance correcto proceso 0
20190826 13:45:48 Obtención correcta areas usuario:1
20190826 13:45:48 Avance correcto proceso 0
20190826 13:45:58 Obtención correcta areas usuario:1
20190826 13:45:58 Avance correcto proceso 0
20190826 13:46:08 Obtención correcta areas usuario:1
20190826 13:46:08 Avance correcto proceso 0
20190826 13:46:18 Obtención correcta areas usuario:1
20190826 13:46:18 Avance correcto proceso 0
20190826 13:46:28 Obtención correcta areas usuario:1
20190826 13:46:28 Avance correcto proceso 0
20190826 13:46:38 Obtención correcta areas usuario:1
20190826 13:46:38 Avance correcto proceso 0
20190826 13:46:48 Obtención correcta areas usuario:1
20190826 13:46:48 Avance correcto proceso 0
20190826 13:46:58 Obtención correcta areas usuario:1
20190826 13:46:58 Avance correcto proceso 0
20190826 13:47:08 Obtención correcta areas usuario:1
20190826 13:47:08 Avance correcto proceso 0
20190826 13:47:18 Obtención correcta areas usuario:1
20190826 13:47:18 Avance correcto proceso 0
20190826 13:47:28 Obtención correcta areas usuario:1
20190826 13:47:28 Avance correcto proceso 0
20190826 13:47:38 Obtención correcta areas usuario:1
20190826 13:47:38 Avance correcto proceso 0
20190826 13:47:48 Obtención correcta areas usuario:1
20190826 13:47:48 Avance correcto proceso 0
20190826 13:47:58 Obtención correcta areas usuario:1
20190826 13:47:58 Avance correcto proceso 0
20190826 13:48:08 Obtención correcta areas usuario:1
20190826 13:48:08 Avance correcto proceso 0
20190826 13:48:18 Obtención correcta areas usuario:1
20190826 13:48:18 Avance correcto proceso 0
20190826 13:48:28 Obtención correcta areas usuario:1
20190826 13:48:28 Avance correcto proceso 0
20190826 13:48:38 Obtención correcta areas usuario:1
20190826 13:48:38 Avance correcto proceso 0
20190826 13:48:48 Obtención correcta areas usuario:1
20190826 13:48:48 Avance correcto proceso 0
20190826 13:48:58 Obtención correcta areas usuario:1
20190826 13:48:58 Avance correcto proceso 0
20190826 13:49:08 Obtención correcta areas usuario:1
20190826 13:49:08 Avance correcto proceso 0
20190826 13:49:18 Obtención correcta areas usuario:1
20190826 13:49:18 Avance correcto proceso 0
20190826 13:49:28 Obtención correcta areas usuario:1
20190826 13:49:28 Avance correcto proceso 0
20190826 13:49:38 Obtención correcta areas usuario:1
20190826 13:49:38 Avance correcto proceso 0
20190826 13:49:48 Obtención correcta areas usuario:1
20190826 13:49:48 Avance correcto proceso 0
20190826 13:49:58 Obtención correcta areas usuario:1
20190826 13:49:58 Avance correcto proceso 0
20190826 13:50:08 Obtención correcta areas usuario:1
20190826 13:50:08 Avance correcto proceso 0
20190826 13:50:18 Obtención correcta areas usuario:1
20190826 13:50:18 Avance correcto proceso 0
20190826 13:50:28 Obtención correcta areas usuario:1
20190826 13:50:28 Avance correcto proceso 0
20190826 13:50:38 Obtención correcta areas usuario:1
20190826 13:50:38 Avance correcto proceso 0
20190826 13:50:48 Obtención correcta areas usuario:1
20190826 13:50:48 Avance correcto proceso 0
20190826 13:50:58 Obtención correcta areas usuario:1
20190826 13:50:58 Avance correcto proceso 0
20190826 13:51:08 Obtención correcta areas usuario:1
20190826 13:51:08 Avance correcto proceso 0
20190826 13:51:18 Obtención correcta areas usuario:1
20190826 13:51:18 Avance correcto proceso 0
20190826 13:51:28 Obtención correcta areas usuario:1
20190826 13:51:28 Avance correcto proceso 0
20190826 13:51:38 Obtención correcta areas usuario:1
20190826 13:51:38 Avance correcto proceso 0
20190826 13:51:48 Obtención correcta areas usuario:1
20190826 13:51:48 Avance correcto proceso 0
20190826 13:51:58 Obtención correcta areas usuario:1
20190826 13:51:58 Avance correcto proceso 0
20190826 13:52:08 Obtención correcta areas usuario:1
20190826 13:52:08 Avance correcto proceso 0
20190826 13:52:18 Obtención correcta areas usuario:1
20190826 13:52:18 Avance correcto proceso 0
20190826 13:52:28 Obtención correcta areas usuario:1
20190826 13:52:28 Avance correcto proceso 0
20190826 13:52:38 Obtención correcta areas usuario:1
20190826 13:52:38 Avance correcto proceso 0
20190826 13:52:48 Obtención correcta areas usuario:1
20190826 13:52:48 Avance correcto proceso 0
20190826 13:52:58 Obtención correcta areas usuario:1
20190826 13:52:58 Avance correcto proceso 0
20190826 13:53:08 Obtención correcta areas usuario:1
20190826 13:53:08 Avance correcto proceso 0
20190826 13:53:18 Obtención correcta areas usuario:1
20190826 13:53:18 Avance correcto proceso 0
20190826 13:53:28 Obtención correcta areas usuario:1
20190826 13:53:28 Avance correcto proceso 0
20190826 13:53:38 Obtención correcta areas usuario:1
20190826 13:53:38 Avance correcto proceso 0
20190826 13:53:48 Obtención correcta areas usuario:1
20190826 13:53:48 Avance correcto proceso 0
20190826 13:53:58 Obtención correcta areas usuario:1
20190826 13:53:58 Avance correcto proceso 0
20190826 13:54:08 Obtención correcta areas usuario:1
20190826 13:54:08 Avance correcto proceso 0
20190826 13:54:18 Obtención correcta areas usuario:1
20190826 13:54:18 Avance correcto proceso 0
20190826 13:54:28 Obtención correcta areas usuario:1
20190826 13:54:28 Avance correcto proceso 0
20190826 13:54:38 Obtención correcta areas usuario:1
20190826 13:54:38 Avance correcto proceso 0
20190826 13:54:48 Obtención correcta areas usuario:1
20190826 13:54:48 Avance correcto proceso 0
20190826 13:54:58 Obtención correcta areas usuario:1
20190826 13:54:58 Avance correcto proceso 0
20190826 13:55:08 Obtención correcta areas usuario:1
20190826 13:55:08 Avance correcto proceso 0
20190826 13:55:18 Obtención correcta areas usuario:1
20190826 13:55:18 Avance correcto proceso 0
20190826 13:55:28 Obtención correcta areas usuario:1
20190826 13:55:28 Avance correcto proceso 0
20190826 13:55:38 Obtención correcta areas usuario:1
20190826 13:55:38 Avance correcto proceso 0
20190826 13:55:48 Obtención correcta areas usuario:1
20190826 13:55:48 Avance correcto proceso 0
20190826 13:55:58 Obtención correcta areas usuario:1
20190826 13:55:58 Avance correcto proceso 0
20190826 13:56:08 Obtención correcta areas usuario:1
20190826 13:56:08 Avance correcto proceso 0
20190826 13:56:18 Obtención correcta areas usuario:1
20190826 13:56:18 Avance correcto proceso 0
20190826 13:56:28 Obtención correcta areas usuario:1
20190826 13:56:28 Avance correcto proceso 0
20190826 13:56:38 Obtención correcta areas usuario:1
20190826 13:56:38 Avance correcto proceso 0
20190826 13:56:48 Obtención correcta areas usuario:1
20190826 13:56:48 Avance correcto proceso 0
20190826 13:56:58 Obtención correcta areas usuario:1
20190826 13:56:58 Avance correcto proceso 0
20190826 13:57:08 Obtención correcta areas usuario:1
20190826 13:57:08 Avance correcto proceso 0
20190826 13:57:18 Obtención correcta areas usuario:1
20190826 13:57:18 Avance correcto proceso 0
20190826 13:57:28 Obtención correcta areas usuario:1
20190826 13:57:28 Avance correcto proceso 0
20190826 13:57:38 Obtención correcta areas usuario:1
20190826 13:57:38 Avance correcto proceso 0
20190826 13:57:48 Obtención correcta areas usuario:1
20190826 13:57:48 Avance correcto proceso 0
20190826 13:57:58 Obtención correcta areas usuario:1
20190826 13:57:58 Avance correcto proceso 0
20190826 13:58:08 Obtención correcta areas usuario:1
20190826 13:58:08 Avance correcto proceso 0
20190826 13:58:18 Obtención correcta areas usuario:1
20190826 13:58:18 Avance correcto proceso 0
20190826 13:58:28 Obtención correcta areas usuario:1
20190826 13:58:28 Avance correcto proceso 0
20190826 13:58:38 Obtención correcta areas usuario:1
20190826 13:58:38 Avance correcto proceso 0
20190826 13:58:48 Obtención correcta areas usuario:1
20190826 13:58:48 Avance correcto proceso 0
20190826 13:58:58 Obtención correcta areas usuario:1
20190826 13:58:58 Avance correcto proceso 0
20190826 13:59:08 Obtención correcta areas usuario:1
20190826 13:59:08 Avance correcto proceso 0
20190826 13:59:18 Obtención correcta areas usuario:1
20190826 13:59:18 Avance correcto proceso 0
20190826 13:59:28 Obtención correcta areas usuario:1
20190826 13:59:28 Avance correcto proceso 0
20190826 13:59:38 Obtención correcta areas usuario:1
20190826 13:59:38 Avance correcto proceso 0
20190826 13:59:48 Obtención correcta areas usuario:1
20190826 13:59:48 Avance correcto proceso 0
20190826 13:59:58 Obtención correcta areas usuario:1
20190826 13:59:58 Avance correcto proceso 0
20190826 14:00:08 Obtención correcta areas usuario:1
20190826 14:00:08 Avance correcto proceso 0
20190826 14:00:18 Obtención correcta areas usuario:1
20190826 14:00:18 Avance correcto proceso 0
20190826 14:00:28 Obtención correcta areas usuario:1
20190826 14:00:28 Avance correcto proceso 0
20190826 14:00:38 Obtención correcta areas usuario:1
20190826 14:00:38 Avance correcto proceso 0
20190826 14:00:48 Obtención correcta areas usuario:1
20190826 14:00:48 Avance correcto proceso 0
20190826 14:00:58 Obtención correcta areas usuario:1
20190826 14:00:58 Avance correcto proceso 0
20190826 14:01:08 Obtención correcta areas usuario:1
20190826 14:01:08 Avance correcto proceso 0
20190826 14:01:18 Obtención correcta areas usuario:1
20190826 14:01:18 Avance correcto proceso 0
20190826 14:01:28 Obtención correcta areas usuario:1
20190826 14:01:28 Avance correcto proceso 0
20190826 14:01:38 Obtención correcta areas usuario:1
20190826 14:01:38 Avance correcto proceso 0
20190826 14:01:48 Obtención correcta areas usuario:1
20190826 14:01:48 Avance correcto proceso 0
20190826 14:01:58 Obtención correcta areas usuario:1
20190826 14:01:58 Avance correcto proceso 0
20190826 14:02:08 Obtención correcta areas usuario:1
20190826 14:02:08 Avance correcto proceso 0
20190826 14:02:18 Obtención correcta areas usuario:1
20190826 14:02:18 Avance correcto proceso 0
20190826 14:02:28 Obtención correcta areas usuario:1
20190826 14:02:28 Avance correcto proceso 0
20190826 14:02:38 Obtención correcta areas usuario:1
20190826 14:02:38 Avance correcto proceso 0
20190826 14:02:48 Obtención correcta areas usuario:1
20190826 14:02:48 Avance correcto proceso 0
20190826 14:02:58 Obtención correcta areas usuario:1
20190826 14:02:58 Avance correcto proceso 0
20190826 14:03:08 Obtención correcta areas usuario:1
20190826 14:03:08 Avance correcto proceso 0
20190826 14:03:18 Obtención correcta areas usuario:1
20190826 14:03:18 Avance correcto proceso 0
20190826 14:03:28 Obtención correcta areas usuario:1
20190826 14:03:28 Avance correcto proceso 0
20190826 14:03:38 Obtención correcta areas usuario:1
20190826 14:03:38 Avance correcto proceso 0
20190826 14:03:48 Obtención correcta areas usuario:1
20190826 14:03:48 Avance correcto proceso 0
20190826 14:03:58 Obtención correcta areas usuario:1
20190826 14:03:58 Avance correcto proceso 0
20190826 14:04:08 Obtención correcta areas usuario:1
20190826 14:04:08 Avance correcto proceso 0
20190826 14:04:18 Obtención correcta areas usuario:1
20190826 14:04:18 Avance correcto proceso 0
20190826 14:04:28 Obtención correcta areas usuario:1
20190826 14:04:28 Avance correcto proceso 0
20190826 14:04:38 Obtención correcta areas usuario:1
20190826 14:04:38 Avance correcto proceso 0
20190826 14:04:48 Obtención correcta areas usuario:1
20190826 14:04:48 Avance correcto proceso 0
20190826 14:04:58 Obtención correcta areas usuario:1
20190826 14:04:58 Avance correcto proceso 0
20190826 14:05:08 Obtención correcta areas usuario:1
20190826 14:05:08 Avance correcto proceso 0
20190826 14:05:18 Obtención correcta areas usuario:1
20190826 14:05:18 Avance correcto proceso 0
20190826 14:05:28 Obtención correcta areas usuario:1
20190826 14:05:28 Avance correcto proceso 0
20190826 14:05:38 Obtención correcta areas usuario:1
20190826 14:05:38 Avance correcto proceso 0
20190826 14:05:48 Obtención correcta areas usuario:1
20190826 14:05:48 Avance correcto proceso 0
20190826 14:05:58 Obtención correcta areas usuario:1
20190826 14:05:58 Avance correcto proceso 0
20190826 14:06:08 Obtención correcta areas usuario:1
20190826 14:06:08 Avance correcto proceso 0
20190826 14:06:18 Obtención correcta areas usuario:1
20190826 14:06:18 Avance correcto proceso 0
20190826 14:06:28 Obtención correcta areas usuario:1
20190826 14:06:28 Avance correcto proceso 0
20190826 14:06:38 Obtención correcta areas usuario:1
20190826 14:06:38 Avance correcto proceso 0
20190826 14:06:48 Obtención correcta areas usuario:1
20190826 14:06:48 Avance correcto proceso 0
20190826 14:06:58 Obtención correcta areas usuario:1
20190826 14:06:58 Avance correcto proceso 0
20190826 14:07:08 Obtención correcta areas usuario:1
20190826 14:07:08 Avance correcto proceso 0
20190826 14:07:18 Obtención correcta areas usuario:1
20190826 14:07:18 Avance correcto proceso 0
20190826 14:07:28 Obtención correcta areas usuario:1
20190826 14:07:28 Avance correcto proceso 0
20190826 14:07:38 Obtención correcta areas usuario:1
20190826 14:07:38 Avance correcto proceso 0
20190826 14:07:48 Obtención correcta areas usuario:1
20190826 14:07:48 Avance correcto proceso 0
20190826 14:07:58 Obtención correcta areas usuario:1
20190826 14:07:58 Avance correcto proceso 0
20190826 14:08:08 Obtención correcta areas usuario:1
20190826 14:08:08 Avance correcto proceso 0
20190826 14:08:18 Obtención correcta areas usuario:1
20190826 14:08:18 Avance correcto proceso 0
20190826 14:08:28 Obtención correcta areas usuario:1
20190826 14:08:28 Avance correcto proceso 0
20190826 14:08:38 Obtención correcta areas usuario:1
20190826 14:08:38 Avance correcto proceso 0
20190826 14:08:48 Obtención correcta areas usuario:1
20190826 14:08:48 Avance correcto proceso 0
20190826 14:08:58 Obtención correcta areas usuario:1
20190826 14:08:58 Avance correcto proceso 0
20190826 14:09:08 Obtención correcta areas usuario:1
20190826 14:09:08 Avance correcto proceso 0
20190826 14:09:18 Obtención correcta areas usuario:1
20190826 14:09:18 Avance correcto proceso 0
20190826 14:09:28 Obtención correcta areas usuario:1
20190826 14:09:28 Avance correcto proceso 0
20190826 14:09:38 Obtención correcta areas usuario:1
20190826 14:09:38 Avance correcto proceso 0
20190826 14:09:48 Obtención correcta areas usuario:1
20190826 14:09:48 Avance correcto proceso 0
20190826 14:09:58 Obtención correcta areas usuario:1
20190826 14:09:58 Avance correcto proceso 0
20190826 14:10:08 Obtención correcta areas usuario:1
20190826 14:10:08 Avance correcto proceso 0
20190826 14:10:18 Obtención correcta areas usuario:1
20190826 14:10:18 Avance correcto proceso 0
20190826 14:10:28 Obtención correcta areas usuario:1
20190826 14:10:28 Avance correcto proceso 0
20190826 14:10:38 Obtención correcta areas usuario:1
20190826 14:10:38 Avance correcto proceso 0
20190826 14:10:48 Obtención correcta areas usuario:1
20190826 14:10:48 Avance correcto proceso 0
20190826 14:10:58 Obtención correcta areas usuario:1
20190826 14:10:58 Avance correcto proceso 0
20190826 14:11:08 Obtención correcta areas usuario:1
20190826 14:11:08 Avance correcto proceso 0
20190826 14:11:18 Obtención correcta areas usuario:1
20190826 14:11:18 Avance correcto proceso 0
20190826 14:11:28 Obtención correcta areas usuario:1
20190826 14:11:28 Avance correcto proceso 0
20190826 14:11:38 Obtención correcta areas usuario:1
20190826 14:11:38 Avance correcto proceso 0
20190826 14:11:48 Obtención correcta areas usuario:1
20190826 14:11:48 Avance correcto proceso 0
20190826 14:11:58 Obtención correcta areas usuario:1
20190826 14:11:58 Avance correcto proceso 0
20190826 14:12:08 Obtención correcta areas usuario:1
20190826 14:12:08 Avance correcto proceso 0
20190826 14:12:18 Obtención correcta areas usuario:1
20190826 14:12:18 Avance correcto proceso 0
20190826 14:12:28 Obtención correcta areas usuario:1
20190826 14:12:28 Avance correcto proceso 0
20190826 14:12:38 Obtención correcta areas usuario:1
20190826 14:12:38 Avance correcto proceso 0
20190826 14:12:48 Obtención correcta areas usuario:1
20190826 14:12:48 Avance correcto proceso 0
20190826 14:12:58 Obtención correcta areas usuario:1
20190826 14:12:58 Avance correcto proceso 0
20190826 14:13:08 Obtención correcta areas usuario:1
20190826 14:13:08 Avance correcto proceso 0
20190826 14:13:18 Obtención correcta areas usuario:1
20190826 14:13:18 Avance correcto proceso 0
20190826 14:13:28 Obtención correcta areas usuario:1
20190826 14:13:28 Avance correcto proceso 0
20190826 14:13:38 Obtención correcta areas usuario:1
20190826 14:13:38 Avance correcto proceso 0
20190826 14:13:48 Obtención correcta areas usuario:1
20190826 14:13:48 Avance correcto proceso 0
20190826 14:13:58 Obtención correcta areas usuario:1
20190826 14:13:58 Avance correcto proceso 0
20190826 14:14:08 Obtención correcta areas usuario:1
20190826 14:14:08 Avance correcto proceso 0
20190826 14:14:18 Obtención correcta areas usuario:1
20190826 14:14:18 Avance correcto proceso 0
20190826 14:14:28 Obtención correcta areas usuario:1
20190826 14:14:28 Avance correcto proceso 0
20190826 14:14:38 Obtención correcta areas usuario:1
20190826 14:14:38 Avance correcto proceso 0
20190826 14:14:48 Obtención correcta areas usuario:1
20190826 14:14:48 Avance correcto proceso 0
20190826 14:14:58 Obtención correcta areas usuario:1
20190826 14:14:58 Avance correcto proceso 0
20190826 14:15:08 Obtención correcta areas usuario:1
20190826 14:15:08 Avance correcto proceso 0
20190826 14:15:18 Obtención correcta areas usuario:1
20190826 14:15:18 Avance correcto proceso 0
20190826 14:15:28 Obtención correcta areas usuario:1
20190826 14:15:28 Avance correcto proceso 0
20190826 14:15:38 Obtención correcta areas usuario:1
20190826 14:15:38 Avance correcto proceso 0
20190826 14:15:48 Obtención correcta areas usuario:1
20190826 14:15:48 Avance correcto proceso 0
20190826 14:15:58 Obtención correcta areas usuario:1
20190826 14:15:58 Avance correcto proceso 0
20190826 14:16:08 Obtención correcta areas usuario:1
20190826 14:16:08 Avance correcto proceso 0
20190826 14:16:18 Obtención correcta areas usuario:1
20190826 14:16:18 Avance correcto proceso 0
20190826 14:16:28 Obtención correcta areas usuario:1
20190826 14:16:28 Avance correcto proceso 0
20190826 14:16:38 Obtención correcta areas usuario:1
20190826 14:16:38 Avance correcto proceso 0
20190826 14:16:48 Obtención correcta areas usuario:1
20190826 14:16:48 Avance correcto proceso 0
20190826 14:16:58 Obtención correcta areas usuario:1
20190826 14:16:58 Avance correcto proceso 0
20190826 14:17:08 Obtención correcta areas usuario:1
20190826 14:17:08 Avance correcto proceso 0
20190826 14:17:18 Obtención correcta areas usuario:1
20190826 14:17:18 Avance correcto proceso 0
20190826 14:17:28 Obtención correcta areas usuario:1
20190826 14:17:28 Avance correcto proceso 0
20190826 14:17:38 Obtención correcta areas usuario:1
20190826 14:17:38 Avance correcto proceso 0
20190826 14:17:48 Obtención correcta areas usuario:1
20190826 14:17:48 Avance correcto proceso 0
20190826 14:17:58 Obtención correcta areas usuario:1
20190826 14:17:58 Avance correcto proceso 0
20190826 14:18:08 Obtención correcta areas usuario:1
20190826 14:18:08 Avance correcto proceso 0
20190826 14:18:18 Obtención correcta areas usuario:1
20190826 14:18:18 Avance correcto proceso 0
20190826 14:18:28 Obtención correcta areas usuario:1
20190826 14:18:28 Avance correcto proceso 0
20190826 14:18:38 Obtención correcta areas usuario:1
20190826 14:18:38 Avance correcto proceso 0
20190826 14:18:48 Obtención correcta areas usuario:1
20190826 14:18:48 Avance correcto proceso 0
20190826 14:18:58 Obtención correcta areas usuario:1
20190826 14:18:58 Avance correcto proceso 0
20190826 14:19:08 Obtención correcta areas usuario:1
20190826 14:19:08 Avance correcto proceso 0
20190826 14:19:18 Obtención correcta areas usuario:1
20190826 14:19:18 Avance correcto proceso 0
20190826 14:19:28 Obtención correcta areas usuario:1
20190826 14:19:28 Avance correcto proceso 0
20190826 14:19:38 Obtención correcta areas usuario:1
20190826 14:19:38 Avance correcto proceso 0
20190826 14:19:48 Obtención correcta areas usuario:1
20190826 14:19:48 Avance correcto proceso 0
20190826 14:19:58 Obtención correcta areas usuario:1
20190826 14:19:58 Avance correcto proceso 0
20190826 14:20:08 Obtención correcta areas usuario:1
20190826 14:20:08 Avance correcto proceso 0
20190826 14:20:18 Obtención correcta areas usuario:1
20190826 14:20:18 Avance correcto proceso 0
20190826 14:20:28 Obtención correcta areas usuario:1
20190826 14:20:28 Avance correcto proceso 0
20190826 14:20:38 Obtención correcta areas usuario:1
20190826 14:20:38 Avance correcto proceso 0
20190826 14:20:48 Obtención correcta areas usuario:1
20190826 14:20:48 Avance correcto proceso 0
20190826 14:20:58 Obtención correcta areas usuario:1
20190826 14:20:58 Avance correcto proceso 0
20190826 14:21:08 Obtención correcta areas usuario:1
20190826 14:21:08 Avance correcto proceso 0
20190826 14:21:18 Obtención correcta areas usuario:1
20190826 14:21:18 Avance correcto proceso 0
20190826 14:21:28 Obtención correcta areas usuario:1
20190826 14:21:28 Avance correcto proceso 0
20190826 14:21:38 Obtención correcta areas usuario:1
20190826 14:21:38 Avance correcto proceso 0
20190826 14:21:48 Obtención correcta areas usuario:1
20190826 14:21:48 Avance correcto proceso 0
20190826 14:21:58 Obtención correcta areas usuario:1
20190826 14:21:58 Avance correcto proceso 0
20190826 14:22:08 Obtención correcta areas usuario:1
20190826 14:22:08 Avance correcto proceso 0
20190826 14:22:18 Obtención correcta areas usuario:1
20190826 14:22:18 Avance correcto proceso 0
20190826 14:22:28 Obtención correcta areas usuario:1
20190826 14:22:28 Avance correcto proceso 0
20190826 14:22:38 Obtención correcta areas usuario:1
20190826 14:22:38 Avance correcto proceso 0
20190826 14:22:48 Obtención correcta areas usuario:1
20190826 14:22:48 Avance correcto proceso 0
20190826 14:22:58 Obtención correcta areas usuario:1
20190826 14:22:58 Avance correcto proceso 0
20190826 14:23:08 Obtención correcta areas usuario:1
20190826 14:23:08 Avance correcto proceso 0
20190826 14:23:18 Obtención correcta areas usuario:1
20190826 14:23:18 Avance correcto proceso 0
20190826 14:23:28 Obtención correcta areas usuario:1
20190826 14:23:28 Avance correcto proceso 0
20190826 14:23:38 Obtención correcta areas usuario:1
20190826 14:23:38 Avance correcto proceso 0
20190826 14:23:48 Obtención correcta areas usuario:1
20190826 14:23:48 Avance correcto proceso 0
20190826 14:23:58 Obtención correcta areas usuario:1
20190826 14:23:58 Avance correcto proceso 0
20190826 14:24:08 Obtención correcta areas usuario:1
20190826 14:24:08 Avance correcto proceso 0
20190826 14:24:18 Obtención correcta areas usuario:1
20190826 14:24:18 Avance correcto proceso 0
20190826 14:24:28 Obtención correcta areas usuario:1
20190826 14:24:28 Avance correcto proceso 0
20190826 14:24:38 Obtención correcta areas usuario:1
20190826 14:24:38 Avance correcto proceso 0
20190826 14:24:48 Obtención correcta areas usuario:1
20190826 14:24:48 Avance correcto proceso 0
20190826 14:24:58 Obtención correcta areas usuario:1
20190826 14:24:58 Avance correcto proceso 0
20190826 14:25:08 Obtención correcta areas usuario:1
20190826 14:25:08 Avance correcto proceso 0
20190826 14:25:18 Obtención correcta areas usuario:1
20190826 14:25:18 Avance correcto proceso 0
20190826 14:25:28 Obtención correcta areas usuario:1
20190826 14:25:28 Avance correcto proceso 0
20190826 14:25:38 Obtención correcta areas usuario:1
20190826 14:25:38 Avance correcto proceso 0
20190826 14:25:48 Obtención correcta areas usuario:1
20190826 14:25:48 Avance correcto proceso 0
20190826 14:25:58 Obtención correcta areas usuario:1
20190826 14:25:58 Avance correcto proceso 0
20190826 14:26:08 Obtención correcta areas usuario:1
20190826 14:26:08 Avance correcto proceso 0
20190826 14:26:18 Obtención correcta areas usuario:1
20190826 14:26:18 Avance correcto proceso 0
20190826 14:26:28 Obtención correcta areas usuario:1
20190826 14:26:28 Avance correcto proceso 0
20190826 14:26:38 Obtención correcta areas usuario:1
20190826 14:26:38 Avance correcto proceso 0
20190826 14:26:48 Obtención correcta areas usuario:1
20190826 14:26:48 Avance correcto proceso 0
20190826 14:26:58 Obtención correcta areas usuario:1
20190826 14:26:58 Avance correcto proceso 0
20190826 14:27:08 Obtención correcta areas usuario:1
20190826 14:27:08 Avance correcto proceso 0
20190826 14:27:18 Obtención correcta areas usuario:1
20190826 14:27:18 Avance correcto proceso 0
20190826 14:27:28 Obtención correcta areas usuario:1
20190826 14:27:28 Avance correcto proceso 0
20190826 14:27:38 Obtención correcta areas usuario:1
20190826 14:27:38 Avance correcto proceso 0
20190826 14:27:48 Obtención correcta areas usuario:1
20190826 14:27:48 Avance correcto proceso 0
20190826 14:27:58 Obtención correcta areas usuario:1
20190826 14:27:58 Avance correcto proceso 0
20190826 14:28:08 Obtención correcta areas usuario:1
20190826 14:28:08 Avance correcto proceso 0
20190826 14:28:18 Obtención correcta areas usuario:1
20190826 14:28:18 Avance correcto proceso 0
20190826 14:28:28 Obtención correcta areas usuario:1
20190826 14:28:28 Avance correcto proceso 0
20190826 14:28:38 Obtención correcta areas usuario:1
20190826 14:28:38 Avance correcto proceso 0
20190826 14:28:48 Obtención correcta areas usuario:1
20190826 14:28:48 Avance correcto proceso 0
20190826 14:28:58 Obtención correcta areas usuario:1
20190826 14:28:58 Avance correcto proceso 0
20190826 14:29:08 Obtención correcta areas usuario:1
20190826 14:29:08 Avance correcto proceso 0
20190826 14:29:18 Obtención correcta areas usuario:1
20190826 14:29:19 Avance correcto proceso 0
20190826 14:29:28 Obtención correcta areas usuario:1
20190826 14:29:28 Avance correcto proceso 0
20190826 14:29:38 Obtención correcta areas usuario:1
20190826 14:29:38 Avance correcto proceso 0
20190826 14:29:48 Obtención correcta areas usuario:1
20190826 14:29:48 Avance correcto proceso 0
20190826 14:29:58 Obtención correcta areas usuario:1
20190826 14:29:58 Avance correcto proceso 0
20190826 14:30:08 Obtención correcta areas usuario:1
20190826 14:30:08 Avance correcto proceso 0
20190826 14:30:19 Obtención correcta areas usuario:1
20190826 14:30:19 Avance correcto proceso 0
20190826 14:30:29 Obtención correcta areas usuario:1
20190826 14:30:29 Avance correcto proceso 0
20190826 14:30:38 Obtención correcta areas usuario:1
20190826 14:30:39 Avance correcto proceso 0
20190826 14:30:49 Obtención correcta areas usuario:1
20190826 14:30:49 Avance correcto proceso 0
20190826 14:30:59 Obtención correcta areas usuario:1
20190826 14:30:59 Avance correcto proceso 0
20190826 14:31:09 Obtención correcta areas usuario:1
20190826 14:31:09 Avance correcto proceso 0
20190826 14:31:19 Obtención correcta areas usuario:1
20190826 14:31:19 Avance correcto proceso 0
20190826 14:31:29 Obtención correcta areas usuario:1
20190826 14:31:29 Avance correcto proceso 0
20190826 14:31:39 Obtención correcta areas usuario:1
20190826 14:31:39 Avance correcto proceso 0
20190826 14:31:49 Obtención correcta areas usuario:1
20190826 14:31:49 Avance correcto proceso 0
20190826 14:31:59 Obtención correcta areas usuario:1
20190826 14:31:59 Avance correcto proceso 0
20190826 14:32:09 Obtención correcta areas usuario:1
20190826 14:32:09 Avance correcto proceso 0
20190826 14:32:19 Obtención correcta areas usuario:1
20190826 14:32:19 Avance correcto proceso 0
20190826 14:32:29 Obtención correcta areas usuario:1
20190826 14:32:29 Avance correcto proceso 0
20190826 14:32:39 Obtención correcta areas usuario:1
20190826 14:32:39 Avance correcto proceso 0
20190826 14:32:49 Obtención correcta areas usuario:1
20190826 14:32:49 Avance correcto proceso 0
20190826 14:32:59 Obtención correcta areas usuario:1
20190826 14:32:59 Avance correcto proceso 0
20190826 14:33:09 Obtención correcta areas usuario:1
20190826 14:33:09 Avance correcto proceso 0
20190826 14:33:19 Obtención correcta areas usuario:1
20190826 14:33:19 Avance correcto proceso 0
20190826 14:33:29 Obtención correcta areas usuario:1
20190826 14:33:29 Avance correcto proceso 0
20190826 14:33:39 Obtención correcta areas usuario:1
20190826 14:33:39 Avance correcto proceso 0
20190826 14:33:49 Obtención correcta areas usuario:1
20190826 14:33:49 Avance correcto proceso 0
20190826 14:33:59 Obtención correcta areas usuario:1
20190826 14:33:59 Avance correcto proceso 0
20190826 14:34:09 Obtención correcta areas usuario:1
20190826 14:34:09 Avance correcto proceso 0
20190826 14:34:19 Obtención correcta areas usuario:1
20190826 14:34:19 Avance correcto proceso 0
20190826 14:34:29 Obtención correcta areas usuario:1
20190826 14:34:29 Avance correcto proceso 0
20190826 14:34:39 Obtención correcta areas usuario:1
20190826 14:34:39 Avance correcto proceso 0
20190826 14:34:49 Obtención correcta areas usuario:1
20190826 14:34:49 Avance correcto proceso 0
20190826 14:34:59 Obtención correcta areas usuario:1
20190826 14:34:59 Avance correcto proceso 0
20190826 14:35:09 Obtención correcta areas usuario:1
20190826 14:35:09 Avance correcto proceso 0
20190826 14:35:19 Obtención correcta areas usuario:1
20190826 14:35:19 Avance correcto proceso 0
20190826 14:35:29 Obtención correcta areas usuario:1
20190826 14:35:29 Avance correcto proceso 0
20190826 14:35:39 Obtención correcta areas usuario:1
20190826 14:35:39 Avance correcto proceso 0
20190826 14:35:49 Obtención correcta areas usuario:1
20190826 14:35:49 Avance correcto proceso 0
20190826 14:35:59 Obtención correcta areas usuario:1
20190826 14:35:59 Avance correcto proceso 0
20190826 14:36:09 Obtención correcta areas usuario:1
20190826 14:36:09 Avance correcto proceso 0
20190826 14:36:19 Obtención correcta areas usuario:1
20190826 14:36:19 Avance correcto proceso 0
20190826 14:36:29 Obtención correcta areas usuario:1
20190826 14:36:29 Avance correcto proceso 0
20190826 14:36:39 Obtención correcta areas usuario:1
20190826 14:36:39 Avance correcto proceso 0
20190826 14:36:49 Obtención correcta areas usuario:1
20190826 14:36:49 Avance correcto proceso 0
20190826 14:36:59 Obtención correcta areas usuario:1
20190826 14:36:59 Avance correcto proceso 0
20190826 14:37:09 Obtención correcta areas usuario:1
20190826 14:37:09 Avance correcto proceso 0
20190826 14:37:19 Obtención correcta areas usuario:1
20190826 14:37:19 Avance correcto proceso 0
20190826 14:37:29 Obtención correcta areas usuario:1
20190826 14:37:29 Avance correcto proceso 0
20190826 14:37:39 Obtención correcta areas usuario:1
20190826 14:37:39 Avance correcto proceso 0
20190826 14:37:49 Obtención correcta areas usuario:1
20190826 14:37:49 Avance correcto proceso 0
20190826 14:37:59 Obtención correcta areas usuario:1
20190826 14:37:59 Avance correcto proceso 0
20190826 14:38:09 Obtención correcta areas usuario:1
20190826 14:38:09 Avance correcto proceso 0
20190826 14:38:19 Obtención correcta areas usuario:1
20190826 14:38:19 Avance correcto proceso 0
20190826 14:38:29 Obtención correcta areas usuario:1
20190826 14:38:29 Avance correcto proceso 0
20190826 14:38:39 Obtención correcta areas usuario:1
20190826 14:38:39 Avance correcto proceso 0
20190826 14:38:49 Obtención correcta areas usuario:1
20190826 14:38:49 Avance correcto proceso 0
20190826 14:38:59 Obtención correcta areas usuario:1
20190826 14:38:59 Avance correcto proceso 0
20190826 14:39:09 Obtención correcta areas usuario:1
20190826 14:39:09 Avance correcto proceso 0
20190826 14:39:19 Obtención correcta areas usuario:1
20190826 14:39:19 Avance correcto proceso 0
20190826 14:39:29 Obtención correcta areas usuario:1
20190826 14:39:29 Avance correcto proceso 0
20190826 14:39:39 Obtención correcta areas usuario:1
20190826 14:39:39 Avance correcto proceso 0
20190826 14:39:49 Obtención correcta areas usuario:1
20190826 14:39:49 Avance correcto proceso 0
20190826 14:39:59 Obtención correcta areas usuario:1
20190826 14:39:59 Avance correcto proceso 0
20190826 14:40:09 Obtención correcta areas usuario:1
20190826 14:40:09 Avance correcto proceso 0
20190826 14:40:19 Obtención correcta areas usuario:1
20190826 14:40:19 Avance correcto proceso 0
20190826 14:40:29 Obtención correcta areas usuario:1
20190826 14:40:29 Avance correcto proceso 0
20190826 14:40:39 Obtención correcta areas usuario:1
20190826 14:40:39 Avance correcto proceso 0
20190826 14:40:49 Obtención correcta areas usuario:1
20190826 14:40:49 Avance correcto proceso 0
20190826 14:40:59 Obtención correcta areas usuario:1
20190826 14:40:59 Avance correcto proceso 0
20190826 14:41:09 Obtención correcta areas usuario:1
20190826 14:41:09 Avance correcto proceso 0
20190826 14:41:19 Obtención correcta areas usuario:1
20190826 14:41:19 Avance correcto proceso 0
20190826 14:41:29 Obtención correcta areas usuario:1
20190826 14:41:29 Avance correcto proceso 0
20190826 14:41:39 Obtención correcta areas usuario:1
20190826 14:41:39 Avance correcto proceso 0
20190826 14:41:49 Obtención correcta areas usuario:1
20190826 14:41:49 Avance correcto proceso 0
20190826 14:41:59 Obtención correcta areas usuario:1
20190826 14:41:59 Avance correcto proceso 0
20190826 14:42:09 Obtención correcta areas usuario:1
20190826 14:42:09 Avance correcto proceso 0
20190826 14:42:19 Obtención correcta areas usuario:1
20190826 14:42:19 Avance correcto proceso 0
20190826 14:42:29 Obtención correcta areas usuario:1
20190826 14:42:29 Avance correcto proceso 0
20190826 14:42:39 Obtención correcta areas usuario:1
20190826 14:42:39 Avance correcto proceso 0
20190826 14:42:49 Obtención correcta areas usuario:1
20190826 14:42:49 Avance correcto proceso 0
20190826 14:42:59 Obtención correcta areas usuario:1
20190826 14:42:59 Avance correcto proceso 0
20190826 14:43:09 Obtención correcta areas usuario:1
20190826 14:43:09 Avance correcto proceso 0
20190826 14:43:19 Obtención correcta areas usuario:1
20190826 14:43:19 Avance correcto proceso 0
20190826 14:43:29 Obtención correcta areas usuario:1
20190826 14:43:29 Avance correcto proceso 0
20190826 14:43:39 Obtención correcta areas usuario:1
20190826 14:43:39 Avance correcto proceso 0
20190826 14:43:49 Obtención correcta areas usuario:1
20190826 14:43:49 Avance correcto proceso 0
20190826 14:43:59 Obtención correcta areas usuario:1
20190826 14:43:59 Avance correcto proceso 0
20190826 14:44:09 Obtención correcta areas usuario:1
20190826 14:44:09 Avance correcto proceso 0
20190826 14:44:19 Obtención correcta areas usuario:1
20190826 14:44:19 Avance correcto proceso 0
20190826 14:44:29 Obtención correcta areas usuario:1
20190826 14:44:29 Avance correcto proceso 0
20190826 14:44:39 Obtención correcta areas usuario:1
20190826 14:44:39 Avance correcto proceso 0
20190826 14:44:49 Obtención correcta areas usuario:1
20190826 14:44:49 Avance correcto proceso 0
20190826 14:44:59 Obtención correcta areas usuario:1
20190826 14:44:59 Avance correcto proceso 0
20190826 14:45:09 Obtención correcta areas usuario:1
20190826 14:45:09 Avance correcto proceso 0
20190826 14:45:19 Obtención correcta areas usuario:1
20190826 14:45:19 Avance correcto proceso 0
20190826 14:45:29 Obtención correcta areas usuario:1
20190826 14:45:29 Avance correcto proceso 0
20190826 14:45:39 Obtención correcta areas usuario:1
20190826 14:45:39 Avance correcto proceso 0
20190826 14:45:49 Obtención correcta areas usuario:1
20190826 14:45:49 Avance correcto proceso 0
20190826 14:45:59 Obtención correcta areas usuario:1
20190826 14:45:59 Avance correcto proceso 0
20190826 14:46:09 Obtención correcta areas usuario:1
20190826 14:46:09 Avance correcto proceso 0
20190826 14:46:19 Obtención correcta areas usuario:1
20190826 14:46:19 Avance correcto proceso 0
20190826 14:46:29 Obtención correcta areas usuario:1
20190826 14:46:29 Avance correcto proceso 0
20190826 14:46:39 Obtención correcta areas usuario:1
20190826 14:46:39 Avance correcto proceso 0
20190826 14:46:49 Obtención correcta areas usuario:1
20190826 14:46:49 Avance correcto proceso 0
20190826 14:46:59 Obtención correcta areas usuario:1
20190826 14:46:59 Avance correcto proceso 0
20190826 14:47:09 Obtención correcta areas usuario:1
20190826 14:47:09 Avance correcto proceso 0
20190826 14:47:19 Obtención correcta areas usuario:1
20190826 14:47:19 Avance correcto proceso 0
20190826 14:47:29 Obtención correcta areas usuario:1
20190826 14:47:29 Avance correcto proceso 0
20190826 14:47:39 Obtención correcta areas usuario:1
20190826 14:47:39 Avance correcto proceso 0
20190826 14:47:49 Obtención correcta areas usuario:1
20190826 14:47:49 Avance correcto proceso 0
20190826 14:47:59 Obtención correcta areas usuario:1
20190826 14:47:59 Avance correcto proceso 0
20190826 14:48:09 Obtención correcta areas usuario:1
20190826 14:48:09 Avance correcto proceso 0
20190826 14:48:19 Obtención correcta areas usuario:1
20190826 14:48:19 Avance correcto proceso 0
20190826 14:48:29 Obtención correcta areas usuario:1
20190826 14:48:29 Avance correcto proceso 0
20190826 14:48:39 Obtención correcta areas usuario:1
20190826 14:48:39 Avance correcto proceso 0
20190826 14:48:49 Obtención correcta areas usuario:1
20190826 14:48:49 Avance correcto proceso 0
20190826 14:48:59 Obtención correcta areas usuario:1
20190826 14:48:59 Avance correcto proceso 0
20190826 14:49:09 Obtención correcta areas usuario:1
20190826 14:49:09 Avance correcto proceso 0
20190826 14:49:19 Obtención correcta areas usuario:1
20190826 14:49:19 Avance correcto proceso 0
20190826 14:49:29 Obtención correcta areas usuario:1
20190826 14:49:29 Avance correcto proceso 0
20190826 14:49:39 Obtención correcta areas usuario:1
20190826 14:49:39 Avance correcto proceso 0
20190826 14:49:49 Obtención correcta areas usuario:1
20190826 14:49:49 Avance correcto proceso 0
20190826 14:49:59 Obtención correcta areas usuario:1
20190826 14:49:59 Avance correcto proceso 0
20190826 14:50:09 Obtención correcta areas usuario:1
20190826 14:50:09 Avance correcto proceso 0
20190826 14:50:19 Obtención correcta areas usuario:1
20190826 14:50:19 Avance correcto proceso 0
20190826 14:50:29 Obtención correcta areas usuario:1
20190826 14:50:29 Avance correcto proceso 0
20190826 14:50:39 Obtención correcta areas usuario:1
20190826 14:50:39 Avance correcto proceso 0
20190826 14:50:49 Obtención correcta areas usuario:1
20190826 14:50:49 Avance correcto proceso 0
20190826 14:50:59 Obtención correcta areas usuario:1
20190826 14:50:59 Avance correcto proceso 0
20190826 14:51:09 Obtención correcta areas usuario:1
20190826 14:51:09 Avance correcto proceso 0
20190826 14:51:19 Obtención correcta areas usuario:1
20190826 14:51:19 Avance correcto proceso 0
20190826 14:51:29 Obtención correcta areas usuario:1
20190826 14:51:29 Avance correcto proceso 0
20190826 14:51:39 Obtención correcta areas usuario:1
20190826 14:51:39 Avance correcto proceso 0
20190826 14:51:49 Obtención correcta areas usuario:1
20190826 14:51:49 Avance correcto proceso 0
20190826 14:51:59 Obtención correcta areas usuario:1
20190826 14:51:59 Avance correcto proceso 0
20190826 14:52:09 Obtención correcta areas usuario:1
20190826 14:52:09 Avance correcto proceso 0
20190826 14:52:19 Obtención correcta areas usuario:1
20190826 14:52:19 Avance correcto proceso 0
20190826 14:52:29 Obtención correcta areas usuario:1
20190826 14:52:29 Avance correcto proceso 0
20190826 14:52:39 Obtención correcta areas usuario:1
20190826 14:52:39 Avance correcto proceso 0
20190826 14:52:49 Obtención correcta areas usuario:1
20190826 14:52:49 Avance correcto proceso 0
20190826 14:52:59 Obtención correcta areas usuario:1
20190826 14:52:59 Avance correcto proceso 0
20190826 14:53:09 Obtención correcta areas usuario:1
20190826 14:53:09 Avance correcto proceso 0
20190826 14:53:19 Obtención correcta areas usuario:1
20190826 14:53:19 Avance correcto proceso 0
20190826 14:53:29 Obtención correcta areas usuario:1
20190826 14:53:29 Avance correcto proceso 0
20190826 14:53:39 Obtención correcta areas usuario:1
20190826 14:53:39 Avance correcto proceso 0
20190826 14:53:49 Obtención correcta areas usuario:1
20190826 14:53:49 Avance correcto proceso 0
20190826 14:53:59 Obtención correcta areas usuario:1
20190826 14:53:59 Avance correcto proceso 0
20190826 14:54:09 Obtención correcta areas usuario:1
20190826 14:54:09 Avance correcto proceso 0
20190826 14:54:19 Obtención correcta areas usuario:1
20190826 14:54:19 Avance correcto proceso 0
20190826 14:54:29 Obtención correcta areas usuario:1
20190826 14:54:29 Avance correcto proceso 0
20190826 14:54:39 Obtención correcta areas usuario:1
20190826 14:54:39 Avance correcto proceso 0
20190826 14:54:49 Obtención correcta areas usuario:1
20190826 14:54:49 Avance correcto proceso 0
20190826 14:54:59 Obtención correcta areas usuario:1
20190826 14:54:59 Avance correcto proceso 0
20190826 14:55:09 Obtención correcta areas usuario:1
20190826 14:55:09 Avance correcto proceso 0
20190826 14:55:19 Obtención correcta areas usuario:1
20190826 14:55:19 Avance correcto proceso 0
20190826 14:55:29 Obtención correcta areas usuario:1
20190826 14:55:29 Avance correcto proceso 0
20190826 14:55:39 Obtención correcta areas usuario:1
20190826 14:55:39 Avance correcto proceso 0
20190826 14:55:49 Obtención correcta areas usuario:1
20190826 14:55:49 Avance correcto proceso 0
20190826 14:55:59 Obtención correcta areas usuario:1
20190826 14:55:59 Avance correcto proceso 0
20190826 14:56:09 Obtención correcta areas usuario:1
20190826 14:56:09 Avance correcto proceso 0
20190826 14:56:19 Obtención correcta areas usuario:1
20190826 14:56:19 Avance correcto proceso 0
20190826 14:56:29 Obtención correcta areas usuario:1
20190826 14:56:29 Avance correcto proceso 0
20190826 14:56:39 Obtención correcta areas usuario:1
20190826 14:56:39 Avance correcto proceso 0
20190826 14:56:49 Obtención correcta areas usuario:1
20190826 14:56:49 Avance correcto proceso 0
20190826 14:56:59 Obtención correcta areas usuario:1
20190826 14:56:59 Avance correcto proceso 0
20190826 14:57:09 Obtención correcta areas usuario:1
20190826 14:57:09 Avance correcto proceso 0
20190826 14:57:19 Obtención correcta areas usuario:1
20190826 14:57:19 Avance correcto proceso 0
20190826 14:57:29 Obtención correcta areas usuario:1
20190826 14:57:29 Avance correcto proceso 0
20190826 14:57:39 Obtención correcta areas usuario:1
20190826 14:57:39 Avance correcto proceso 0
20190826 14:57:49 Obtención correcta areas usuario:1
20190826 14:57:49 Avance correcto proceso 0
20190826 14:57:59 Obtención correcta areas usuario:1
20190826 14:57:59 Avance correcto proceso 0
20190826 14:58:09 Obtención correcta areas usuario:1
20190826 14:58:09 Avance correcto proceso 0
20190826 14:58:19 Obtención correcta areas usuario:1
20190826 14:58:19 Avance correcto proceso 0
20190826 14:58:29 Obtención correcta areas usuario:1
20190826 14:58:29 Avance correcto proceso 0
20190826 14:58:39 Obtención correcta areas usuario:1
20190826 14:58:39 Avance correcto proceso 0
20190826 14:58:49 Obtención correcta areas usuario:1
20190826 14:58:49 Avance correcto proceso 0
20190826 14:58:59 Obtención correcta areas usuario:1
20190826 14:58:59 Avance correcto proceso 0
20190826 14:59:09 Obtención correcta areas usuario:1
20190826 14:59:09 Avance correcto proceso 0
20190826 14:59:19 Obtención correcta areas usuario:1
20190826 14:59:19 Avance correcto proceso 0
20190826 14:59:29 Obtención correcta areas usuario:1
20190826 14:59:29 Avance correcto proceso 0
20190826 14:59:39 Obtención correcta areas usuario:1
20190826 14:59:39 Avance correcto proceso 0
20190826 14:59:49 Obtención correcta areas usuario:1
20190826 14:59:49 Avance correcto proceso 0
20190826 14:59:59 Obtención correcta areas usuario:1
20190826 14:59:59 Avance correcto proceso 0
20190826 15:00:09 Obtención correcta areas usuario:1
20190826 15:00:09 Avance correcto proceso 0
20190826 15:00:19 Obtención correcta areas usuario:1
20190826 15:00:19 Avance correcto proceso 0
20190826 15:00:29 Obtención correcta areas usuario:1
20190826 15:00:29 Avance correcto proceso 0
20190826 15:00:39 Obtención correcta areas usuario:1
20190826 15:00:39 Avance correcto proceso 0
20190826 15:00:49 Obtención correcta areas usuario:1
20190826 15:00:49 Avance correcto proceso 0
20190826 15:00:59 Obtención correcta areas usuario:1
20190826 15:00:59 Avance correcto proceso 0
20190826 15:01:09 Obtención correcta areas usuario:1
20190826 15:01:09 Avance correcto proceso 0
20190826 15:01:19 Obtención correcta areas usuario:1
20190826 15:01:19 Avance correcto proceso 0
20190826 15:01:29 Obtención correcta areas usuario:1
20190826 15:01:29 Avance correcto proceso 0
20190826 15:01:39 Obtención correcta areas usuario:1
20190826 15:01:39 Avance correcto proceso 0
20190826 15:01:49 Obtención correcta areas usuario:1
20190826 15:01:49 Avance correcto proceso 0
20190826 15:01:59 Obtención correcta areas usuario:1
20190826 15:01:59 Avance correcto proceso 0
20190826 15:02:09 Obtención correcta areas usuario:1
20190826 15:02:09 Avance correcto proceso 0
20190826 15:02:19 Obtención correcta areas usuario:1
20190826 15:02:19 Avance correcto proceso 0
20190826 15:02:29 Obtención correcta areas usuario:1
20190826 15:02:29 Avance correcto proceso 0
20190826 15:02:39 Obtención correcta areas usuario:1
20190826 15:02:39 Avance correcto proceso 0
20190826 15:02:49 Obtención correcta areas usuario:1
20190826 15:02:49 Avance correcto proceso 0
20190826 15:02:59 Obtención correcta areas usuario:1
20190826 15:02:59 Avance correcto proceso 0
20190826 15:03:09 Obtención correcta areas usuario:1
20190826 15:03:09 Avance correcto proceso 0
20190826 15:03:19 Obtención correcta areas usuario:1
20190826 15:03:19 Avance correcto proceso 0
20190826 15:03:29 Obtención correcta areas usuario:1
20190826 15:03:29 Avance correcto proceso 0
20190826 15:03:39 Obtención correcta areas usuario:1
20190826 15:03:39 Avance correcto proceso 0
20190826 15:03:49 Obtención correcta areas usuario:1
20190826 15:03:49 Avance correcto proceso 0
20190826 15:03:59 Obtención correcta areas usuario:1
20190826 15:03:59 Avance correcto proceso 0
20190826 15:04:09 Obtención correcta areas usuario:1
20190826 15:04:09 Avance correcto proceso 0
20190826 15:04:19 Obtención correcta areas usuario:1
20190826 15:04:19 Avance correcto proceso 0
20190826 15:04:29 Obtención correcta areas usuario:1
20190826 15:04:29 Avance correcto proceso 0
20190826 15:04:39 Obtención correcta areas usuario:1
20190826 15:04:39 Avance correcto proceso 0
20190826 15:04:49 Obtención correcta areas usuario:1
20190826 15:04:49 Avance correcto proceso 0
20190826 15:04:59 Obtención correcta areas usuario:1
20190826 15:04:59 Avance correcto proceso 0
20190826 15:05:09 Obtención correcta areas usuario:1
20190826 15:05:09 Avance correcto proceso 0
20190826 15:05:19 Obtención correcta areas usuario:1
20190826 15:05:19 Avance correcto proceso 0
20190826 15:05:29 Obtención correcta areas usuario:1
20190826 15:05:29 Avance correcto proceso 0
20190826 15:05:39 Obtención correcta areas usuario:1
20190826 15:05:39 Avance correcto proceso 0
20190826 15:05:49 Obtención correcta areas usuario:1
20190826 15:05:49 Avance correcto proceso 0
20190826 15:05:59 Obtención correcta areas usuario:1
20190826 15:05:59 Avance correcto proceso 0
20190826 15:06:09 Obtención correcta areas usuario:1
20190826 15:06:09 Avance correcto proceso 0
20190826 15:06:19 Obtención correcta areas usuario:1
20190826 15:06:19 Avance correcto proceso 0
20190826 15:06:29 Obtención correcta areas usuario:1
20190826 15:06:29 Avance correcto proceso 0
20190826 15:06:39 Obtención correcta areas usuario:1
20190826 15:06:39 Avance correcto proceso 0
20190826 15:06:49 Obtención correcta areas usuario:1
20190826 15:06:49 Avance correcto proceso 0
20190826 15:06:59 Obtención correcta areas usuario:1
20190826 15:06:59 Avance correcto proceso 0
20190826 15:07:09 Obtención correcta areas usuario:1
20190826 15:07:09 Avance correcto proceso 0
20190826 15:07:19 Obtención correcta areas usuario:1
20190826 15:07:19 Avance correcto proceso 0
20190826 15:07:29 Obtención correcta areas usuario:1
20190826 15:07:29 Avance correcto proceso 0
20190826 15:07:39 Obtención correcta areas usuario:1
20190826 15:07:39 Avance correcto proceso 0
20190826 15:07:49 Obtención correcta areas usuario:1
20190826 15:07:49 Avance correcto proceso 0
20190826 15:07:59 Obtención correcta areas usuario:1
20190826 15:07:59 Avance correcto proceso 0
20190826 15:08:09 Obtención correcta areas usuario:1
20190826 15:08:09 Avance correcto proceso 0
20190826 15:08:19 Obtención correcta areas usuario:1
20190826 15:08:19 Avance correcto proceso 0
20190826 15:08:29 Obtención correcta areas usuario:1
20190826 15:08:29 Avance correcto proceso 0
20190826 15:08:39 Obtención correcta areas usuario:1
20190826 15:08:39 Avance correcto proceso 0
20190826 15:08:49 Obtención correcta areas usuario:1
20190826 15:08:49 Avance correcto proceso 0
20190826 15:08:59 Obtención correcta areas usuario:1
20190826 15:08:59 Avance correcto proceso 0
20190826 15:09:09 Obtención correcta areas usuario:1
20190826 15:09:09 Avance correcto proceso 0
20190826 15:09:19 Obtención correcta areas usuario:1
20190826 15:09:19 Avance correcto proceso 0
20190826 15:09:29 Obtención correcta areas usuario:1
20190826 15:09:29 Avance correcto proceso 0
20190826 15:09:39 Obtención correcta areas usuario:1
20190826 15:09:39 Avance correcto proceso 0
20190826 15:09:49 Obtención correcta areas usuario:1
20190826 15:09:49 Avance correcto proceso 0
20190826 15:09:59 Obtención correcta areas usuario:1
20190826 15:09:59 Avance correcto proceso 0
20190826 15:10:09 Obtención correcta areas usuario:1
20190826 15:10:09 Avance correcto proceso 0
20190826 15:10:19 Obtención correcta areas usuario:1
20190826 15:10:19 Avance correcto proceso 0
20190826 15:10:29 Obtención correcta areas usuario:1
20190826 15:10:29 Avance correcto proceso 0
20190826 15:10:39 Obtención correcta areas usuario:1
20190826 15:10:39 Avance correcto proceso 0
20190826 15:10:49 Obtención correcta areas usuario:1
20190826 15:10:49 Avance correcto proceso 0
20190826 15:10:59 Obtención correcta areas usuario:1
20190826 15:10:59 Avance correcto proceso 0
20190826 15:11:09 Obtención correcta areas usuario:1
20190826 15:11:09 Avance correcto proceso 0
20190826 15:11:19 Obtención correcta areas usuario:1
20190826 15:11:19 Avance correcto proceso 0
20190826 15:11:29 Obtención correcta areas usuario:1
20190826 15:11:29 Avance correcto proceso 0
20190826 15:11:39 Obtención correcta areas usuario:1
20190826 15:11:39 Avance correcto proceso 0
20190826 15:11:49 Obtención correcta areas usuario:1
20190826 15:11:49 Avance correcto proceso 0
20190826 15:11:59 Obtención correcta areas usuario:1
20190826 15:11:59 Avance correcto proceso 0
20190826 15:12:09 Obtención correcta areas usuario:1
20190826 15:12:09 Avance correcto proceso 0
20190826 15:12:19 Obtención correcta areas usuario:1
20190826 15:12:19 Avance correcto proceso 0
20190826 15:12:29 Obtención correcta areas usuario:1
20190826 15:12:29 Avance correcto proceso 0
20190826 15:12:39 Obtención correcta areas usuario:1
20190826 15:12:39 Avance correcto proceso 0
20190826 15:12:49 Obtención correcta areas usuario:1
20190826 15:12:49 Avance correcto proceso 0
20190826 15:12:59 Obtención correcta areas usuario:1
20190826 15:12:59 Avance correcto proceso 0
20190826 15:13:09 Obtención correcta areas usuario:1
20190826 15:13:09 Avance correcto proceso 0
20190826 15:13:19 Obtención correcta areas usuario:1
20190826 15:13:19 Avance correcto proceso 0
20190826 15:13:29 Obtención correcta areas usuario:1
20190826 15:13:29 Avance correcto proceso 0
20190826 15:13:39 Obtención correcta areas usuario:1
20190826 15:13:39 Avance correcto proceso 0
20190826 15:13:49 Obtención correcta areas usuario:1
20190826 15:13:49 Avance correcto proceso 0
20190826 15:13:59 Obtención correcta areas usuario:1
20190826 15:13:59 Avance correcto proceso 0
20190826 15:14:09 Obtención correcta areas usuario:1
20190826 15:14:09 Avance correcto proceso 0
20190826 15:14:19 Obtención correcta areas usuario:1
20190826 15:14:19 Avance correcto proceso 0
20190826 15:14:29 Obtención correcta areas usuario:1
20190826 15:14:29 Avance correcto proceso 0
20190826 15:14:39 Obtención correcta areas usuario:1
20190826 15:14:39 Avance correcto proceso 0
20190826 15:14:49 Obtención correcta areas usuario:1
20190826 15:14:49 Avance correcto proceso 0
20190826 15:14:59 Obtención correcta areas usuario:1
20190826 15:14:59 Avance correcto proceso 0
20190826 15:15:09 Obtención correcta areas usuario:1
20190826 15:15:09 Avance correcto proceso 0
20190826 15:15:19 Obtención correcta areas usuario:1
20190826 15:15:19 Avance correcto proceso 0
20190826 15:15:29 Obtención correcta areas usuario:1
20190826 15:15:29 Avance correcto proceso 0
20190826 15:15:39 Obtención correcta areas usuario:1
20190826 15:15:39 Avance correcto proceso 0
20190826 15:15:49 Obtención correcta areas usuario:1
20190826 15:15:49 Avance correcto proceso 0
20190826 15:15:59 Obtención correcta areas usuario:1
20190826 15:15:59 Avance correcto proceso 0
20190826 15:16:09 Obtención correcta areas usuario:1
20190826 15:16:09 Avance correcto proceso 0
20190826 15:16:19 Obtención correcta areas usuario:1
20190826 15:16:19 Avance correcto proceso 0
20190826 15:16:29 Obtención correcta areas usuario:1
20190826 15:16:29 Avance correcto proceso 0
20190826 15:16:39 Obtención correcta areas usuario:1
20190826 15:16:39 Avance correcto proceso 0
20190826 15:16:49 Obtención correcta areas usuario:1
20190826 15:16:49 Avance correcto proceso 0
20190826 15:16:59 Obtención correcta areas usuario:1
20190826 15:16:59 Avance correcto proceso 0
20190826 15:17:09 Obtención correcta areas usuario:1
20190826 15:17:09 Avance correcto proceso 0
20190826 15:17:19 Obtención correcta areas usuario:1
20190826 15:17:19 Avance correcto proceso 0
20190826 15:17:29 Obtención correcta areas usuario:1
20190826 15:17:29 Avance correcto proceso 0
20190826 15:17:39 Obtención correcta areas usuario:1
20190826 15:17:39 Avance correcto proceso 0
20190826 15:17:49 Obtención correcta areas usuario:1
20190826 15:17:49 Avance correcto proceso 0
20190826 15:17:59 Obtención correcta areas usuario:1
20190826 15:17:59 Avance correcto proceso 0
20190826 15:18:09 Obtención correcta areas usuario:1
20190826 15:18:09 Avance correcto proceso 0
20190826 15:18:19 Obtención correcta areas usuario:1
20190826 15:18:19 Avance correcto proceso 0
20190826 15:18:29 Obtención correcta areas usuario:1
20190826 15:18:29 Avance correcto proceso 0
20190826 15:18:39 Obtención correcta areas usuario:1
20190826 15:18:39 Avance correcto proceso 0
20190826 15:18:49 Obtención correcta areas usuario:1
20190826 15:18:49 Avance correcto proceso 0
20190826 15:21:30 Acceso correcto usuario Usuario
20190826 15:21:30 Obtención correcta areas usuario:1
20190826 15:21:30 Avance correcto proceso 0
20190826 15:22:44 Obtención correcta aplicaciones usuario:1 area 14
20190826 15:23:04 actualizaStatus.UploadComplete Cannot apply indexing with [] to an expression of type 'System.Dynamic.DynamicObject'
20190826 15:23:04 Obtención correcta areas usuario:1
20190826 15:23:04 Avance correcto proceso 0
20190826 15:23:13 Obtención correcta areas usuario:1
20190826 15:23:13 Avance correcto proceso 0
20190826 15:23:23 Obtención correcta areas usuario:1
20190826 15:23:23 Avance correcto proceso 0
20190826 15:23:33 Obtención correcta areas usuario:1
20190826 15:23:33 Avance correcto proceso 0
20190826 15:23:43 Obtención correcta areas usuario:1
20190826 15:23:43 Avance correcto proceso 0
20190826 15:23:53 Obtención correcta areas usuario:1
20190826 15:23:53 Avance correcto proceso 0
20190826 15:24:03 Obtención correcta areas usuario:1
20190826 15:24:03 Avance correcto proceso 0
20190826 15:24:13 Obtención correcta areas usuario:1
20190826 15:24:13 Avance correcto proceso 0
20190826 15:24:23 Obtención correcta areas usuario:1
20190826 15:24:23 Avance correcto proceso 0
20190826 15:24:33 Obtención correcta areas usuario:1
20190826 15:24:33 Avance correcto proceso 0
20190826 15:24:43 Obtención correcta areas usuario:1
20190826 15:24:43 Avance correcto proceso 0
20190826 15:24:53 Obtención correcta areas usuario:1
20190826 15:24:53 Avance correcto proceso 0
20190826 15:25:03 Obtención correcta areas usuario:1
20190826 15:25:03 Avance correcto proceso 0
20190826 15:25:13 Obtención correcta areas usuario:1
20190826 15:25:13 Avance correcto proceso 0
20190826 15:25:23 Obtención correcta areas usuario:1
20190826 15:25:23 Avance correcto proceso 0
20190826 15:25:33 Obtención correcta areas usuario:1
20190826 15:25:33 Avance correcto proceso 0
20190826 15:25:43 Obtención correcta areas usuario:1
20190826 15:25:43 Avance correcto proceso 0
20190826 15:25:53 Obtención correcta areas usuario:1
20190826 15:25:53 Avance correcto proceso 0
20190826 15:26:03 Obtención correcta areas usuario:1
20190826 15:26:03 Avance correcto proceso 0
20190826 15:26:13 Obtención correcta areas usuario:1
20190826 15:26:13 Avance correcto proceso 0
20190826 15:26:23 Obtención correcta areas usuario:1
20190826 15:26:23 Avance correcto proceso 0
20190826 15:26:33 Obtención correcta areas usuario:1
20190826 15:26:33 Avance correcto proceso 0
20190826 15:26:43 Obtención correcta areas usuario:1
20190826 15:26:43 Avance correcto proceso 0
20190826 15:26:53 Obtención correcta areas usuario:1
20190826 15:26:53 Avance correcto proceso 0
20190826 15:27:03 Obtención correcta areas usuario:1
20190826 15:27:03 Avance correcto proceso 0
20190826 15:27:13 Obtención correcta areas usuario:1
20190826 15:27:13 Avance correcto proceso 0
20190826 15:27:23 Obtención correcta areas usuario:1
20190826 15:27:23 Avance correcto proceso 0
20190826 15:27:33 Obtención correcta areas usuario:1
20190826 15:27:33 Avance correcto proceso 0
20190826 15:27:43 Obtención correcta areas usuario:1
20190826 15:27:43 Avance correcto proceso 0
20190826 15:27:53 Obtención correcta areas usuario:1
20190826 15:27:53 Avance correcto proceso 0
20190826 15:28:03 Obtención correcta areas usuario:1
20190826 15:28:03 Avance correcto proceso 0
20190826 15:28:13 Obtención correcta areas usuario:1
20190826 15:28:13 Avance correcto proceso 0
20190826 15:28:23 Obtención correcta areas usuario:1
20190826 15:28:23 Avance correcto proceso 0
20190826 15:28:33 Obtención correcta areas usuario:1
20190826 15:28:33 Avance correcto proceso 0
20190826 15:28:43 Obtención correcta areas usuario:1
20190826 15:28:43 Avance correcto proceso 0
20190826 15:28:53 Obtención correcta areas usuario:1
20190826 15:28:53 Avance correcto proceso 0
20190826 15:29:03 Obtención correcta areas usuario:1
20190826 15:29:03 Avance correcto proceso 0
20190826 15:29:13 Obtención correcta areas usuario:1
20190826 15:29:13 Avance correcto proceso 0
20190826 15:29:23 Obtención correcta areas usuario:1
20190826 15:29:23 Avance correcto proceso 0
20190826 15:29:33 Obtención correcta areas usuario:1
20190826 15:29:33 Avance correcto proceso 0
20190826 15:29:43 Obtención correcta areas usuario:1
20190826 15:29:43 Avance correcto proceso 0
20190826 15:29:53 Obtención correcta areas usuario:1
20190826 15:29:53 Avance correcto proceso 0
20190826 15:30:03 Obtención correcta areas usuario:1
20190826 15:30:03 Avance correcto proceso 0
20190826 15:30:13 Obtención correcta areas usuario:1
20190826 15:30:13 Avance correcto proceso 0
20190826 15:30:23 Obtención correcta areas usuario:1
20190826 15:30:23 Avance correcto proceso 0
20190826 15:30:33 Obtención correcta areas usuario:1
20190826 15:30:33 Avance correcto proceso 0
20190826 15:30:43 Obtención correcta areas usuario:1
20190826 15:30:43 Avance correcto proceso 0
20190826 15:30:53 Obtención correcta areas usuario:1
20190826 15:30:53 Avance correcto proceso 0
20190826 15:31:03 Obtención correcta areas usuario:1
20190826 15:31:03 Avance correcto proceso 0
20190826 15:31:13 Obtención correcta areas usuario:1
20190826 15:31:13 Avance correcto proceso 0
20190826 15:31:23 Obtención correcta areas usuario:1
20190826 15:31:23 Avance correcto proceso 0
20190826 15:31:33 Obtención correcta areas usuario:1
20190826 15:31:33 Avance correcto proceso 0
20190826 15:31:43 Obtención correcta areas usuario:1
20190826 15:31:43 Avance correcto proceso 0
20190826 15:31:53 Obtención correcta areas usuario:1
20190826 15:31:53 Avance correcto proceso 0
20190826 15:32:03 Obtención correcta areas usuario:1
20190826 15:32:03 Avance correcto proceso 0
20190826 15:32:13 Obtención correcta areas usuario:1
20190826 15:32:13 Avance correcto proceso 0
20190826 15:32:23 Obtención correcta areas usuario:1
20190826 15:32:23 Avance correcto proceso 0
20190826 15:32:33 Obtención correcta areas usuario:1
20190826 15:32:33 Avance correcto proceso 0
20190826 15:32:43 Obtención correcta areas usuario:1
20190826 15:32:43 Avance correcto proceso 0
20190826 15:32:53 Obtención correcta areas usuario:1
20190826 15:32:53 Avance correcto proceso 0
20190826 15:33:03 Obtención correcta areas usuario:1
20190826 15:33:03 Avance correcto proceso 0
20190826 15:33:13 Obtención correcta areas usuario:1
20190826 15:33:13 Avance correcto proceso 0
20190826 15:33:23 Obtención correcta areas usuario:1
20190826 15:33:23 Avance correcto proceso 0
20190826 15:33:33 Obtención correcta areas usuario:1
20190826 15:33:33 Avance correcto proceso 0
20190826 15:33:43 Obtención correcta areas usuario:1
20190826 15:33:43 Avance correcto proceso 0
20190826 15:33:53 Obtención correcta areas usuario:1
20190826 15:33:53 Avance correcto proceso 0
20190826 15:34:03 Obtención correcta areas usuario:1
20190826 15:34:03 Avance correcto proceso 0
20190826 15:34:13 Obtención correcta areas usuario:1
20190826 15:34:13 Avance correcto proceso 0
20190826 15:34:23 Obtención correcta areas usuario:1
20190826 15:34:23 Avance correcto proceso 0
20190826 15:34:33 Obtención correcta areas usuario:1
20190826 15:34:33 Avance correcto proceso 0
20190826 15:34:43 Obtención correcta areas usuario:1
20190826 15:34:43 Avance correcto proceso 0
20190826 15:34:53 Obtención correcta areas usuario:1
20190826 15:34:53 Avance correcto proceso 0
20190826 15:35:03 Obtención correcta areas usuario:1
20190826 15:35:03 Avance correcto proceso 0
20190826 15:35:13 Obtención correcta areas usuario:1
20190826 15:35:13 Avance correcto proceso 0
20190826 15:35:23 Obtención correcta areas usuario:1
20190826 15:35:23 Avance correcto proceso 0
20190826 15:35:33 Obtención correcta areas usuario:1
20190826 15:35:33 Avance correcto proceso 0
20190826 15:35:43 Obtención correcta areas usuario:1
20190826 15:35:43 Avance correcto proceso 0
20190826 15:35:53 Obtención correcta areas usuario:1
20190826 15:35:54 Avance correcto proceso 0
20190826 15:36:03 Obtención correcta areas usuario:1
20190826 15:36:03 Avance correcto proceso 0
20190826 15:36:13 Obtención correcta areas usuario:1
20190826 15:36:13 Avance correcto proceso 0
20190826 15:36:23 Obtención correcta areas usuario:1
20190826 15:36:23 Avance correcto proceso 0
20190826 15:36:33 Obtención correcta areas usuario:1
20190826 15:36:33 Avance correcto proceso 0
20190826 15:36:43 Obtención correcta areas usuario:1
20190826 15:36:43 Avance correcto proceso 0
20190826 15:36:53 Obtención correcta areas usuario:1
20190826 15:36:54 Avance correcto proceso 0
20190826 15:37:03 Obtención correcta areas usuario:1
20190826 15:37:04 Avance correcto proceso 0
20190826 15:37:13 Obtención correcta areas usuario:1
20190826 15:37:13 Avance correcto proceso 0
20190826 15:37:23 Obtención correcta areas usuario:1
20190826 15:37:24 Avance correcto proceso 0
20190826 15:37:34 Obtención correcta areas usuario:1
20190826 15:37:34 Avance correcto proceso 0
20190826 15:37:43 Obtención correcta areas usuario:1
20190826 15:37:44 Avance correcto proceso 0
20190826 15:37:54 Obtención correcta areas usuario:1
20190826 15:37:54 Avance correcto proceso 0
20190826 15:38:04 Obtención correcta areas usuario:1
20190826 15:38:04 Avance correcto proceso 0
20190826 15:38:14 Obtención correcta areas usuario:1
20190826 15:38:14 Avance correcto proceso 0
20190826 15:38:24 Obtención correcta areas usuario:1
20190826 15:38:24 Avance correcto proceso 0
20190826 15:38:34 Obtención correcta areas usuario:1
20190826 15:38:34 Avance correcto proceso 0
20190826 15:38:44 Obtención correcta areas usuario:1
20190826 15:38:44 Avance correcto proceso 0
20190826 15:38:54 Obtención correcta areas usuario:1
20190826 15:38:54 Avance correcto proceso 0
20190826 15:39:04 Obtención correcta areas usuario:1
20190826 15:39:04 Avance correcto proceso 0
20190826 15:39:14 Obtención correcta areas usuario:1
20190826 15:39:14 Avance correcto proceso 0
20190826 15:39:24 Obtención correcta areas usuario:1
20190826 15:39:24 Avance correcto proceso 0
20190826 15:39:34 Obtención correcta areas usuario:1
20190826 15:39:34 Avance correcto proceso 0
20190826 15:39:44 Obtención correcta areas usuario:1
20190826 15:39:44 Avance correcto proceso 0
20190826 15:39:54 Obtención correcta areas usuario:1
20190826 15:39:54 Avance correcto proceso 0
20190826 15:40:04 Obtención correcta areas usuario:1
20190826 15:40:04 Avance correcto proceso 0
20190826 15:40:14 Obtención correcta areas usuario:1
20190826 15:40:14 Avance correcto proceso 0
20190826 15:40:24 Obtención correcta areas usuario:1
20190826 15:40:24 Avance correcto proceso 0
20190826 15:40:34 Obtención correcta areas usuario:1
20190826 15:40:34 Avance correcto proceso 0
20190826 15:40:44 Obtención correcta areas usuario:1
20190826 15:40:44 Avance correcto proceso 0
20190826 15:40:54 Obtención correcta areas usuario:1
20190826 15:40:54 Avance correcto proceso 0
20190826 15:41:04 Obtención correcta areas usuario:1
20190826 15:41:04 Avance correcto proceso 0
20190826 15:41:14 Obtención correcta areas usuario:1
20190826 15:41:14 Avance correcto proceso 0
20190826 15:41:24 Obtención correcta areas usuario:1
20190826 15:41:24 Avance correcto proceso 0
20190826 15:41:34 Obtención correcta areas usuario:1
20190826 15:41:34 Avance correcto proceso 0
20190826 15:41:44 Obtención correcta areas usuario:1
20190826 15:41:44 Avance correcto proceso 0
20190826 15:41:54 Obtención correcta areas usuario:1
20190826 15:41:54 Avance correcto proceso 0
20190826 15:42:04 Obtención correcta areas usuario:1
20190826 15:42:04 Avance correcto proceso 0
20190826 15:42:14 Obtención correcta areas usuario:1
20190826 15:42:14 Avance correcto proceso 0
20190826 15:42:24 Obtención correcta areas usuario:1
20190826 15:42:24 Avance correcto proceso 0
20190826 15:42:34 Obtención correcta areas usuario:1
20190826 15:42:34 Avance correcto proceso 0
20190826 15:42:44 Obtención correcta areas usuario:1
20190826 15:42:44 Avance correcto proceso 0
20190826 15:42:54 Obtención correcta areas usuario:1
20190826 15:42:54 Avance correcto proceso 0
20190826 15:43:04 Obtención correcta areas usuario:1
20190826 15:43:04 Avance correcto proceso 0
20190826 15:43:14 Obtención correcta areas usuario:1
20190826 15:43:14 Avance correcto proceso 0
20190826 15:43:24 Obtención correcta areas usuario:1
20190826 15:43:24 Avance correcto proceso 0
20190826 15:43:34 Obtención correcta areas usuario:1
20190826 15:43:34 Avance correcto proceso 0
20190826 15:43:44 Obtención correcta areas usuario:1
20190826 15:43:44 Avance correcto proceso 0
20190826 15:43:54 Obtención correcta areas usuario:1
20190826 15:43:54 Avance correcto proceso 0
20190826 15:44:04 Obtención correcta areas usuario:1
20190826 15:44:04 Avance correcto proceso 0
20190826 15:44:14 Obtención correcta areas usuario:1
20190826 15:44:14 Avance correcto proceso 0
20190826 15:44:24 Obtención correcta areas usuario:1
20190826 15:44:24 Avance correcto proceso 0
20190826 15:44:34 Obtención correcta areas usuario:1
20190826 15:44:34 Avance correcto proceso 0
20190826 15:44:44 Obtención correcta areas usuario:1
20190826 15:44:44 Avance correcto proceso 0
20190826 15:44:54 Obtención correcta areas usuario:1
20190826 15:44:54 Avance correcto proceso 0
20190826 15:45:04 Obtención correcta areas usuario:1
20190826 15:45:04 Avance correcto proceso 0
20190826 15:45:14 Obtención correcta areas usuario:1
20190826 15:45:14 Avance correcto proceso 0
20190826 15:45:24 Obtención correcta areas usuario:1
20190826 15:45:24 Avance correcto proceso 0
20190826 15:45:34 Obtención correcta areas usuario:1
20190826 15:45:34 Avance correcto proceso 0
20190826 15:45:44 Obtención correcta areas usuario:1
20190826 15:45:44 Avance correcto proceso 0
20190826 15:45:54 Obtención correcta areas usuario:1
20190826 15:45:54 Avance correcto proceso 0
20190826 15:46:04 Obtención correcta areas usuario:1
20190826 15:46:04 Avance correcto proceso 0
20190826 15:46:14 Obtención correcta areas usuario:1
20190826 15:46:14 Avance correcto proceso 0
20190826 15:46:24 Obtención correcta areas usuario:1
20190826 15:46:24 Avance correcto proceso 0
20190826 15:46:34 Obtención correcta areas usuario:1
20190826 15:46:34 Avance correcto proceso 0
20190826 15:46:44 Obtención correcta areas usuario:1
20190826 15:46:44 Avance correcto proceso 0
20190826 15:46:54 Obtención correcta areas usuario:1
20190826 15:46:54 Avance correcto proceso 0
20190826 15:47:04 Obtención correcta areas usuario:1
20190826 15:47:04 Avance correcto proceso 0
20190826 15:47:14 Obtención correcta areas usuario:1
20190826 15:47:14 Avance correcto proceso 0
20190826 15:47:24 Obtención correcta areas usuario:1
20190826 15:47:24 Avance correcto proceso 0
20190826 15:47:34 Obtención correcta areas usuario:1
20190826 15:47:34 Avance correcto proceso 0
20190826 15:47:44 Obtención correcta areas usuario:1
20190826 15:47:44 Avance correcto proceso 0
20190826 15:47:54 Obtención correcta areas usuario:1
20190826 15:47:54 Avance correcto proceso 0
20190826 15:48:04 Obtención correcta areas usuario:1
20190826 15:48:04 Avance correcto proceso 0
20190826 15:48:14 Obtención correcta areas usuario:1
20190826 15:48:14 Avance correcto proceso 0
20190826 15:48:24 Obtención correcta areas usuario:1
20190826 15:48:24 Avance correcto proceso 0
20190826 15:48:34 Obtención correcta areas usuario:1
20190826 15:48:34 Avance correcto proceso 0
20190826 15:48:44 Obtención correcta areas usuario:1
20190826 15:48:44 Avance correcto proceso 0
20190826 15:48:54 Obtención correcta areas usuario:1
20190826 15:48:54 Avance correcto proceso 0
20190826 15:49:04 Obtención correcta areas usuario:1
20190826 15:49:04 Avance correcto proceso 0
20190826 15:49:14 Obtención correcta areas usuario:1
20190826 15:49:14 Avance correcto proceso 0
20190826 15:49:24 Obtención correcta areas usuario:1
20190826 15:49:24 Avance correcto proceso 0
20190826 15:49:34 Obtención correcta areas usuario:1
20190826 15:49:34 Avance correcto proceso 0
20190826 15:49:44 Obtención correcta areas usuario:1
20190826 15:49:44 Avance correcto proceso 0
20190826 15:49:54 Obtención correcta areas usuario:1
20190826 15:49:54 Avance correcto proceso 0
20190826 15:50:04 Obtención correcta areas usuario:1
20190826 15:50:04 Avance correcto proceso 0
20190826 15:50:14 Obtención correcta areas usuario:1
20190826 15:50:14 Avance correcto proceso 0
20190826 15:50:24 Obtención correcta areas usuario:1
20190826 15:50:24 Avance correcto proceso 0
20190826 15:50:34 Obtención correcta areas usuario:1
20190826 15:50:34 Avance correcto proceso 0
20190826 15:50:44 Obtención correcta areas usuario:1
20190826 15:50:44 Avance correcto proceso 0
20190826 15:50:54 Obtención correcta areas usuario:1
20190826 15:50:54 Avance correcto proceso 0
20190826 15:51:04 Obtención correcta areas usuario:1
20190826 15:51:04 Avance correcto proceso 0
20190826 15:51:14 Obtención correcta areas usuario:1
20190826 15:51:14 Avance correcto proceso 0
20190826 15:51:24 Obtención correcta areas usuario:1
20190826 15:51:24 Avance correcto proceso 0
20190826 15:51:34 Obtención correcta areas usuario:1
20190826 15:51:34 Avance correcto proceso 0
20190826 15:51:44 Obtención correcta areas usuario:1
20190826 15:51:44 Avance correcto proceso 0
20190826 15:51:54 Obtención correcta areas usuario:1
20190826 15:51:54 Avance correcto proceso 0
20190826 15:52:04 Obtención correcta areas usuario:1
20190826 15:52:04 Avance correcto proceso 0
20190826 15:52:30 Obtención correcta areas usuario:1
20190826 15:52:30 Avance correcto proceso 0
20190826 15:52:31 Obtención correcta areas usuario:1
20190826 15:52:31 Avance correcto proceso 0
20190826 16:07:26 Obtención correcta areas usuario:1
20190826 16:07:26 Avance correcto proceso 0
20190826 16:07:26 Obtención correcta areas usuario:1
20190826 16:07:26 Consulta correcta aplicacion 0
20190826 16:07:34 Obtención correcta areas usuario:1
20190826 16:07:34 Avance correcto proceso 0
20190826 16:07:34 Obtención correcta areas usuario:1
20190826 16:07:34 Avance correcto proceso 0
20190826 16:07:34 Obtención correcta areas usuario:1
20190826 16:07:34 Avance correcto proceso 0
20190826 16:07:34 Obtención correcta areas usuario:1
20190826 16:07:34 Avance correcto proceso 0
20190826 16:07:35 Obtención correcta areas usuario:1
20190826 16:07:35 Avance correcto proceso 0
20190826 16:07:35 Obtención correcta areas usuario:1
20190826 16:07:35 Avance correcto proceso 0
20190826 16:10:04 Consulta de Proceso correcta
